{"numTotalTestSuites":214,"numPassedTestSuites":214,"numFailedTestSuites":0,"numPendingTestSuites":0,"numTotalTests":877,"numPassedTests":877,"numFailedTests":0,"numPendingTests":0,"numTodoTests":0,"snapshot":{"added":0,"failure":false,"filesAdded":0,"filesRemoved":0,"filesRemovedList":[],"filesUnmatched":0,"filesUpdated":0,"matched":0,"total":0,"unchecked":0,"uncheckedKeysByFile":[],"unmatched":0,"updated":0,"didUpdate":false},"startTime":1783497763972,"success":true,"testResults":[{"assertionResults":[{"ancestorTitles":["stub-pack docs import-closure guard (#508)"],"fullName":"stub-pack docs import-closure guard (#508) passes on createIsolatedInterposerPack effective pack","status":"passed","title":"passes on createIsolatedInterposerPack effective pack","duration":99.295324,"failureMessages":[],"meta":{}},{"ancestorTitles":["stub-pack docs import-closure guard (#508)"],"fullName":"stub-pack docs import-closure guard (#508) passes on withAoSpawnProbeStub composed effective pack","status":"passed","title":"passes on withAoSpawnProbeStub composed effective pack","duration":238.82325999999995,"failureMessages":[],"meta":{}},{"ancestorTitles":["stub-pack docs import-closure guard (#508)"],"fullName":"stub-pack docs import-closure guard (#508) fails with (fixture site, module, missingDep) for synthetic missing sibling import","status":"passed","title":"fails with (fixture site, module, missingDep) for synthetic missing sibling import","duration":67.43859300000008,"failureMessages":[],"meta":{}},{"ancestorTitles":["stub-pack docs import-closure guard (#508)"],"fullName":"stub-pack docs import-closure guard (#508) times out cleanly for a non-import-safe module without hanging the vitest worker","status":"passed","title":"times out cleanly for a non-import-safe module without hanging the vitest worker","duration":528.9162299999999,"failureMessages":[],"meta":{}},{"ancestorTitles":["stub-pack docs import-closure guard (#508)"],"fullName":"stub-pack docs import-closure guard (#508) uses distinct fixture site labels for both entrypoints","status":"passed","title":"uses distinct fixture site labels for both entrypoints","duration":0.5259989999999561,"failureMessages":[],"meta":{}}],"startTime":1783497948787,"endTime":1783497949722.526,"status":"passed","message":"","name":"/home/che/.ao/data/worktrees/orchestrator-pack/orchestrator-pack-43/scripts/_test-stub-pack-import-closure.test.ts"},{"assertionResults":[{"ancestorTitles":["AO 0.10 review trigger API (Issue #623)"],"fullName":"AO 0.10 review trigger API (Issue #623) buildReviewTriggerInvocation binds POST /reviews/trigger","status":"passed","title":"buildReviewTriggerInvocation binds POST /reviews/trigger","duration":1.3893600000000106,"failureMessages":[],"meta":{}},{"ancestorTitles":["AO 0.10 review trigger API (Issue #623)"],"fullName":"AO 0.10 review trigger API (Issue #623) buildReviewRunArgv delegates to ao-review shim argv","status":"passed","title":"buildReviewRunArgv delegates to ao-review shim argv","duration":0.3072750000000042,"failureMessages":[],"meta":{}},{"ancestorTitles":["AO 0.10 review trigger API (Issue #623)"],"fullName":"AO 0.10 review trigger API (Issue #623) classifies trigger 201/200 capture payloads","status":"passed","title":"classifies trigger 201/200 capture payloads","duration":0.7941749999999956,"failureMessages":[],"meta":{}},{"ancestorTitles":["AO 0.10 review trigger API (Issue #623)"],"fullName":"AO 0.10 review trigger API (Issue #623) flattens session reviews list into legacy run rows","status":"passed","title":"flattens session reviews list into legacy run rows","duration":0.967378999999994,"failureMessages":[],"meta":{}},{"ancestorTitles":["AO 0.10 review trigger API (Issue #623)"],"fullName":"AO 0.10 review trigger API (Issue #623) project config harness evaluation matches codex incumbent","status":"passed","title":"project config harness evaluation matches codex incumbent","duration":0.18907600000000002,"failureMessages":[],"meta":{}},{"ancestorTitles":["AO 0.10 review trigger API (Issue #623)"],"fullName":"AO 0.10 review trigger API (Issue #623) forbids legacy ao review run in mechanical guards","status":"passed","title":"forbids legacy ao review run in mechanical guards","duration":5.951142000000004,"failureMessages":[],"meta":{}},{"ancestorTitles":["AO 0.10 review trigger API (Issue #623)"],"fullName":"AO 0.10 review trigger API (Issue #623) review-before-cleanup gate blocks running latestRun for current head","status":"passed","title":"review-before-cleanup gate blocks running latestRun for current head","duration":0.45863800000000765,"failureMessages":[],"meta":{}},{"ancestorTitles":["AO 0.10 review trigger API (Issue #623)"],"fullName":"AO 0.10 review trigger API (Issue #623) ao-review shim replays trigger capture (fixture mode)","status":"passed","title":"ao-review shim replays trigger capture (fixture mode)","duration":1755.79479,"failureMessages":[],"meta":{}},{"ancestorTitles":["AO 0.10 review trigger API (Issue #623)"],"fullName":"AO 0.10 review trigger API (Issue #623) ao-review send exits REMOVED without silent success","status":"passed","title":"ao-review send exits REMOVED without silent success","duration":1523.12959,"failureMessages":[],"meta":{}},{"ancestorTitles":["AO 0.10 review trigger API (Issue #623)"],"fullName":"AO 0.10 review trigger API (Issue #623) wake/reconcile/reeval entry scripts call Invoke-AoReviewTriggerForWorker not ao review run","status":"passed","title":"wake/reconcile/reeval entry scripts call Invoke-AoReviewTriggerForWorker not ao review run","duration":0.9836840000002667,"failureMessages":[],"meta":{}},{"ancestorTitles":["AO 0.10 review trigger API (Issue #623)"],"fullName":"AO 0.10 review trigger API (Issue #623) worker recovery enforces review-before-cleanup gate before worktree remove","status":"passed","title":"worker recovery enforces review-before-cleanup gate before worktree remove","duration":0.30670899999995527,"failureMessages":[],"meta":{}},{"ancestorTitles":["AO 0.10 review trigger API (Issue #623)"],"fullName":"AO 0.10 review trigger API (Issue #623) Invoke-AoReviewApi uses SkipHttpErrorCheck on PowerShell 7+ for allowed-status handling","status":"passed","title":"Invoke-AoReviewApi uses SkipHttpErrorCheck on PowerShell 7+ for allowed-status handling","duration":0.22219099999983882,"failureMessages":[],"meta":{}},{"ancestorTitles":["AO 0.10 review trigger API (Issue #623)"],"fullName":"AO 0.10 review trigger API (Issue #623) Invoke-AoReviewTriggerForWorker classifies HTTP 422 fixture as review_trigger_invalid","status":"passed","title":"Invoke-AoReviewTriggerForWorker classifies HTTP 422 fixture as review_trigger_invalid","duration":1935.596931,"failureMessages":[],"meta":{}},{"ancestorTitles":["AO 0.10 review trigger API (Issue #623)"],"fullName":"AO 0.10 review trigger API (Issue #623) Read-AoHttpResponseBodyText reads HttpResponseMessage bodies on PowerShell 7","status":"passed","title":"Read-AoHttpResponseBodyText reads HttpResponseMessage bodies on PowerShell 7","duration":1034.831228,"failureMessages":[],"meta":{}},{"ancestorTitles":["AO 0.10 review trigger API (Issue #623)"],"fullName":"AO 0.10 review trigger API (Issue #623) Get-AoReviewRunsFromWorkerSessions fails closed when all session review fetches fail","status":"passed","title":"Get-AoReviewRunsFromWorkerSessions fails closed when all session review fetches fail","duration":1182.0339520000007,"failureMessages":[],"meta":{}},{"ancestorTitles":["AO 0.10 review trigger API (Issue #623)"],"fullName":"AO 0.10 review trigger API (Issue #623) Get-AoReviewRunsFromWorkerSessions returns partial runs when some session fetches succeed","status":"passed","title":"Get-AoReviewRunsFromWorkerSessions returns partial runs when some session fetches succeed","duration":2097.065694000001,"failureMessages":[],"meta":{}},{"ancestorTitles":["AO 0.10 review trigger API (Issue #623)"],"fullName":"AO 0.10 review trigger API (Issue #623) Get-AoReviewRunsFromWorkerSessions returns empty array when no worker sessions exist","status":"passed","title":"Get-AoReviewRunsFromWorkerSessions returns empty array when no worker sessions exist","duration":1152.6298480000005,"failureMessages":[],"meta":{}}],"startTime":1783497879013,"endTime":1783497889707.63,"status":"passed","message":"","name":"/home/che/.ao/data/worktrees/orchestrator-pack/orchestrator-pack-43/scripts/ao-0-10-review-trigger.test.ts"},{"assertionResults":[{"ancestorTitles":["Invoke-AoCliJson AO 0.10 session adapter (Issue #619)"],"fullName":"Invoke-AoCliJson AO 0.10 session adapter (Issue #619) merges worker and orchestrator rows from capture payloads","status":"passed","title":"merges worker and orchestrator rows from capture payloads","duration":1463.017136,"failureMessages":[],"meta":{}},{"ancestorTitles":["Invoke-AoCliJson AO 0.10 session adapter (Issue #619)"],"fullName":"Invoke-AoCliJson AO 0.10 session adapter (Issue #619) includes terminated orchestrator rows in terminated-inclusive merge","status":"passed","title":"includes terminated orchestrator rows in terminated-inclusive merge","duration":1067.613076,"failureMessages":[],"meta":{}},{"ancestorTitles":["Invoke-AoCliJson AO 0.10 session adapter (Issue #619)"],"fullName":"Invoke-AoCliJson AO 0.10 session adapter (Issue #619) fails loud on duplicate ids across worker and orchestrator lists","status":"passed","title":"fails loud on duplicate ids across worker and orchestrator lists","duration":1004.6211250000001,"failureMessages":[],"meta":{}},{"ancestorTitles":["Invoke-AoCliJson AO 0.10 session adapter (Issue #619)"],"fullName":"Invoke-AoCliJson AO 0.10 session adapter (Issue #619) fails loud on malformed rows missing id","status":"passed","title":"fails loud on malformed rows missing id","duration":1229.541765,"failureMessages":[],"meta":{}},{"ancestorTitles":["Invoke-AoCliJson AO 0.10 session adapter (Issue #619)"],"fullName":"Invoke-AoCliJson AO 0.10 session adapter (Issue #619) throws classified error for report-surface entry points","status":"passed","title":"throws classified error for report-surface entry points","duration":1409.3254660000002,"failureMessages":[],"meta":{}},{"ancestorTitles":["Invoke-AoCliJson AO 0.10 session adapter (Issue #619)"],"fullName":"Invoke-AoCliJson AO 0.10 session adapter (Issue #619) session-get capture forbids reports field","status":"passed","title":"session-get capture forbids reports field","duration":0.2881149999993795,"failureMessages":[],"meta":{}},{"ancestorTitles":["Invoke-AoCliJson AO 0.10 session adapter (Issue #619)"],"fullName":"Invoke-AoCliJson AO 0.10 session adapter (Issue #619) does not resolve terminated-only orchestrator rows as active session","status":"passed","title":"does not resolve terminated-only orchestrator rows as active session","duration":1079.1338649999998,"failureMessages":[],"meta":{}},{"ancestorTitles":["Invoke-AoCliJson report-full readers (Issue #611)"],"fullName":"Invoke-AoCliJson report-full readers (Issue #611) Get-AoStatusSessionsWithReports decorates fixture report-full payload","status":"passed","title":"Get-AoStatusSessionsWithReports decorates fixture report-full payload","duration":921.2819710000003,"failureMessages":[],"meta":{}}],"startTime":1783497939931,"endTime":1783497947219.282,"status":"passed","message":"","name":"/home/che/.ao/data/worktrees/orchestrator-pack/orchestrator-pack-43/scripts/ao-session-adapter.test.ts"},{"assertionResults":[{"ancestorTitles":["validateRunnableSpawnCommand"],"fullName":"validateRunnableSpawnCommand accepts AO 0.10.x claim-pr respawn shape","status":"passed","title":"accepts AO 0.10.x claim-pr respawn shape","duration":1.4076880000000074,"failureMessages":[],"meta":{}},{"ancestorTitles":["validateRunnableSpawnCommand"],"fullName":"validateRunnableSpawnCommand requires --prompt on spawn-new runnable instructions (#652)","status":"passed","title":"requires --prompt on spawn-new runnable instructions (#652)","duration":1.0285259999999994,"failureMessages":[],"meta":{}},{"ancestorTitles":["validateRunnableSpawnCommand"],"fullName":"validateRunnableSpawnCommand fails when --project or --name is removed","status":"passed","title":"fails when --project or --name is removed","duration":0.2264809999999784,"failureMessages":[],"meta":{}},{"ancestorTitles":["validateRunnableSpawnCommand"],"fullName":"validateRunnableSpawnCommand enforces the centralized AO 0.10.x display-name limit","status":"passed","title":"enforces the centralized AO 0.10.x display-name limit","duration":0.1368089999999711,"failureMessages":[],"meta":{}},{"ancestorTitles":["validateRunnableSpawnCommand"],"fullName":"validateRunnableSpawnCommand parses quoted multi-word --name before enforcing length","status":"passed","title":"parses quoted multi-word --name before enforcing length","duration":0.12188199999997096,"failureMessages":[],"meta":{}},{"ancestorTitles":["validateRunnableSpawnCommand"],"fullName":"validateRunnableSpawnCommand rejects another option flag as a missing --project or --name value","status":"passed","title":"rejects another option flag as a missing --project or --name value","duration":0.316221999999982,"failureMessages":[],"meta":{}},{"ancestorTitles":["tokenizeSpawnArgv"],"fullName":"tokenizeSpawnArgv preserves quoted values as single tokens","status":"passed","title":"preserves quoted values as single tokens","duration":0.16535499999997683,"failureMessages":[],"meta":{}},{"ancestorTitles":["findRunnableSpawnCommands"],"fullName":"findRunnableSpawnCommands detects indented respawn discipline command lines","status":"passed","title":"detects indented respawn discipline command lines","duration":2.790596999999991,"failureMessages":[],"meta":{}},{"ancestorTitles":["findRunnableSpawnCommands"],"fullName":"findRunnableSpawnCommands ignores never-ao-spawn safety prose in the example yaml","status":"passed","title":"ignores never-ao-spawn safety prose in the example yaml","duration":1.2390589999999975,"failureMessages":[],"meta":{}},{"ancestorTitles":["findRunnableSpawnCommands"],"fullName":"findRunnableSpawnCommands detects operator runbook claim-pr templates while skipping negated mentions","status":"passed","title":"detects operator runbook claim-pr templates while skipping negated mentions","duration":0.6892330000000015,"failureMessages":[],"meta":{}},{"ancestorTitles":["findRunnableSpawnCommands"],"fullName":"findRunnableSpawnCommands does not skip conditional runnable backtick spawn examples","status":"passed","title":"does not skip conditional runnable backtick spawn examples","duration":1.018843000000004,"failureMessages":[],"meta":{}},{"ancestorTitles":["findRunnableSpawnCommands"],"fullName":"findRunnableSpawnCommands still skips never-ao-spawn safety prose with incidental \"not\" wording","status":"passed","title":"still skips never-ao-spawn safety prose with incidental \"not\" wording","duration":0.3149139999999875,"failureMessages":[],"meta":{}},{"ancestorTitles":["findRunnableSpawnCommands"],"fullName":"findRunnableSpawnCommands detects inline runnable spawn commands in prose","status":"passed","title":"detects inline runnable spawn commands in prose","duration":0.5413049999999657,"failureMessages":[],"meta":{}},{"ancestorTitles":["scanSpawnShapeCorpus"],"fullName":"scanSpawnShapeCorpus passes on the repository corpus and baseline","status":"passed","title":"passes on the repository corpus and baseline","duration":26.007743000000005,"failureMessages":[],"meta":{}},{"ancestorTitles":["scanSpawnShapeCorpus"],"fullName":"scanSpawnShapeCorpus fails when a claim-pr respawn example drops a required flag","status":"passed","title":"fails when a claim-pr respawn example drops a required flag","duration":0.5106710000000021,"failureMessages":[],"meta":{}},{"ancestorTitles":["scanSpawnShapeCorpus"],"fullName":"scanSpawnShapeCorpus does not globally whitelist forbidden runnable line shapes","status":"passed","title":"does not globally whitelist forbidden runnable line shapes","duration":0.31302699999997685,"failureMessages":[],"meta":{}},{"ancestorTitles":["scanSpawnShapeCorpus"],"fullName":"scanSpawnShapeCorpus validates placeholder respawn templates in backticks","status":"passed","title":"validates placeholder respawn templates in backticks","duration":0.2711519999999723,"failureMessages":[],"meta":{}}],"startTime":1783497921768,"endTime":1783497921805.313,"status":"passed","message":"","name":"/home/che/.ao/data/worktrees/orchestrator-pack/orchestrator-pack-43/scripts/ao-spawn-shape.test.ts"},{"assertionResults":[{"ancestorTitles":["audit jsonl retention policy"],"fullName":"audit jsonl retention policy falls back to documented conservative defaults when env is absent or malformed","status":"passed","title":"falls back to documented conservative defaults when env is absent or malformed","duration":1.4089799999999855,"failureMessages":[],"meta":{}},{"ancestorTitles":["audit jsonl retention policy"],"fullName":"audit jsonl retention policy falls back when policy JSON omits the requested stream","status":"passed","title":"falls back when policy JSON omits the requested stream","duration":24.15497799999997,"failureMessages":[],"meta":{}},{"ancestorTitles":["audit jsonl retention policy"],"fullName":"audit jsonl retention policy falls back when PowerShell policy JSON omits the requested stream","status":"passed","title":"falls back when PowerShell policy JSON omits the requested stream","duration":900.987269,"failureMessages":[],"meta":{}},{"ancestorTitles":["gh-wrapper audit retention scenarios"],"fullName":"gh-wrapper audit retention scenarios appends without rotation when active file is below bound","status":"passed","title":"appends without rotation when active file is below bound","duration":74.19204500000001,"failureMessages":[],"meta":{}},{"ancestorTitles":["gh-wrapper audit retention scenarios"],"fullName":"gh-wrapper audit retention scenarios uses collision-safe rotated segment names within the same second","status":"passed","title":"uses collision-safe rotated segment names within the same second","duration":29.443033999999898,"failureMessages":[],"meta":{}},{"ancestorTitles":["gh-wrapper audit retention scenarios"],"fullName":"gh-wrapper audit retention scenarios retries when a resolved rotation segment path already exists","status":"passed","title":"retries when a resolved rotation segment path already exists","duration":35.042641,"failureMessages":[],"meta":{}},{"ancestorTitles":["gh-wrapper audit retention scenarios"],"fullName":"gh-wrapper audit retention scenarios rotates and prunes when active file exceeds size trigger","status":"passed","title":"rotates and prunes when active file exceeds size trigger","duration":174.89221699999985,"failureMessages":[],"meta":{}},{"ancestorTitles":["gh-wrapper audit retention scenarios"],"fullName":"gh-wrapper audit retention scenarios reclaims stale maintenance locks from dead owners before rotating","status":"passed","title":"reclaims stale maintenance locks from dead owners before rotating","duration":36.19789100000003,"failureMessages":[],"meta":{}},{"ancestorTitles":["gh-wrapper audit retention scenarios"],"fullName":"gh-wrapper audit retention scenarios does not throw fleet cache calls when audit retention policy is missing","status":"passed","title":"does not throw fleet cache calls when audit retention policy is missing","duration":3620.613799,"failureMessages":[],"meta":{}},{"ancestorTitles":["gh-wrapper audit retention scenarios"],"fullName":"gh-wrapper audit retention scenarios lets lock contenders skip rotation and still append complete lines","status":"passed","title":"lets lock contenders skip rotation and still append complete lines","duration":59.337727999999515,"failureMessages":[],"meta":{}},{"ancestorTitles":["gh-wrapper audit retention scenarios"],"fullName":"gh-wrapper audit retention scenarios keeps records complete when maintenance races an open writer","status":"passed","title":"keeps records complete when maintenance races an open writer","duration":30.232599999999366,"failureMessages":[],"meta":{}},{"ancestorTitles":["gh-wrapper audit retention scenarios"],"fullName":"gh-wrapper audit retention scenarios prunes corrupted historical segments without breaking active appends","status":"passed","title":"prunes corrupted historical segments without breaking active appends","duration":189.38452300000063,"failureMessages":[],"meta":{}},{"ancestorTitles":["gh-wrapper audit retention scenarios"],"fullName":"gh-wrapper audit retention scenarios does not fail wrapped gh calls when audit maintenance fails","status":"passed","title":"does not fail wrapped gh calls when audit maintenance fails","duration":262.15475400000014,"failureMessages":[],"meta":{}},{"ancestorTitles":["fleet cache audit retention scenarios"],"fullName":"fleet cache audit retention scenarios matrix: below bound appends without rotation","status":"passed","title":"matrix: below bound appends without rotation","duration":7651.776708,"failureMessages":[],"meta":{}},{"ancestorTitles":["fleet cache audit retention scenarios"],"fullName":"fleet cache audit retention scenarios matrix: same-process rotation keeps valid JSONL over size bound","status":"passed","title":"matrix: same-process rotation keeps valid JSONL over size bound","duration":23952.670536000005,"failureMessages":[],"meta":{}},{"ancestorTitles":["fleet cache audit retention scenarios"],"fullName":"fleet cache audit retention scenarios matrix: concurrent cache writers keep complete JSONL lines","status":"passed","title":"matrix: concurrent cache writers keep complete JSONL lines","duration":4211.465452999997,"failureMessages":[],"meta":{}},{"ancestorTitles":["fleet cache audit retention scenarios"],"fullName":"fleet cache audit retention scenarios matrix: lock contenders skip rotation and still append","status":"passed","title":"matrix: lock contenders skip rotation and still append","duration":7741.509585,"failureMessages":[],"meta":{}},{"ancestorTitles":["fleet cache audit retention scenarios"],"fullName":"fleet cache audit retention scenarios matrix: open writer rename race keeps complete records","status":"passed","title":"matrix: open writer rename race keeps complete records","duration":12355.900551000006,"failureMessages":[],"meta":{}},{"ancestorTitles":["fleet cache audit retention scenarios"],"fullName":"fleet cache audit retention scenarios matrix: blocked rotation remains appendable and observable","status":"passed","title":"matrix: blocked rotation remains appendable and observable","duration":9186.413499999995,"failureMessages":[],"meta":{}},{"ancestorTitles":["fleet cache audit retention scenarios"],"fullName":"fleet cache audit retention scenarios matrix: corrupted historical segments prune without touching active JSONL","status":"passed","title":"matrix: corrupted historical segments prune without touching active JSONL","duration":19906.198468999995,"failureMessages":[],"meta":{}}],"startTime":1783497767076,"endTime":1783497857521.1985,"status":"passed","message":"","name":"/home/che/.ao/data/worktrees/orchestrator-pack/orchestrator-pack-43/scripts/audit-jsonl-retention.test.ts"},{"assertionResults":[{"ancestorTitles":["checkContractEvidence fixtures"],"fullName":"checkContractEvidence fixtures passes a grounded capture-backed row","status":"passed","title":"passes a grounded capture-backed row","duration":460.433731,"failureMessages":[],"meta":{}},{"ancestorTitles":["checkContractEvidence fixtures"],"fullName":"checkContractEvidence fixtures passes explicit contract-evidence none","status":"passed","title":"passes explicit contract-evidence none","duration":0.3147999999999911,"failureMessages":[],"meta":{}},{"ancestorTitles":["checkContractEvidence fixtures"],"fullName":"checkContractEvidence fixtures rejects absent contract-evidence block","status":"passed","title":"rejects absent contract-evidence block","duration":0.2347340000000031,"failureMessages":[],"meta":{}},{"ancestorTitles":["checkContractEvidence fixtures"],"fullName":"checkContractEvidence fixtures rejects malformed rows","status":"passed","title":"rejects malformed rows","duration":1.1351050000000669,"failureMessages":[],"meta":{}},{"ancestorTitles":["checkContractEvidence fixtures"],"fullName":"checkContractEvidence fixtures rejects missing manifest entries","status":"passed","title":"rejects missing manifest entries","duration":0.756354999999985,"failureMessages":[],"meta":{}},{"ancestorTitles":["checkContractEvidence fixtures"],"fullName":"checkContractEvidence fixtures rejects producer mismatch","status":"passed","title":"rejects producer mismatch","duration":343.38577699999996,"failureMessages":[],"meta":{}},{"ancestorTitles":["checkContractEvidence fixtures"],"fullName":"checkContractEvidence fixtures rejects selector value mismatch with redacted diagnostics","status":"passed","title":"rejects selector value mismatch with redacted diagnostics","duration":302.7844,"failureMessages":[],"meta":{}},{"ancestorTitles":["checkContractEvidence fixtures"],"fullName":"checkContractEvidence fixtures rejects token evidence for structured object captures","status":"passed","title":"rejects token evidence for structured object captures","duration":243.1895189999998,"failureMessages":[],"meta":{}},{"ancestorTitles":["checkContractEvidence fixtures"],"fullName":"checkContractEvidence fixtures rejects token evidence for scalar JSON captures","status":"passed","title":"rejects token evidence for scalar JSON captures","duration":204.65442599999983,"failureMessages":[],"meta":{}},{"ancestorTitles":["checkContractEvidence fixtures"],"fullName":"checkContractEvidence fixtures rejects token evidence for array JSON captures","status":"passed","title":"rejects token evidence for array JSON captures","duration":415.45288500000015,"failureMessages":[],"meta":{}},{"ancestorTitles":["checkContractEvidence fixtures"],"fullName":"checkContractEvidence fixtures rejects unstructured captures without token","status":"passed","title":"rejects unstructured captures without token","duration":342.001358,"failureMessages":[],"meta":{}},{"ancestorTitles":["checkContractEvidence fixtures"],"fullName":"checkContractEvidence fixtures rejects NEW rows without a named acceptance criterion","status":"passed","title":"rejects NEW rows without a named acceptance criterion","duration":1.2186200000001008,"failureMessages":[],"meta":{}},{"ancestorTitles":["checkContractEvidence fixtures"],"fullName":"checkContractEvidence fixtures rejects NEW rows that only name consumer assertions","status":"passed","title":"rejects NEW rows that only name consumer assertions","duration":1.433256999999685,"failureMessages":[],"meta":{}},{"ancestorTitles":["checkContractEvidence fixtures"],"fullName":"checkContractEvidence fixtures rejects NEW rows when producer-emission does not match the binding","status":"passed","title":"rejects NEW rows when producer-emission does not match the binding","duration":1.7912569999998595,"failureMessages":[],"meta":{}},{"ancestorTitles":["checkContractEvidence fixtures"],"fullName":"checkContractEvidence fixtures rejects NEW rows when producer-emission lacks executable proof","status":"passed","title":"rejects NEW rows when producer-emission lacks executable proof","duration":0.7575019999999313,"failureMessages":[],"meta":{}},{"ancestorTitles":["checkContractEvidence fixtures"],"fullName":"checkContractEvidence fixtures rejects NEW rows for external gh producer","status":"passed","title":"rejects NEW rows for external gh producer","duration":0.6780629999998382,"failureMessages":[],"meta":{}},{"ancestorTitles":["checkContractEvidence fixtures"],"fullName":"checkContractEvidence fixtures rejects NEW rows for external codex alias producer","status":"passed","title":"rejects NEW rows for external codex alias producer","duration":1.4444410000000971,"failureMessages":[],"meta":{}},{"ancestorTitles":["checkContractEvidence fixtures"],"fullName":"checkContractEvidence fixtures rejects NEW rows when binding-id names an external producer but row.producer does not","status":"passed","title":"rejects NEW rows when binding-id names an external producer but row.producer does not","duration":0.6073350000001483,"failureMessages":[],"meta":{}},{"ancestorTitles":["checkContractEvidence fixtures"],"fullName":"checkContractEvidence fixtures passes well-formed repo-owned NEW rows","status":"passed","title":"passes well-formed repo-owned NEW rows","duration":0.6033600000000661,"failureMessages":[],"meta":{}},{"ancestorTitles":["checkContractEvidence fixtures"],"fullName":"checkContractEvidence fixtures anchors NEW AC lookup to the acceptance criteria section","status":"passed","title":"anchors NEW AC lookup to the acceptance criteria section","duration":0.5551900000000387,"failureMessages":[],"meta":{}},{"ancestorTitles":["checkContractEvidence fixtures"],"fullName":"checkContractEvidence fixtures rejects duplicate binding-id reuse in one block","status":"passed","title":"rejects duplicate binding-id reuse in one block","duration":447.7916,"failureMessages":[],"meta":{}},{"ancestorTitles":["checkContractEvidence fixtures"],"fullName":"checkContractEvidence fixtures rejects conflicting expected values that share one capture reference","status":"passed","title":"rejects conflicting expected values that share one capture reference","duration":566.137033,"failureMessages":[],"meta":{}},{"ancestorTitles":["checkContractEvidence fixtures"],"fullName":"checkContractEvidence fixtures rejects conflicting NEW assertions with the same binding identity","status":"passed","title":"rejects conflicting NEW assertions with the same binding identity","duration":2.9081099999998514,"failureMessages":[],"meta":{}},{"ancestorTitles":["checkContractEvidence fixtures"],"fullName":"checkContractEvidence fixtures rejects CLI behavior captures with failed exit status","status":"passed","title":"rejects CLI behavior captures with failed exit status","duration":255.83325300000024,"failureMessages":[],"meta":{}},{"ancestorTitles":["checkContractEvidence fixtures"],"fullName":"checkContractEvidence fixtures rejects CLI behavior rows that trust a nonzero manifest exit status","status":"passed","title":"rejects CLI behavior rows that trust a nonzero manifest exit status","duration":319.3439830000002,"failureMessages":[],"meta":{}},{"ancestorTitles":["checkContractEvidence fixtures"],"fullName":"checkContractEvidence fixtures passes CLI behavior captures with successful exit status","status":"passed","title":"passes CLI behavior captures with successful exit status","duration":313.19975499999964,"failureMessages":[],"meta":{}},{"ancestorTitles":["checkContractEvidence fixtures"],"fullName":"checkContractEvidence fixtures passes structured JSON CLI behavior captures","status":"passed","title":"passes structured JSON CLI behavior captures","duration":265.1867519999996,"failureMessages":[],"meta":{}},{"ancestorTitles":["checkContractEvidence fixtures"],"fullName":"checkContractEvidence fixtures keeps CLI-behavior structured expected values literal (no predicate tokens)","status":"passed","title":"keeps CLI-behavior structured expected values literal (no predicate tokens)","duration":403.7873819999995,"failureMessages":[],"meta":{}},{"ancestorTitles":["checkContractEvidence fixtures"],"fullName":"checkContractEvidence fixtures rejects CLI option bindings that bypass exit checks via help-text captures","status":"passed","title":"rejects CLI option bindings that bypass exit checks via help-text captures","duration":0.964017999999669,"failureMessages":[],"meta":{}},{"ancestorTitles":["checkContractEvidence fixtures"],"fullName":"checkContractEvidence fixtures rejects CLI behavior rows grounded on help-only capture commands","status":"passed","title":"rejects CLI behavior rows grounded on help-only capture commands","duration":332.0189019999998,"failureMessages":[],"meta":{}},{"ancestorTitles":["checkContractEvidence fixtures"],"fullName":"checkContractEvidence fixtures rejects CLI behavior rows when the capture command includes a help flag","status":"passed","title":"rejects CLI behavior rows when the capture command includes a help flag","duration":264.29133399999955,"failureMessages":[],"meta":{}},{"ancestorTitles":["checkContractEvidence fixtures"],"fullName":"checkContractEvidence fixtures grandfathers legacy drafts without a block","status":"passed","title":"grandfathers legacy drafts without a block","duration":0.22394700000040757,"failureMessages":[],"meta":{}},{"ancestorTitles":["checkContractEvidence fixtures"],"fullName":"checkContractEvidence fixtures ignores fenced-only contract-evidence examples","status":"passed","title":"ignores fenced-only contract-evidence examples","duration":0.13737099999980273,"failureMessages":[],"meta":{}},{"ancestorTitles":["checkContractEvidence fixtures"],"fullName":"checkContractEvidence fixtures ignores contract-evidence fences in the full Example section","status":"passed","title":"ignores contract-evidence fences in the full Example section","duration":0.21703300000081072,"failureMessages":[],"meta":{}},{"ancestorTitles":["checkContractEvidence fixtures"],"fullName":"checkContractEvidence fixtures resolves manifest capture paths containing spaces","status":"passed","title":"resolves manifest capture paths containing spaces","duration":168.81492900000012,"failureMessages":[],"meta":{}},{"ancestorTitles":["checkContractEvidence fixtures"],"fullName":"checkContractEvidence fixtures rejects coworker-found rows without real capture grounding","status":"passed","title":"rejects coworker-found rows without real capture grounding","duration":0.7833940000000439,"failureMessages":[],"meta":{}},{"ancestorTitles":["checkContractEvidence fixtures"],"fullName":"checkContractEvidence fixtures passes shape predicate on conforming capture value","status":"passed","title":"passes shape predicate on conforming capture value","duration":198.22842499999933,"failureMessages":[],"meta":{}},{"ancestorTitles":["checkContractEvidence fixtures"],"fullName":"checkContractEvidence fixtures rejects shape predicate when field is empty","status":"passed","title":"rejects shape predicate when field is empty","duration":215.55149299999994,"failureMessages":[],"meta":{}},{"ancestorTitles":["checkContractEvidence fixtures"],"fullName":"checkContractEvidence fixtures rejects shape predicate when selector is absent","status":"passed","title":"rejects shape predicate when selector is absent","duration":134.98051600000053,"failureMessages":[],"meta":{}},{"ancestorTitles":["checkContractEvidence fixtures"],"fullName":"checkContractEvidence fixtures rejects integer predicate for string-encoded numbers","status":"passed","title":"rejects integer predicate for string-encoded numbers","duration":195.5859990000008,"failureMessages":[],"meta":{}},{"ancestorTitles":["checkContractEvidence fixtures"],"fullName":"checkContractEvidence fixtures rejects positive-integer predicate for zero","status":"passed","title":"rejects positive-integer predicate for zero","duration":322.231487,"failureMessages":[],"meta":{}},{"ancestorTitles":["checkContractEvidence fixtures"],"fullName":"checkContractEvidence fixtures rejects boolean predicate for non-boolean values","status":"passed","title":"rejects boolean predicate for non-boolean values","duration":273.6196319999999,"failureMessages":[],"meta":{}},{"ancestorTitles":["checkContractEvidence fixtures"],"fullName":"checkContractEvidence fixtures allows same producer and selector across different captures","status":"passed","title":"allows same producer and selector across different captures","duration":656.9151580000007,"failureMessages":[],"meta":{}},{"ancestorTitles":["checkContractEvidence fixtures"],"fullName":"checkContractEvidence fixtures passes mixed literal and predicate rows","status":"passed","title":"passes mixed literal and predicate rows","duration":612.1292640000001,"failureMessages":[],"meta":{}},{"ancestorTitles":["checkContractEvidence fixtures"],"fullName":"checkContractEvidence fixtures treats quoted expected values as literals for reserved tokens","status":"passed","title":"treats quoted expected values as literals for reserved tokens","duration":162.91273300000103,"failureMessages":[],"meta":{}},{"ancestorTitles":["checkContractEvidence fixtures"],"fullName":"checkContractEvidence fixtures evaluates unquoted reserved tokens as predicates","status":"passed","title":"evaluates unquoted reserved tokens as predicates","duration":215.13420499999847,"failureMessages":[],"meta":{}},{"ancestorTitles":["CLI help detection"],"fullName":"CLI help detection detects help flags using token boundaries","status":"passed","title":"detects help flags using token boundaries","duration":0.2410219999983383,"failureMessages":[],"meta":{}},{"ancestorTitles":["CLI help detection"],"fullName":"CLI help detection treats mixed help and target commands as help invocations","status":"passed","title":"treats mixed help and target commands as help invocations","duration":0.12011800000072981,"failureMessages":[],"meta":{}},{"ancestorTitles":["capture manifest integrity"],"fullName":"capture manifest integrity matches regenerated production manifest","status":"passed","title":"matches regenerated production manifest","duration":2.90665700000136,"failureMessages":[],"meta":{}},{"ancestorTitles":["capture manifest integrity"],"fullName":"capture manifest integrity rejects production manifests with a non-pinned corpusRoot","status":"passed","title":"rejects production manifests with a non-pinned corpusRoot","duration":13.679772000001321,"failureMessages":[],"meta":{}},{"ancestorTitles":["capture manifest integrity"],"fullName":"capture manifest integrity rejects hand-edited manifest entries","status":"passed","title":"rejects hand-edited manifest entries","duration":289.2976699999999,"failureMessages":[],"meta":{}},{"ancestorTitles":["canonical binding identity"],"fullName":"canonical binding identity collapses alias producers and selector spellings for the same capture","status":"passed","title":"collapses alias producers and selector spellings for the same capture","duration":0.361507999999958,"failureMessages":[],"meta":{}},{"ancestorTitles":["canonical binding identity"],"fullName":"canonical binding identity scopes identity to normalized evidence captures","status":"passed","title":"scopes identity to normalized evidence captures","duration":0.7347610000015266,"failureMessages":[],"meta":{}},{"ancestorTitles":["authoritative block extraction"],"fullName":"authoritative block extraction returns none only from canonical fences","status":"passed","title":"returns none only from canonical fences","duration":0.229656999999861,"failureMessages":[],"meta":{}}],"startTime":1783497768633,"endTime":1783497777608.2297,"status":"passed","message":"","name":"/home/che/.ao/data/worktrees/orchestrator-pack/orchestrator-pack-43/scripts/contract-evidence.test.ts"},{"assertionResults":[{"ancestorTitles":["validateCompletionRecord"],"fullName":"validateCompletionRecord accepts a complete record with Cursor default engine","status":"passed","title":"accepts a complete record with Cursor default engine","duration":2.194435999999996,"failureMessages":[],"meta":{}},{"ancestorTitles":["validateCompletionRecord"],"fullName":"validateCompletionRecord rejects non-Cursor engine without explicit-request basis","status":"passed","title":"rejects non-Cursor engine without explicit-request basis","duration":0.4928869999999961,"failureMessages":[],"meta":{}},{"ancestorTitles":["validateCompletionRecord"],"fullName":"validateCompletionRecord accepts Codex when selection basis is explicit-request","status":"passed","title":"accepts Codex when selection basis is explicit-request","duration":0.27429599999999255,"failureMessages":[],"meta":{}},{"ancestorTitles":["validateCompletionRecord"],"fullName":"validateCompletionRecord rejects unrecognized authoring engines","status":"passed","title":"rejects unrecognized authoring engines","duration":0.37081100000000333,"failureMessages":[],"meta":{}},{"ancestorTitles":["validateCompletionRecord"],"fullName":"validateCompletionRecord rejects draft paths outside docs/issues_drafts","status":"passed","title":"rejects draft paths outside docs/issues_drafts","duration":0.28033099999998967,"failureMessages":[],"meta":{}},{"ancestorTitles":["validateCompletionRecord"],"fullName":"validateCompletionRecord rejects draft paths with traversal segments escaping the draft directory","status":"passed","title":"rejects draft paths with traversal segments escaping the draft directory","duration":0.37922799999995505,"failureMessages":[],"meta":{}},{"ancestorTitles":["validateCompletionRecord"],"fullName":"validateCompletionRecord rejects completion records missing dispositionStatus","status":"passed","title":"rejects completion records missing dispositionStatus","duration":0.3644219999999905,"failureMessages":[],"meta":{}},{"ancestorTitles":["validateCompletionRecord"],"fullName":"validateCompletionRecord rejects invalid selectionBasis values","status":"passed","title":"rejects invalid selectionBasis values","duration":0.14282300000002124,"failureMessages":[],"meta":{}},{"ancestorTitles":["validateDelegateResult"],"fullName":"validateDelegateResult rejects exit 0 without draft path or completion proof","status":"passed","title":"rejects exit 0 without draft path or completion proof","duration":0.37597399999998515,"failureMessages":[],"meta":{}},{"ancestorTitles":["validateDelegateResult"],"fullName":"validateDelegateResult rejects exit 0 when draft is reported missing","status":"passed","title":"rejects exit 0 when draft is reported missing","duration":0.21015800000003537,"failureMessages":[],"meta":{}},{"ancestorTitles":["validateDelegateResult"],"fullName":"validateDelegateResult accepts exit 0 with draft and complete completion record","status":"passed","title":"accepts exit 0 with draft and complete completion record","duration":0.08615800000001173,"failureMessages":[],"meta":{}},{"ancestorTitles":["validateDelegateResult"],"fullName":"validateDelegateResult rejects exit 0 when delegate draftPath differs from completion record","status":"passed","title":"rejects exit 0 when delegate draftPath differs from completion record","duration":0.13182599999998956,"failureMessages":[],"meta":{}},{"ancestorTitles":["validateDelegateResult"],"fullName":"validateDelegateResult rejects exit 0 when delegate draftPath uses traversal to escape the draft directory","status":"passed","title":"rejects exit 0 when delegate draftPath uses traversal to escape the draft directory","duration":0.13199300000002268,"failureMessages":[],"meta":{}},{"ancestorTitles":["checkRelocationContractSurfaces"],"fullName":"checkRelocationContractSurfaces passes on the repository contract surfaces","status":"passed","title":"passes on the repository contract surfaces","duration":1.1454570000000217,"failureMessages":[],"meta":{}}],"startTime":1783497944730,"endTime":1783497944737.1455,"status":"passed","message":"","name":"/home/che/.ao/data/worktrees/orchestrator-pack/orchestrator-pack-43/scripts/draft-author-relocation-contract.test.ts"},{"assertionResults":[{"ancestorTitles":["checkPositiveOutcome"],"fullName":"checkPositiveOutcome flags action-producing drafts with only negative outcomes","status":"passed","title":"flags action-producing drafts with only negative outcomes","duration":3.614722000000029,"failureMessages":[],"meta":{}},{"ancestorTitles":["checkPositiveOutcome"],"fullName":"checkPositiveOutcome passes when a realistic-input positive-outcome block is present","status":"passed","title":"passes when a realistic-input positive-outcome block is present","duration":1.6052799999999934,"failureMessages":[],"meta":{}},{"ancestorTitles":["checkPositiveOutcome"],"fullName":"checkPositiveOutcome fails record-only drafts that read action-producing","status":"passed","title":"fails record-only drafts that read action-producing","duration":0.4911379999999781,"failureMessages":[],"meta":{}},{"ancestorTitles":["checkPositiveOutcome"],"fullName":"checkPositiveOutcome flags external-tool positive outcomes without provenance","status":"passed","title":"flags external-tool positive outcomes without provenance","duration":0.319753999999989,"failureMessages":[],"meta":{}},{"ancestorTitles":["checkParkedRoot"],"fullName":"checkParkedRoot fails euphemistic deferral without a structured block","status":"passed","title":"fails euphemistic deferral without a structured block","duration":0.6267379999999889,"failureMessages":[],"meta":{}},{"ancestorTitles":["checkParkedRoot"],"fullName":"checkParkedRoot fails vague placeholder causes","status":"passed","title":"fails vague placeholder causes","duration":1.3340559999999755,"failureMessages":[],"meta":{}},{"ancestorTitles":["checkParkedRoot"],"fullName":"checkParkedRoot fails unrelated or closed unresolved follow-up issues","status":"passed","title":"fails unrelated or closed unresolved follow-up issues","duration":1.6407050000000254,"failureMessages":[],"meta":{}},{"ancestorTitles":["checkParkedRoot"],"fullName":"checkParkedRoot passes a valid parked-root block with an on-topic open issue","status":"passed","title":"passes a valid parked-root block with an on-topic open issue","duration":0.7604319999999802,"failureMessages":[],"meta":{}},{"ancestorTitles":["checkParkedRoot"],"fullName":"checkParkedRoot fails when follow-up issue data is absent","status":"passed","title":"fails when follow-up issue data is absent","duration":0.7925140000000397,"failureMessages":[],"meta":{}},{"ancestorTitles":["checkParkedRoot"],"fullName":"checkParkedRoot fails when issue body shares words but not the declared cause statement","status":"passed","title":"fails when issue body shares words but not the declared cause statement","duration":0.5930339999999887,"failureMessages":[],"meta":{}},{"ancestorTitles":["checkParkedRoot"],"fullName":"checkParkedRoot fails when a valid parked block coexists with unstructured deferral prose","status":"passed","title":"fails when a valid parked block coexists with unstructured deferral prose","duration":1.2635520000000042,"failureMessages":[],"meta":{}},{"ancestorTitles":["checkParkedRoot"],"fullName":"checkParkedRoot passes a closed follow-up issue when intentionally resolved","status":"passed","title":"passes a closed follow-up issue when intentionally resolved","duration":0.6615090000000237,"failureMessages":[],"meta":{}},{"ancestorTitles":["normalizeLiveIssue"],"fullName":"normalizeLiveIssue marks COMPLETED closed issues as intentionally resolved","status":"passed","title":"marks COMPLETED closed issues as intentionally resolved","duration":0.28504200000003266,"failureMessages":[],"meta":{}},{"ancestorTitles":["normalizeLiveIssue"],"fullName":"normalizeLiveIssue marks PR-closed issues as intentionally resolved","status":"passed","title":"marks PR-closed issues as intentionally resolved","duration":0.20227399999998852,"failureMessages":[],"meta":{}},{"ancestorTitles":["normalizeLiveIssue"],"fullName":"normalizeLiveIssue does not mark abandoned closed issues as intentionally resolved","status":"passed","title":"does not mark abandoned closed issues as intentionally resolved","duration":0.2501680000000306,"failureMessages":[],"meta":{}},{"ancestorTitles":["checkRcaSpecDisciplineSurfaces"],"fullName":"checkRcaSpecDisciplineSurfaces confirms each rule reaches its loader surfaces","status":"passed","title":"confirms each rule reaches its loader surfaces","duration":6.564952000000005,"failureMessages":[],"meta":{}}],"startTime":1783497944372,"endTime":1783497944393.565,"status":"passed","message":"","name":"/home/che/.ao/data/worktrees/orchestrator-pack/orchestrator-pack-43/scripts/draft-discipline.test.ts"},{"assertionResults":[{"ancestorTitles":["escalation state store test isolation (#664)"],"fullName":"escalation state store test isolation (#664) AC#1: test emits resolve an isolated store via harness bootstrap","status":"passed","title":"AC#1: test emits resolve an isolated store via harness bootstrap","duration":2167.619598,"failureMessages":[],"meta":{}},{"ancestorTitles":["escalation state store test isolation (#664)"],"fullName":"escalation state store test isolation (#664) AC#2: fail-closed on shared-default surfaces from any path source","status":"passed","title":"AC#2: fail-closed on shared-default surfaces from any path source","duration":10831.691663000001,"failureMessages":[],"meta":{}},{"ancestorTitles":["escalation state store test isolation (#664)"],"fullName":"escalation state store test isolation (#664) AC#3: production path unchanged without marker; isolated publish succeeds","status":"passed","title":"AC#3: production path unchanged without marker; isolated publish succeeds","duration":2707.9229970000015,"failureMessages":[],"meta":{}},{"ancestorTitles":["escalation state store test isolation (#664)"],"fullName":"escalation state store test isolation (#664) AC#4: snapshot-preserving guard tolerates preexisting unchanged shared store","status":"passed","title":"AC#4: snapshot-preserving guard tolerates preexisting unchanged shared store","duration":1982.0762770000001,"failureMessages":[],"meta":{}},{"ancestorTitles":["escalation state store test isolation (#664)"],"fullName":"escalation state store test isolation (#664) AC#5: bypass-path child pwsh inherits marker and isolated paths from bootstrap","status":"passed","title":"AC#5: bypass-path child pwsh inherits marker and isolated paths from bootstrap","duration":666.7554610000007,"failureMessages":[],"meta":{}}],"startTime":1783497857726,"endTime":1783497876081.7554,"status":"passed","message":"","name":"/home/che/.ao/data/worktrees/orchestrator-pack/orchestrator-pack-43/scripts/escalation-state-test-isolation.test.ts"},{"assertionResults":[{"ancestorTitles":["validateObjectShape"],"fullName":"validateObjectShape rejects phantom headRefOid on a worker report with fixture+path","status":"passed","title":"rejects phantom headRefOid on a worker report with fixture+path","duration":1.0821260000000166,"failureMessages":[],"meta":{}},{"ancestorTitles":["validateObjectShape"],"fullName":"validateObjectShape accepts variant-valid ready_for_review fields","status":"passed","title":"accepts variant-valid ready_for_review fields","duration":0.604454000000004,"failureMessages":[],"meta":{}},{"ancestorTitles":["validateObjectShape"],"fullName":"validateObjectShape rejects impossible cross-state field combination on completed variant","status":"passed","title":"rejects impossible cross-state field combination on completed variant","duration":0.28938200000001757,"failureMessages":[],"meta":{}},{"ancestorTitles":["validateObjectShape"],"fullName":"validateObjectShape detects nested phantom fields","status":"passed","title":"detects nested phantom fields","duration":1.1520710000000065,"failureMessages":[],"meta":{}},{"ancestorTitles":["dynamic-key maps"],"fullName":"dynamic-key maps does not treat ciChecksByPr keys as schema fields","status":"passed","title":"does not treat ciChecksByPr keys as schema fields","duration":22.52908400000001,"failureMessages":[],"meta":{}},{"ancestorTitles":["findInlineWorkerReports"],"fullName":"findInlineWorkerReports records identifier-valued properties so forbidden fields are validated","status":"passed","title":"records identifier-valued properties so forbidden fields are validated","duration":0.482925999999992,"failureMessages":[],"meta":{}},{"ancestorTitles":["runExternalOutputShapeGuard"],"fullName":"runExternalOutputShapeGuard passes on anchored trigger fixtures and inline opt-outs","status":"passed","title":"passes on anchored trigger fixtures and inline opt-outs","duration":13.612336999999997,"failureMessages":[],"meta":{}},{"ancestorTitles":["runExternalOutputShapeGuard"],"fullName":"runExternalOutputShapeGuard fails on unclassified phantom inline report literals","status":"passed","title":"fails on unclassified phantom inline report literals","duration":16.39958900000002,"failureMessages":[],"meta":{}},{"ancestorTitles":["validateReferenceCaptures"],"fullName":"validateReferenceCaptures validates every catalog capture against its variant reference","status":"passed","title":"validates every catalog capture against its variant reference","duration":1.3764380000000074,"failureMessages":[],"meta":{}},{"ancestorTitles":["validateReferenceCaptures"],"fullName":"validateReferenceCaptures fails when a capture drifts from its variant allowed fields","status":"passed","title":"fails when a capture drifts from its variant allowed fields","duration":0.7062960000000089,"failureMessages":[],"meta":{}},{"ancestorTitles":["validateExternalObject"],"fullName":"validateExternalObject resolves gh-pr-open variant and allows headRefOid on PR rows","status":"passed","title":"resolves gh-pr-open variant and allows headRefOid on PR rows","duration":0.1058680000000436,"failureMessages":[],"meta":{}}],"startTime":1783497938579,"endTime":1783497938637.7063,"status":"passed","message":"","name":"/home/che/.ao/data/worktrees/orchestrator-pack/orchestrator-pack-43/scripts/external-output-shape-guard.test.ts"},{"assertionResults":[{"ancestorTitles":["finding-ledger guard fails when a protected finding is rejected or omitted and passes on a complete ledger"],"fullName":"finding-ledger guard fails when a protected finding is rejected or omitted and passes on a complete ledger fails when a security finding is rejected","status":"passed","title":"fails when a security finding is rejected","duration":2.233109000000013,"failureMessages":[],"meta":{}},{"ancestorTitles":["finding-ledger guard fails when a protected finding is rejected or omitted and passes on a complete ledger"],"fullName":"finding-ledger guard fails when a protected finding is rejected or omitted and passes on a complete ledger fails when a protected finding is omitted from the ledger","status":"passed","title":"fails when a protected finding is omitted from the ledger","duration":0.9038299999999708,"failureMessages":[],"meta":{}},{"ancestorTitles":["finding-ledger guard fails when a protected finding is rejected or omitted and passes on a complete ledger"],"fullName":"finding-ledger guard fails when a protected finding is rejected or omitted and passes on a complete ledger fails when multiple findings share a type but only one has a ledger row","status":"passed","title":"fails when multiple findings share a type but only one has a ledger row","duration":0.3078949999999736,"failureMessages":[],"meta":{}},{"ancestorTitles":["finding-ledger guard fails when a protected finding is rejected or omitted and passes on a complete ledger"],"fullName":"finding-ledger guard fails when a protected finding is rejected or omitted and passes on a complete ledger fails when a protected finding is reclassified in the ledger","status":"passed","title":"fails when a protected finding is reclassified in the ledger","duration":0.2703580000000443,"failureMessages":[],"meta":{}},{"ancestorTitles":["finding-ledger guard fails when a protected finding is rejected or omitted and passes on a complete ledger"],"fullName":"finding-ledger guard fails when a protected finding is rejected or omitted and passes on a complete ledger fails when an early pass finding is omitted but the final pass is NO_FINDINGS","status":"passed","title":"fails when an early pass finding is omitted but the final pass is NO_FINDINGS","duration":0.28452299999997877,"failureMessages":[],"meta":{}},{"ancestorTitles":["finding-ledger guard fails when a protected finding is rejected or omitted and passes on a complete ledger"],"fullName":"finding-ledger guard fails when a protected finding is rejected or omitted and passes on a complete ledger validates all capture files in a directory via CLI","status":"passed","title":"validates all capture files in a directory via CLI","duration":9.75336100000004,"failureMessages":[],"meta":{}},{"ancestorTitles":["finding-ledger guard fails when a protected finding is rejected or omitted and passes on a complete ledger"],"fullName":"finding-ledger guard fails when a protected finding is rejected or omitted and passes on a complete ledger fails when a capture appends NO_FINDINGS but still emits a protected finding","status":"passed","title":"fails when a capture appends NO_FINDINGS but still emits a protected finding","duration":0.2949410000000512,"failureMessages":[],"meta":{}},{"ancestorTitles":["finding-ledger guard fails when a protected finding is rejected or omitted and passes on a complete ledger"],"fullName":"finding-ledger guard fails when a protected finding is rejected or omitted and passes on a complete ledger fails when a capture contains an untyped priority finding","status":"passed","title":"fails when a capture contains an untyped priority finding","duration":0.8604079999999499,"failureMessages":[],"meta":{}},{"ancestorTitles":["finding-ledger guard fails when a protected finding is rejected or omitted and passes on a complete ledger"],"fullName":"finding-ledger guard fails when a protected finding is rejected or omitted and passes on a complete ledger passes when a typed capture has no id but the ledger uses a normalized id","status":"passed","title":"passes when a typed capture has no id but the ledger uses a normalized id","duration":0.6541010000000256,"failureMessages":[],"meta":{}},{"ancestorTitles":["finding-ledger guard fails when a protected finding is rejected or omitted and passes on a complete ledger"],"fullName":"finding-ledger guard fails when a protected finding is rejected or omitted and passes on a complete ledger fails when multiple same-type captures lack ids but the ledger is incomplete","status":"passed","title":"fails when multiple same-type captures lack ids but the ledger is incomplete","duration":0.2481819999999857,"failureMessages":[],"meta":{}},{"ancestorTitles":["finding-ledger guard fails when a protected finding is rejected or omitted and passes on a complete ledger"],"fullName":"finding-ledger guard fails when a protected finding is rejected or omitted and passes on a complete ledger passes when every captured finding is recorded and protected ones are addressed","status":"passed","title":"passes when every captured finding is recorded and protected ones are addressed","duration":0.1921050000000264,"failureMessages":[],"meta":{}},{"ancestorTitles":["finding-ledger guard fails when a protected finding is rejected or omitted and passes on a complete ledger"],"fullName":"finding-ledger guard fails when a protected finding is rejected or omitted and passes on a complete ledger exits non-zero on CLI for protected rejection fixtures","status":"passed","title":"exits non-zero on CLI for protected rejection fixtures","duration":1.648713999999984,"failureMessages":[],"meta":{}},{"ancestorTitles":["finding-ledger guard fails when a protected finding is rejected or omitted and passes on a complete ledger"],"fullName":"finding-ledger guard fails when a protected finding is rejected or omitted and passes on a complete ledger exits zero on CLI for complete ledger fixtures","status":"passed","title":"exits zero on CLI for complete ledger fixtures","duration":0.32968199999999115,"failureMessages":[],"meta":{}}],"startTime":1783497945092,"endTime":1783497945110.3296,"status":"passed","message":"","name":"/home/che/.ao/data/worktrees/orchestrator-pack/orchestrator-pack-43/scripts/finding-ledger-guard.test.ts"},{"assertionResults":[{"ancestorTitles":["gh inventory static guard"],"fullName":"gh inventory static guard extracts merge-verify and CI-read forms from rule surfaces","status":"passed","title":"extracts merge-verify and CI-read forms from rule surfaces","duration":9.154516000000001,"failureMessages":[],"meta":{}},{"ancestorTitles":["gh inventory static guard"],"fullName":"gh inventory static guard classifies covered orchestrator forms as inventory-covered","status":"passed","title":"classifies covered orchestrator forms as inventory-covered","duration":1.0886470000000372,"failureMessages":[],"meta":{}},{"ancestorTitles":["gh inventory static guard"],"fullName":"gh inventory static guard fails when a rule surface contains an uncovered gh read form","status":"passed","title":"fails when a rule surface contains an uncovered gh read form","duration":15.688345000000027,"failureMessages":[],"meta":{}},{"ancestorTitles":["gh inventory static guard"],"fullName":"gh inventory static guard detects unknown gh read forms such as gh issue list","status":"passed","title":"detects unknown gh read forms such as gh issue list","duration":22.09468700000002,"failureMessages":[],"meta":{}},{"ancestorTitles":["gh inventory static guard"],"fullName":"gh inventory static guard detects forbidden gh api graphql transport in instruct lines","status":"passed","title":"detects forbidden gh api graphql transport in instruct lines","duration":19.355699000000072,"failureMessages":[],"meta":{}},{"ancestorTitles":["gh inventory static guard"],"fullName":"gh inventory static guard ignores family mentions and prohibition documentation lines","status":"passed","title":"ignores family mentions and prohibition documentation lines","duration":0.7698520000000144,"failureMessages":[],"meta":{}},{"ancestorTitles":["gh inventory static guard"],"fullName":"gh inventory static guard classifies RCA issue metadata and merged-PR closure lookup forms (Issue #520)","status":"passed","title":"classifies RCA issue metadata and merged-PR closure lookup forms (Issue #520)","duration":0.41893900000002304,"failureMessages":[],"meta":{}},{"ancestorTitles":["gh inventory static guard"],"fullName":"gh inventory static guard ignores prose-only gh issue view mentions on RCA surfaces (Issue #520)","status":"passed","title":"ignores prose-only gh issue view mentions on RCA surfaces (Issue #520)","duration":0.8305729999999585,"failureMessages":[],"meta":{}},{"ancestorTitles":["gh inventory static guard"],"fullName":"gh inventory static guard fails on bare gh pr view and gh pr checks executable instructions (Issue #520)","status":"passed","title":"fails on bare gh pr view and gh pr checks executable instructions (Issue #520)","duration":24.054180000000088,"failureMessages":[],"meta":{}},{"ancestorTitles":["gh inventory static guard"],"fullName":"gh inventory static guard fails on unclassified pr view unknownField shape (Issue #546)","status":"passed","title":"fails on unclassified pr view unknownField shape (Issue #546)","duration":18.42207499999995,"failureMessages":[],"meta":{}},{"ancestorTitles":["gh inventory static guard"],"fullName":"gh inventory static guard passes classified spawn-gate headRef shape and explicit REST api reads (Issue #546)","status":"passed","title":"passes classified spawn-gate headRef shape and explicit REST api reads (Issue #546)","duration":12.441966999999977,"failureMessages":[],"meta":{}},{"ancestorTitles":["gh inventory static guard"],"fullName":"gh inventory static guard passes investigate_root_cause.md RCA prompt scan (Issue #520)","status":"passed","title":"passes investigate_root_cause.md RCA prompt scan (Issue #520)","duration":1.5268740000000207,"failureMessages":[],"meta":{}},{"ancestorTitles":["gh inventory static guard"],"fullName":"gh inventory static guard classifies all in-scope executable gh read shapes (Issue #549)","status":"passed","title":"classifies all in-scope executable gh read shapes (Issue #549)","duration":25.47080399999993,"failureMessages":[],"meta":{}},{"ancestorTitles":["gh inventory static guard"],"fullName":"gh inventory static guard fails inventory check when residual row lacks owner (Issue #549)","status":"passed","title":"fails inventory check when residual row lacks owner (Issue #549)","duration":0.23312399999997524,"failureMessages":[],"meta":{}},{"ancestorTitles":["gh inventory static guard"],"fullName":"gh inventory static guard fails on unowned gh api graphql in reconcile scripts (Issue #549)","status":"passed","title":"fails on unowned gh api graphql in reconcile scripts (Issue #549)","duration":9.831064999999967,"failureMessages":[],"meta":{}},{"ancestorTitles":["gh inventory static guard"],"fullName":"gh inventory static guard allows classified rest_direct gh api repos reads (Issue #549)","status":"passed","title":"allows classified rest_direct gh api repos reads (Issue #549)","duration":19.86056199999996,"failureMessages":[],"meta":{}},{"ancestorTitles":["gh inventory static guard"],"fullName":"gh inventory static guard rejects rest_direct subpaths not anchored to the listed endpoint (Issue #549)","status":"passed","title":"rejects rest_direct subpaths not anchored to the listed endpoint (Issue #549)","duration":13.489791999999966,"failureMessages":[],"meta":{}},{"ancestorTitles":["gh inventory static guard"],"fullName":"gh inventory static guard rejects uncovered gh api repos reads with leading api options (Issue #549)","status":"passed","title":"rejects uncovered gh api repos reads with leading api options (Issue #549)","duration":13.477311999999984,"failureMessages":[],"meta":{}},{"ancestorTitles":["gh inventory static guard"],"fullName":"gh inventory static guard fails on raw curl api.github.com in reconcile scripts (Issue #549)","status":"passed","title":"fails on raw curl api.github.com in reconcile scripts (Issue #549)","duration":22.08494799999994,"failureMessages":[],"meta":{}}],"startTime":1783497890622,"endTime":1783497890853.085,"status":"passed","message":"","name":"/home/che/.ao/data/worktrees/orchestrator-pack/orchestrator-pack-43/scripts/gh-inventory-static-guard.test.ts"},{"assertionResults":[{"ancestorTitles":["resolveProjectRelativePath"],"fullName":"resolveProjectRelativePath normalizes repo-relative paths","status":"passed","title":"normalizes repo-relative paths","duration":1.9141119999999887,"failureMessages":[],"meta":{}},{"ancestorTitles":["resolveProjectRelativePath"],"fullName":"resolveProjectRelativePath fail-opens when the resolved path escapes the project root","status":"passed","title":"fail-opens when the resolved path escapes the project root","duration":0.39680900000001884,"failureMessages":[],"meta":{}},{"ancestorTitles":["AC#1 draft-file deny without override reason"],"fullName":"AC#1 draft-file deny without override reason denies gated draft Write/Edit with exit 0 deny JSON","status":"passed","title":"denies gated draft Write/Edit with exit 0 deny JSON","duration":1.2390179999999873,"failureMessages":[],"meta":{}},{"ancestorTitles":["AC#2 draft-file allow with override reason"],"fullName":"AC#2 draft-file allow with override reason allows gated draft Write/Edit when AO_DRAFT_AUTHOR_FALLBACK_REASON is set","status":"passed","title":"allows gated draft Write/Edit when AO_DRAFT_AUTHOR_FALLBACK_REASON is set","duration":0.5176700000000096,"failureMessages":[],"meta":{}},{"ancestorTitles":["AC#3 review subtree unchanged"],"fullName":"AC#3 review subtree unchanged allows Write/Edit under docs/issues_drafts/.review without override env","status":"passed","title":"allows Write/Edit under docs/issues_drafts/.review without override env","duration":0.3566720000000032,"failureMessages":[],"meta":{}},{"ancestorTitles":["AC#4 existing allowlist preserved"],"fullName":"AC#4 existing allowlist preserved allows docs/architecture.md without override env vars","status":"passed","title":"allows docs/architecture.md without override env vars","duration":0.365050999999994,"failureMessages":[],"meta":{}},{"ancestorTitles":["AC#4 existing allowlist preserved"],"fullName":"AC#4 existing allowlist preserved allows docs/issue_queue_index.md without override env vars","status":"passed","title":"allows docs/issue_queue_index.md without override env vars","duration":0.23989900000003672,"failureMessages":[],"meta":{}},{"ancestorTitles":["AC#4 existing allowlist preserved"],"fullName":"AC#4 existing allowlist preserved allows CLAUDE.md without override env vars","status":"passed","title":"allows CLAUDE.md without override env vars","duration":0.2061350000000175,"failureMessages":[],"meta":{}},{"ancestorTitles":["AC#4 existing allowlist preserved"],"fullName":"AC#4 existing allowlist preserved allows .claude/skills/create-issue-draft/SKILL.md without override env vars","status":"passed","title":"allows .claude/skills/create-issue-draft/SKILL.md without override env vars","duration":0.412871999999993,"failureMessages":[],"meta":{}},{"ancestorTitles":["AC#4 existing allowlist preserved"],"fullName":"AC#4 existing allowlist preserved allows .ao/runtime/state.json without override env vars","status":"passed","title":"allows .ao/runtime/state.json without override env vars","duration":0.2535000000000309,"failureMessages":[],"meta":{}},{"ancestorTitles":["AC#4 existing allowlist preserved"],"fullName":"AC#4 existing allowlist preserved allows agent-orchestrator.yaml without override env vars","status":"passed","title":"allows agent-orchestrator.yaml without override env vars","duration":0.21002599999997074,"failureMessages":[],"meta":{}},{"ancestorTitles":["AC#5 fail-open contract"],"fullName":"AC#5 fail-open contract allows on malformed stdin JSON","status":"passed","title":"allows on malformed stdin JSON","duration":0.39029500000003736,"failureMessages":[],"meta":{}},{"ancestorTitles":["AC#5 fail-open contract"],"fullName":"AC#5 fail-open contract allows when file_path is missing","status":"passed","title":"allows when file_path is missing","duration":0.24277000000000726,"failureMessages":[],"meta":{}},{"ancestorTitles":["AC#5 fail-open contract"],"fullName":"AC#5 fail-open contract allows when the resolved path escapes the project root","status":"passed","title":"allows when the resolved path escapes the project root","duration":0.22956999999996697,"failureMessages":[],"meta":{}},{"ancestorTitles":["AC#6 AO_DIRECT_EDIT_REASON preserved for non-draft paths"],"fullName":"AC#6 AO_DIRECT_EDIT_REASON preserved for non-draft paths denies without AO_DIRECT_EDIT_REASON","status":"passed","title":"denies without AO_DIRECT_EDIT_REASON","duration":0.3337789999999927,"failureMessages":[],"meta":{}},{"ancestorTitles":["AC#6 AO_DIRECT_EDIT_REASON preserved for non-draft paths"],"fullName":"AC#6 AO_DIRECT_EDIT_REASON preserved for non-draft paths allows with non-empty AO_DIRECT_EDIT_REASON","status":"passed","title":"allows with non-empty AO_DIRECT_EDIT_REASON","duration":0.23765700000001289,"failureMessages":[],"meta":{}},{"ancestorTitles":["AC#7 tracked source is versioned"],"fullName":"AC#7 tracked source is versioned ships guard source under scripts/ (not gitignored .claude/hooks)","status":"passed","title":"ships guard source under scripts/ (not gitignored .claude/hooks)","duration":0.3605829999999628,"failureMessages":[],"meta":{}},{"ancestorTitles":["AC#9 scenario matrix"],"fullName":"AC#9 scenario matrix gated draft / no override → deny","status":"passed","title":"gated draft / no override → deny","duration":0.29481900000001815,"failureMessages":[],"meta":{}},{"ancestorTitles":["AC#9 scenario matrix"],"fullName":"AC#9 scenario matrix gated draft / draft fallback → allow","status":"passed","title":"gated draft / draft fallback → allow","duration":0.16244100000000117,"failureMessages":[],"meta":{}},{"ancestorTitles":["AC#9 scenario matrix"],"fullName":"AC#9 scenario matrix gated draft / direct-edit only (N/A bypass) → deny","status":"passed","title":"gated draft / direct-edit only (N/A bypass) → deny","duration":0.23491100000001097,"failureMessages":[],"meta":{}},{"ancestorTitles":["AC#9 scenario matrix"],"fullName":"AC#9 scenario matrix .review nested / no override → allow","status":"passed","title":".review nested / no override → allow","duration":0.15973800000000438,"failureMessages":[],"meta":{}},{"ancestorTitles":["AC#9 scenario matrix"],"fullName":"AC#9 scenario matrix .review nested / draft fallback → allow","status":"passed","title":".review nested / draft fallback → allow","duration":0.15789000000000897,"failureMessages":[],"meta":{}},{"ancestorTitles":["AC#9 scenario matrix"],"fullName":"AC#9 scenario matrix .review nested / direct-edit → allow","status":"passed","title":".review nested / direct-edit → allow","duration":0.15282700000000204,"failureMessages":[],"meta":{}},{"ancestorTitles":["AC#9 scenario matrix"],"fullName":"AC#9 scenario matrix architecture.md / no override → allow","status":"passed","title":"architecture.md / no override → allow","duration":0.14969800000000077,"failureMessages":[],"meta":{}},{"ancestorTitles":["AC#9 scenario matrix"],"fullName":"AC#9 scenario matrix architecture.md / draft fallback → allow","status":"passed","title":"architecture.md / draft fallback → allow","duration":0.13963300000000345,"failureMessages":[],"meta":{}},{"ancestorTitles":["AC#9 scenario matrix"],"fullName":"AC#9 scenario matrix architecture.md / direct-edit → allow","status":"passed","title":"architecture.md / direct-edit → allow","duration":0.24156799999997247,"failureMessages":[],"meta":{}},{"ancestorTitles":["AC#9 scenario matrix"],"fullName":"AC#9 scenario matrix issue_queue_index.md / no override → allow","status":"passed","title":"issue_queue_index.md / no override → allow","duration":0.15382599999998092,"failureMessages":[],"meta":{}},{"ancestorTitles":["AC#9 scenario matrix"],"fullName":"AC#9 scenario matrix issue_queue_index.md / draft fallback → allow","status":"passed","title":"issue_queue_index.md / draft fallback → allow","duration":0.17341500000003407,"failureMessages":[],"meta":{}},{"ancestorTitles":["AC#9 scenario matrix"],"fullName":"AC#9 scenario matrix issue_queue_index.md / direct-edit → allow","status":"passed","title":"issue_queue_index.md / direct-edit → allow","duration":0.1414190000000417,"failureMessages":[],"meta":{}},{"ancestorTitles":["AC#9 scenario matrix"],"fullName":"AC#9 scenario matrix CLAUDE.md / no override → allow","status":"passed","title":"CLAUDE.md / no override → allow","duration":0.14775500000001784,"failureMessages":[],"meta":{}},{"ancestorTitles":["AC#9 scenario matrix"],"fullName":"AC#9 scenario matrix CLAUDE.md / draft fallback → allow","status":"passed","title":"CLAUDE.md / draft fallback → allow","duration":0.1395509999999831,"failureMessages":[],"meta":{}},{"ancestorTitles":["AC#9 scenario matrix"],"fullName":"AC#9 scenario matrix CLAUDE.md / direct-edit → allow","status":"passed","title":"CLAUDE.md / direct-edit → allow","duration":0.1394419999999741,"failureMessages":[],"meta":{}},{"ancestorTitles":["AC#9 scenario matrix"],"fullName":"AC#9 scenario matrix .claude/skills / no override → allow","status":"passed","title":".claude/skills / no override → allow","duration":0.13640500000002476,"failureMessages":[],"meta":{}},{"ancestorTitles":["AC#9 scenario matrix"],"fullName":"AC#9 scenario matrix .claude/skills / draft fallback → allow","status":"passed","title":".claude/skills / draft fallback → allow","duration":0.13802099999998063,"failureMessages":[],"meta":{}},{"ancestorTitles":["AC#9 scenario matrix"],"fullName":"AC#9 scenario matrix .claude/skills / direct-edit → allow","status":"passed","title":".claude/skills / direct-edit → allow","duration":0.13711499999999432,"failureMessages":[],"meta":{}},{"ancestorTitles":["AC#9 scenario matrix"],"fullName":"AC#9 scenario matrix .ao / no override → allow","status":"passed","title":".ao / no override → allow","duration":0.13740599999999858,"failureMessages":[],"meta":{}},{"ancestorTitles":["AC#9 scenario matrix"],"fullName":"AC#9 scenario matrix .ao / draft fallback → allow","status":"passed","title":".ao / draft fallback → allow","duration":0.13547999999997273,"failureMessages":[],"meta":{}},{"ancestorTitles":["AC#9 scenario matrix"],"fullName":"AC#9 scenario matrix .ao / direct-edit → allow","status":"passed","title":".ao / direct-edit → allow","duration":0.13506399999999985,"failureMessages":[],"meta":{}},{"ancestorTitles":["AC#9 scenario matrix"],"fullName":"AC#9 scenario matrix implementation path / no override → deny","status":"passed","title":"implementation path / no override → deny","duration":0.19552099999998518,"failureMessages":[],"meta":{}},{"ancestorTitles":["AC#9 scenario matrix"],"fullName":"AC#9 scenario matrix implementation path / draft fallback (N/A bypass) → deny","status":"passed","title":"implementation path / draft fallback (N/A bypass) → deny","duration":0.21857699999998204,"failureMessages":[],"meta":{}},{"ancestorTitles":["AC#9 scenario matrix"],"fullName":"AC#9 scenario matrix implementation path / direct-edit → allow","status":"passed","title":"implementation path / direct-edit → allow","duration":0.15906499999999824,"failureMessages":[],"meta":{}},{"ancestorTitles":["formatDenyOutput"],"fullName":"formatDenyOutput emits PreToolUse deny JSON with exit-0 contract","status":"passed","title":"emits PreToolUse deny JSON with exit-0 contract","duration":0.2527490000000512,"failureMessages":[],"meta":{}}],"startTime":1783497857305,"endTime":1783497857319.2527,"status":"passed","message":"","name":"/home/che/.ao/data/worktrees/orchestrator-pack/orchestrator-pack-43/scripts/guard-direct-edit.test.ts"},{"assertionResults":[{"ancestorTitles":["AO 0.10 harness review bridge (Issue #658)"],"fullName":"AO 0.10 harness review bridge (Issue #658) guards trusted pack prompt, bridge, and mapper paths statically","status":"passed","title":"guards trusted pack prompt, bridge, and mapper paths statically","duration":0.9277280000000019,"failureMessages":[],"meta":{}},{"ancestorTitles":["AO 0.10 harness review bridge (Issue #658)"],"fullName":"AO 0.10 harness review bridge (Issue #658) rejects worker-worktree shadowing for prompt resolution","status":"passed","title":"rejects worker-worktree shadowing for prompt resolution","duration":0.5105929999999717,"failureMessages":[],"meta":{}},{"ancestorTitles":["AO 0.10 harness review bridge (Issue #658)"],"fullName":"AO 0.10 harness review bridge (Issue #658) submits mapper-normalized [Pn] structured findings","status":"passed","title":"submits mapper-normalized [Pn] structured findings","duration":74.21511700000008,"failureMessages":[],"meta":{}},{"ancestorTitles":["AO 0.10 harness review bridge (Issue #658)"],"fullName":"AO 0.10 harness review bridge (Issue #658) matches invoke-pack-review mapper golden shape","status":"passed","title":"matches invoke-pack-review mapper golden shape","duration":1.2051179999999704,"failureMessages":[],"meta":{}},{"ancestorTitles":["AO 0.10 harness review bridge (Issue #658)"],"fullName":"AO 0.10 harness review bridge (Issue #658) submits clean findingCount:0 / NO_FINDINGS contract","status":"passed","title":"submits clean findingCount:0 / NO_FINDINGS contract","duration":44.806291999999985,"failureMessages":[],"meta":{}},{"ancestorTitles":["AO 0.10 harness review bridge (Issue #658)"],"fullName":"AO 0.10 harness review bridge (Issue #658) fails closed on contradictory review_output without prose scraping","status":"passed","title":"fails closed on contradictory review_output without prose scraping","duration":19.96892600000001,"failureMessages":[],"meta":{}},{"ancestorTitles":["AO 0.10 harness review bridge (Issue #658)"],"fullName":"AO 0.10 harness review bridge (Issue #658) rejects prose-only submit markers","status":"passed","title":"rejects prose-only submit markers","duration":9.321178000000032,"failureMessages":[],"meta":{}},{"ancestorTitles":["AO 0.10 harness review bridge (Issue #658)"],"fullName":"AO 0.10 harness review bridge (Issue #658) kill-switch aborts before submit","status":"passed","title":"kill-switch aborts before submit","duration":8.924102000000062,"failureMessages":[],"meta":{}},{"ancestorTitles":["AO 0.10 harness review bridge (Issue #658)"],"fullName":"AO 0.10 harness review bridge (Issue #658) single nested codex review budget guard blocks re-entry","status":"passed","title":"single nested codex review budget guard blocks re-entry","duration":1.126875000000041,"failureMessages":[],"meta":{}},{"ancestorTitles":["AO 0.10 harness review bridge (Issue #658)"],"fullName":"AO 0.10 harness review bridge (Issue #658) classifies unset reviewers before trigger","status":"passed","title":"classifies u
[...]
},{"assertionResults":[{"ancestorTitles":["scope-guard normalization edge cases"],"fullName":"scope-guard normalization edge cases rejects parent traversal, drive letters, and absolute paths","status":"passed","title":"rejects parent traversal, drive letters, and absolute paths","duration":5.224937999999952,"failureMessages":[],"meta":{}},{"ancestorTitles":["scope-guard normalization edge cases"],"fullName":"scope-guard normalization edge cases rejects mixed slashes and UNC-style paths","status":"passed","title":"rejects mixed slashes and UNC-style paths","duration":0.6983389999999758,"failureMessages":[],"meta":{}},{"ancestorTitles":["scope-guard normalization edge cases"],"fullName":"scope-guard normalization edge cases treats symlink-like path segments as literal path components","status":"passed","title":"treats symlink-like path segments as literal path components","duration":0.1662279999999896,"failureMessages":[],"meta":{}},{"ancestorTitles":["scope-guard normalization edge cases"],"fullName":"scope-guard normalization edge cases matches control-artifact globs","status":"passed","title":"matches control-artifact globs","duration":0.35698200000001634,"failureMessages":[],"meta":{}},{"ancestorTitles":["scope-guard normalization edge cases"],"fullName":"scope-guard normalization edge cases matches declared globs used by runtime checks","status":"passed","title":"matches declared globs used by runtime checks","duration":0.17586399999999003,"failureMessages":[],"meta":{}}],"startTime":1783497961044,"endTime":1783497961051.1758,"status":"passed","message":"","name":"/home/che/.ao/data/worktrees/orchestrator-pack/orchestrator-pack-43/plugins/ao-scope-guard/tests/normalize_edge.test.ts"},{"assertionResults":[{"ancestorTitles":["applyAmendment"],"fullName":"applyAmendment records the first amendment and updates active scope hash","status":"passed","title":"records the first amendment and updates active scope hash","duration":2.791237999999993,"failureMessages":[],"meta":{}},{"ancestorTitles":["applyAmendment"],"fullName":"applyAmendment rejects a second amendment within the same iteration","status":"passed","title":"rejects a second amendment within the same iteration","duration":0.4439910000000111,"failureMessages":[],"meta":{}}],"startTime":1783497954444,"endTime":1783497954446.7913,"status":"passed","message":"","name":"/home/che/.ao/data/worktrees/orchestrator-pack/orchestrator-pack-43/plugins/ao-task-declaration/tests/amendment.test.ts"},{"assertionResults":[{"ancestorTitles":["baseline"],"fullName":"baseline computes a stable active_scope_hash","status":"passed","title":"computes a stable active_scope_hash","duration":1.8017619999999965,"failureMessages":[],"meta":{}},{"ancestorTitles":["baseline"],"fullName":"baseline records baseline metadata from a clean synthetic repo","status":"passed","title":"records baseline metadata from a clean synthetic repo","duration":1334.341368,"failureMessages":[],"meta":{}},{"ancestorTitles":["baseline"],"fullName":"baseline rejects dirty worktrees and ignores runtime mirror paths","status":"passed","title":"rejects dirty worktrees and ignores runtime mirror paths","duration":2353.941303,"failureMessages":[],"meta":{}}],"startTime":1783497950489,"endTime":1783497954178.9414,"status":"passed","message":"","name":"/home/che/.ao/data/worktrees/orchestrator-pack/orchestrator-pack-43/plugins/ao-task-declaration/tests/baseline.test.ts"},{"assertionResults":[{"ancestorTitles":["resolveIterationId"],"fullName":"resolveIterationId uses AO_SESSION_ID when present","status":"passed","title":"uses AO_SESSION_ID when present","duration":2.411281000000031,"failureMessages":[],"meta":{}},{"ancestorTitles":["resolveIterationId"],"fullName":"resolveIterationId falls back to wrapper-generated ids when AO session id is missing","status":"passed","title":"falls back to wrapper-generated ids when AO session id is missing","duration":1.484961999999996,"failureMessages":[],"meta":{}},{"ancestorTitles":["resolveIterationId"],"fullName":"resolveIterationId reuses a provided fallback iteration id for local amend flows","status":"passed","title":"reuses a provided fallback iteration id for local amend flows","duration":0.20432999999997037,"failureMessages":[],"meta":{}},{"ancestorTitles":["resolveIterationId"],"fullName":"resolveIterationId prefers explicit iteration ids over fallback values","status":"passed","title":"prefers explicit iteration ids over fallback values","duration":0.14702999999997246,"failureMessages":[],"meta":{}}],"startTime":1783497961795,"endTime":1783497961799.2043,"status":"passed","message":"","name":"/home/che/.ao/data/worktrees/orchestrator-pack/orchestrator-pack-43/plugins/ao-task-declaration/tests/iteration.test.ts"},{"assertionResults":[{"ancestorTitles":["snapshot and mirror writers"],"fullName":"snapshot and mirror writers writes committed snapshots under docs/declarations","status":"passed","title":"writes committed snapshots under docs/declarations","duration":1545.793038,"failureMessages":[],"meta":{}},{"ancestorTitles":["snapshot and mirror writers"],"fullName":"snapshot and mirror writers writes runtime mirrors under .ao/declarations","status":"passed","title":"writes runtime mirrors under .ao/declarations","duration":1125.8386650000002,"failureMessages":[],"meta":{}},{"ancestorTitles":["snapshot and mirror writers"],"fullName":"snapshot and mirror writers persists JSON with trailing newline","status":"passed","title":"persists JSON with trailing newline","duration":1471.519222,"failureMessages":[],"meta":{}}],"startTime":1783497955334,"endTime":1783497959477.5193,"status":"passed","message":"","name":"/home/che/.ao/data/worktrees/orchestrator-pack/orchestrator-pack-43/plugins/ao-task-declaration/tests/snapshot.test.ts"},{"assertionResults":[{"ancestorTitles":["validateDeclaredScope"],"fullName":"validateDeclaredScope accepts declared paths within allowed_roots and outside denylist","status":"passed","title":"accepts declared paths within allowed_roots and outside denylist","duration":1.6714080000000138,"failureMessages":[],"meta":{}},{"ancestorTitles":["validateDeclaredScope"],"fullName":"validateDeclaredScope rejects declared paths that intersect the denylist","status":"passed","title":"rejects declared paths that intersect the denylist","duration":0.6565379999999834,"failureMessages":[],"meta":{}},{"ancestorTitles":["validateDeclaredScope"],"fullName":"validateDeclaredScope accepts declared paths under directory-style allowed_roots entries","status":"passed","title":"accepts declared paths under directory-style allowed_roots entries","duration":0.12357000000000085,"failureMessages":[],"meta":{}},{"ancestorTitles":["validateDeclaredScope"],"fullName":"validateDeclaredScope rejects declared paths outside allowed_roots when present","status":"passed","title":"rejects declared paths outside allowed_roots when present","duration":0.1994669999999985,"failureMessages":[],"meta":{}},{"ancestorTitles":["validateDeclaredScope"],"fullName":"validateDeclaredScope rejects declared globs that overlap denylist patterns","status":"passed","title":"rejects declared globs that overlap denylist patterns","duration":0.1525310000000104,"failureMessages":[],"meta":{}},{"ancestorTitles":["validateDeclaredScope"],"fullName":"validateDeclaredScope allows declarations without allowed_roots upper bound","status":"passed","title":"allows declarations without allowed_roots upper bound","duration":0.2137610000000052,"failureMessages":[],"meta":{}},{"ancestorTitles":["validateDeclaredScope"],"fullName":"validateDeclaredScope requires at least one declared path or glob","status":"passed","title":"requires at least one declared path or glob","duration":0.10500600000000304,"failureMessages":[],"meta":{}}],"startTime":1783497949970,"endTime":1783497949973.2139,"status":"passed","message":"","name":"/home/che/.ao/data/worktrees/orchestrator-pack/orchestrator-pack-43/plugins/ao-task-declaration/tests/validate.test.ts"},{"assertionResults":[{"ancestorTitles":["aggregateChain"],"fullName":"aggregateChain sums available cost rows without zero-filling missing totals","status":"passed","title":"sums available cost rows without zero-filling missing totals","duration":1.3591410000000224,"failureMessages":[],"meta":{}},{"ancestorTitles":["aggregateChain"],"fullName":"aggregateChain groups totals by role tag","status":"passed","title":"groups totals by role tag","duration":8.072831000000008,"failureMessages":[],"meta":{}},{"ancestorTitles":["aggregateChain"],"fullName":"aggregateChain preserves unknown event_kind values","status":"passed","title":"preserves unknown event_kind values","duration":0.3112169999999992,"failureMessages":[],"meta":{}},{"ancestorTitles":["aggregateChain"],"fullName":"aggregateChain prefers ao-session-cost over later parsed cost-observed for the same session","status":"passed","title":"prefers ao-session-cost over later parsed cost-observed for the same session","duration":0.5769839999999817,"failureMessages":[],"meta":{}},{"ancestorTitles":["aggregateChain"],"fullName":"aggregateChain does not mark started+finished sessions as missing cost","status":"passed","title":"does not mark started+finished sessions as missing cost","duration":0.5289379999999824,"failureMessages":[],"meta":{}},{"ancestorTitles":["aggregateChain"],"fullName":"aggregateChain marks sessions with no billable cost as missing after scanning all rows","status":"passed","title":"marks sessions with no billable cost as missing after scanning all rows","duration":0.166246000000001,"failureMessages":[],"meta":{}},{"ancestorTitles":["aggregateChain"],"fullName":"aggregateChain dedupes session-level cost to one row per session_id","status":"passed","title":"dedupes session-level cost to one row per session_id","duration":0.19239699999997129,"failureMessages":[],"meta":{}},{"ancestorTitles":["aggregateChain"],"fullName":"aggregateChain counts finding signature recurrence","status":"passed","title":"counts finding signature recurrence","duration":0.728227000000004,"failureMessages":[],"meta":{}}],"startTime":1783497939615,"endTime":1783497939626.7283,"status":"passed","message":"","name":"/home/che/.ao/data/worktrees/orchestrator-pack/orchestrator-pack-43/plugins/ao-token-chain-ledger/tests/aggregate.test.ts"},{"assertionResults":[{"ancestorTitles":["computeConvergence"],"fullName":"computeConvergence reports converged when review flags finding then fix and clean review","status":"passed","title":"reports converged when review flags finding then fix and clean review","duration":9.354083000000003,"failureMessages":[],"meta":{}},{"ancestorTitles":["computeConvergence"],"fullName":"computeConvergence detects repeated signatures across iterations","status":"passed","title":"detects repeated signatures across iterations","duration":1.2353600000000142,"failureMessages":[],"meta":{}},{"ancestorTitles":["computeConvergence"],"fullName":"computeConvergence reports converged after CI failure then fix","status":"passed","title":"reports converged after CI failure then fix","duration":0.533883000000003,"failureMessages":[],"meta":{}},{"ancestorTitles":["computeConvergence"],"fullName":"computeConvergence preserves loop accounting when cost data is missing","status":"passed","title":"preserves loop accounting when cost data is missing","duration":0.40735599999999295,"failureMessages":[],"meta":{}},{"ancestorTitles":["computeConvergence"],"fullName":"computeConvergence marks escalated when an escalation event is present","status":"passed","title":"marks escalated when an escalation event is present","duration":0.21541600000000471,"failureMessages":[],"meta":{}},{"ancestorTitles":["computeConvergence"],"fullName":"computeConvergence accounts for rows with null iteration_id under (no-iteration-id)","status":"passed","title":"accounts for rows with null iteration_id under (no-iteration-id)","duration":0.2035720000000083,"failureMessages":[],"meta":{}},{"ancestorTitles":["computeConvergence"],"fullName":"computeConvergence keeps literal (none) iteration_id separate from the null bucket","status":"passed","title":"keeps literal (none) iteration_id separate from the null bucket","duration":0.20580899999998792,"failureMessages":[],"meta":{}},{"ancestorTitles":["isIterationConverged"],"fullName":"isIterationConverged requires no blocking findings, scope violations, or CI failures","status":"passed","title":"requires no blocking findings, scope violations, or CI failures","duration":0.15969400000000178,"failureMessages":[],"meta":{}}],"startTime":1783497922537,"endTime":1783497922549.2153,"status":"passed","message":"","name":"/home/che/.ao/data/worktrees/orchestrator-pack/orchestrator-pack-43/plugins/ao-token-chain-ledger/tests/convergence.test.ts"},{"assertionResults":[{"ancestorTitles":["computeFindingSignature"],"fullName":"computeFindingSignature matches architecture #3.F sha256(type, code, normalized path)","status":"passed","title":"matches architecture #3.F sha256(type, code, normalized path)","duration":1.553323000000006,"failureMessages":[],"meta":{}},{"ancestorTitles":["computeFindingSignature"],"fullName":"computeFindingSignature uses empty path segment when path is null","status":"passed","title":"uses empty path segment when path is null","duration":0.16137000000000512,"failureMessages":[],"meta":{}}],"startTime":1783497963484,"endTime":1783497963486.1614,"status":"passed","message":"","name":"/home/che/.ao/data/worktrees/orchestrator-pack/orchestrator-pack-43/plugins/ao-token-chain-ledger/tests/finding_signature.test.ts"},{"assertionResults":[{"ancestorTitles":["session_cost"],"fullName":"session_cost returns unavailable when AO session cost is missing","status":"passed","title":"returns unavailable when AO session cost is missing","duration":1.2105490000000145,"failureMessages":[],"meta":{}},{"ancestorTitles":["session_cost"],"fullName":"session_cost reads documented AgentSessionInfo.cost fields (snake_case)","status":"passed","title":"reads documented AgentSessionInfo.cost fields (snake_case)","duration":0.44529899999997724,"failureMessages":[],"meta":{}},{"ancestorTitles":["session_cost"],"fullName":"session_cost reads documented AgentSessionInfo.cost fields (camelCase)","status":"passed","title":"reads documented AgentSessionInfo.cost fields (camelCase)","duration":0.16508299999998144,"failureMessages":[],"meta":{}},{"ancestorTitles":["session_cost"],"fullName":"session_cost parses known cost lines from agent stdout","status":"passed","title":"parses known cost lines from agent stdout","duration":0.786077999999975,"failureMessages":[],"meta":{}},{"ancestorTitles":["session_cost"],"fullName":"session_cost parses estimated_cost_usd snake_case field from agent stdout","status":"passed","title":"parses estimated_cost_usd snake_case field from agent stdout","duration":0.24737800000002608,"failureMessages":[],"meta":{}},{"ancestorTitles":["session_cost"],"fullName":"session_cost does not attach session cost to started events","status":"passed","title":"does not attach session cost to started events","duration":0.14224099999995587,"failureMessages":[],"meta":{}},{"ancestorTitles":["session_cost"],"fullName":"session_cost attaches session cost to finished events","status":"passed","title":"attaches session cost to finished events","duration":0.11146700000000465,"failureMessages":[],"meta":{}},{"ancestorTitles":["session_cost"],"fullName":"session_cost prefers ao-session-cost over agent-output-parse","status":"passed","title":"prefers ao-session-cost over agent-output-parse","duration":5.3364349999999945,"failureMessages":[],"meta":{}}],"startTime":1783497947889,"endTime":1783497947897.3364,"status":"passed","message":"","name":"/home/che/.ao/data/worktrees/orchestrator-pack/orchestrator-pack-43/plugins/ao-token-chain-ledger/tests/session_cost.test.ts"},{"assertionResults":[{"ancestorTitles":["writer"],"fullName":"writer resolves chain_id from AO_CHAIN_ID first","status":"passed","title":"resolves chain_id from AO_CHAIN_ID first","duration":13.776004,"failureMessages":[],"meta":{}},{"ancestorTitles":["writer"],"fullName":"writer prefers session chain_id over task_id when both are present","status":"passed","title":"prefers session chain_id over task_id when both are present","duration":38.231529999999964,"failureMessages":[],"meta":{}},{"ancestorTitles":["writer"],"fullName":"writer resolves chain_id from AO task_id when chain_id is absent","status":"passed","title":"resolves chain_id from AO task_id when chain_id is absent","duration":10.110458999999992,"failureMessages":[],"meta":{}},{"ancestorTitles":["writer"],"fullName":"writer resolves chain_id from camelCase taskId in session metadata","status":"passed","title":"resolves chain_id from camelCase taskId in session metadata","duration":16.668115999999998,"failureMessages":[],"meta":{}},{"ancestorTitles":["writer"],"fullName":"writer resolves chain_id from AO_TASK_ID env when session metadata lacks chain_id","status":"passed","title":"resolves chain_id from AO_TASK_ID env when session metadata lacks chain_id","duration":23.747974,"failureMessages":[],"meta":{}},{"ancestorTitles":["writer"],"fullName":"writer falls back to issue-{n} when no higher-priority source exists","status":"passed","title":"falls back to issue-{n} when no higher-priority source exists","duration":12.634046000000012,"failureMessages":[],"meta":{}},{"ancestorTitles":["writer"],"fullName":"writer records unavailable parent_session_id without throwing","status":"passed","title":"records unavailable parent_session_id without throwing","duration":0.4316289999999867,"failureMessages":[],"meta":{}},{"ancestorTitles":["writer"],"fullName":"writer marks parent_session_id_source ao when parent comes from session metadata","status":"passed","title":"marks parent_session_id_source ao when parent comes from session metadata","duration":0.16272199999997383,"failureMessages":[],"meta":{}},{"ancestorTitles":["writer"],"fullName":"writer marks parent_session_id_source ao when parent comes from AO_PARENT_SESSION_ID","status":"passed","title":"marks parent_session_id_source ao when parent comes from AO_PARENT_SESSION_ID","duration":0.2201809999999682,"failureMessages":[],"meta":{}},{"ancestorTitles":["writer"],"fullName":"writer prepareLedgerRow uses ao parent source from session metadata","status":"passed","title":"prepareLedgerRow uses ao parent source from session metadata","duration":14.40791200000001,"failureMessages":[],"meta":{}},{"ancestorTitles":["writer"],"fullName":"writer uses agentSessionId from AO session metadata when AO_SESSION_ID is unset","status":"passed","title":"uses agentSessionId from AO session metadata when AO_SESSION_ID is unset","duration":27.549226999999973,"failureMessages":[],"meta":{}},{"ancestorTitles":["writer"],"fullName":"writer prefers AO_SESSION_ID over agentSessionId in session metadata","status":"passed","title":"prefers AO_SESSION_ID over agentSessionId in session metadata","duration":10.079040999999961,"failureMessages":[],"meta":{}},{"ancestorTitles":["writer"],"fullName":"writer leaves cost unavailable on started events even when session info has cost","status":"passed","title":"leaves cost unavailable on started events even when session info has cost","duration":9.234862000000021,"failureMessages":[],"meta":{}},{"ancestorTitles":["writer"],"fullName":"writer appends rows to repo-local .ao/ledger/events.jsonl","status":"passed","title":"appends rows to repo-local .ao/ledger/events.jsonl","duration":14.581099999999992,"failureMessages":[],"meta":{}},{"ancestorTitles":["writer"],"fullName":"writer persists wrapper-generated chain_id for reuse","status":"passed","title":"persists wrapper-generated chain_id for reuse","duration":14.264695999999958,"failureMessages":[],"meta":{}}],"startTime":1783497939037,"endTime":1783497939243.2646,"status":"passed","message":"","name":"/home/che/.ao/data/worktrees/orchestrator-pack/orchestrator-pack-43/plugins/ao-token-chain-ledger/tests/writer.test.ts"}]}