{"numTotalTestSuites":325,"numPassedTestSuites":321,"numFailedTestSuites":4,"numPendingTestSuites":0,"numTotalTests":1254,"numPassedTests":1249,"numFailedTests":5,"numPendingTests":0,"numTodoTests":0,"snapshot":{"added":0,"failure":false,"filesAdded":0,"filesRemoved":0,"filesRemovedList":[],"filesUnmatched":0,"filesUpdated":0,"matched":0,"total":0,"unchecked":0,"uncheckedKeysByFile":[],"unmatched":0,"updated":0,"didUpdate":false},"startTime":1784079298635,"success":false,"testResults":[{"assertionResults":[{"ancestorTitles":["agent rules relocation completeness"],"fullName":"agent rules relocation completeness preserves worker-normative MUST/trigger phrases in AGENTS.md","status":"passed","title":"preserves worker-normative MUST/trigger phrases in AGENTS.md","duration":511.084528,"failureMessages":[],"meta":{},"tags":[]},{"ancestorTitles":["agent rules relocation completeness"],"fullName":"agent rules relocation completeness places script-owned phrases in docs targets only","status":"passed","title":"places script-owned phrases in docs targets only","duration":498.76699099999996,"failureMessages":[],"meta":{},"tags":[]},{"ancestorTitles":["agent rules relocation completeness"],"fullName":"agent rules relocation completeness keeps RCA pointer targets outside AGENTS.md normative body","status":"passed","title":"keeps RCA pointer targets outside AGENTS.md normative body","duration":495.72098300000016,"failureMessages":[],"meta":{},"tags":[]},{"ancestorTitles":["agent rules live-reference gate"],"fullName":"agent rules live-reference gate finds no live agent_rules.md references outside excluded paths","status":"failed","title":"finds no live agent_rules.md references outside excluded paths","duration":534.0697409999998,"failureMessages":["Error: EISDIR: illegal operation on a directory, read\n    at readFileSync (node:fs:440:20)\n    at walk (/home/runner/work/orchestrator-pack/orchestrator-pack/tests/agents-md-relocation.test.ts:60:22)\n    at /home/runner/work/orchestrator-pack/orchestrator-pack/tests/agents-md-relocation.test.ts:66:5\n    at file:///home/runner/work/orchestrator-pack/orchestrator-pack/trusted-scope-guard/node_modules/@vitest/runner/dist/chunk-artifact.js:302:11\n    at file:///home/runner/work/orchestrator-pack/orchestrator-pack/trusted-scope-guard/node_modules/@vitest/runner/dist/chunk-artifact.js:1903:26\n    at file:///home/runner/work/orchestrator-pack/orchestrator-pack/trusted-scope-guard/node_modules/@vitest/runner/dist/chunk-artifact.js:2326:20\n    at new Promise (<anonymous>)\n    at runWithCancel (file:///home/runner/work/orchestrator-pack/orchestrator-pack/trusted-scope-guard/node_modules/@vitest/runner/dist/chunk-artifact.js:2323:10)\n    at file:///home/runner/work/orchestrator-pack/orchestrator-pack/trusted-scope-guard/node_modules/@vitest/runner/dist/chunk-artifact.js:2305:20\n    at new Promise (<anonymous>)"],"meta":{},"tags":[]}],"startTime":1784079686988,"endTime":1784079689029.0698,"status":"failed","message":"","name":"/home/runner/work/orchestrator-pack/orchestrator-pack/tests/agents-md-relocation.test.ts"},{"assertionResults":[{"ancestorTitles":["AGENTS.md size budget"],"fullName":"AGENTS.md size budget keeps AGENTS.md at or below the CI byte and line ceiling","status":"passed","title":"keeps AGENTS.md at or below the CI byte and line ceiling","duration":558.971219,"failureMessages":[],"meta":{},"tags":[]}],"startTime":1784079717121,"endTime":1784079717679.9712,"status":"passed","message":"","name":"/home/runner/work/orchestrator-pack/orchestrator-pack/tests/agents-md-size-budget.test.ts"},{"assertionResults":[{"ancestorTitles":["stub-pack docs import-closure guard (#508)"],"fullName":"stub-pack docs import-closure guard (#508) fails with (fixture site, module, missingDep) for synthetic missing sibling import","status":"passed","title":"fails with (fixture site, module, missingDep) for synthetic missing sibling import","duration":559.994461,"failureMessages":[],"meta":{},"tags":[]},{"ancestorTitles":["stub-pack docs import-closure guard (#508)"],"fullName":"stub-pack docs import-closure guard (#508) times out cleanly for a non-import-safe module without hanging the vitest worker","status":"passed","title":"times out cleanly for a non-import-safe module without hanging the vitest worker","duration":1054.874042,"failureMessages":[],"meta":{},"tags":[]}],"startTime":1784079707298,"endTime":1784079708912.874,"status":"passed","message":"","name":"/home/runner/work/orchestrator-pack/orchestrator-pack/scripts/_test-stub-pack-import-closure.test.ts"},{"assertionResults":[{"ancestorTitles":["AO 0.10 review trigger API (Issue #623)"],"fullName":"AO 0.10 review trigger API (Issue #623) buildReviewTriggerInvocation binds POST /reviews/trigger","status":"passed","title":"buildReviewTriggerInvocation binds POST /reviews/trigger","duration":509.84915,"failureMessages":[],"meta":{},"tags":[]},{"ancestorTitles":["AO 0.10 review trigger API (Issue #623)"],"fullName":"AO 0.10 review trigger API (Issue #623) buildReviewRunArgv delegates to ao-review shim argv","status":"passed","title":"buildReviewRunArgv delegates to ao-review shim argv","duration":529.595458,"failureMessages":[],"meta":{},"tags":[]},{"ancestorTitles":["AO 0.10 review trigger API (Issue #623)"],"fullName":"AO 0.10 review trigger API (Issue #623) classifies trigger 201/200 capture payloads","status":"passed","title":"classifies trigger 201/200 capture payloads","duration":546.028008,"failureMessages":[],"meta":{},"tags":[]},{"ancestorTitles":["AO 0.10 review trigger API (Issue #623)"],"fullName":"AO 0.10 review trigger API (Issue #623) flattens session reviews list into legacy run rows","status":"passed","title":"flattens session reviews list into legacy run rows","duration":534.2438700000002,"failureMessages":[],"meta":{},"tags":[]},{"ancestorTitles":["AO 0.10 review trigger API (Issue #623)"],"fullName":"AO 0.10 review trigger API (Issue #623) project config harness evaluation matches codex incumbent","status":"passed","title":"project config harness evaluation matches codex incumbent","duration":585.928249,"failureMessages":[],"meta":{},"tags":[]},{"ancestorTitles":["AO 0.10 review trigger API (Issue #623)"],"fullName":"AO 0.10 review trigger API (Issue #623) forbids legacy ao review run in mechanical guards","status":"passed","title":"forbids legacy ao review run in mechanical guards","duration":524.6556960000003,"failureMessages":[],"meta":{},"tags":[]},{"ancestorTitles":["AO 0.10 review trigger API (Issue #623)"],"fullName":"AO 0.10 review trigger API (Issue #623) review-before-cleanup gate blocks running latestRun for current head","status":"passed","title":"review-before-cleanup gate blocks running latestRun for current head","duration":541.517382,"failureMessages":[],"meta":{},"tags":[]},{"ancestorTitles":["AO 0.10 review trigger API (Issue #623)"],"fullName":"AO 0.10 review trigger API (Issue #623) ao-review shim replays trigger capture (fixture mode)","status":"passed","title":"ao-review shim replays trigger capture (fixture mode)","duration":1621.3047610000003,"failureMessages":[],"meta":{},"tags":[]},{"ancestorTitles":["AO 0.10 review trigger API (Issue #623)"],"fullName":"AO 0.10 review trigger API (Issue #623) ao-review send exits REMOVED without silent success","status":"passed","title":"ao-review send exits REMOVED without silent success","duration":1474.9457119999997,"failureMessages":[],"meta":{},"tags":[]},{"ancestorTitles":["AO 0.10 review trigger API (Issue #623)"],"fullName":"AO 0.10 review trigger API (Issue #623) wake/reconcile/reeval entry scripts call Invoke-AoReviewTriggerForWorker not ao review run","status":"passed","title":"wake/reconcile/reeval entry scripts call Invoke-AoReviewTriggerForWorker not ao review run","duration":507.491814,"failureMessages":[],"meta":{},"tags":[]},{"ancestorTitles":["AO 0.10 review trigger API (Issue #623)"],"fullName":"AO 0.10 review trigger API (Issue #623) worker recovery enforces review-before-cleanup gate before worktree remove","status":"passed","title":"worker recovery enforces review-before-cleanup gate before worktree remove","duration":596.6760039999999,"failureMessages":[],"meta":{},"tags":[]},{"ancestorTitles":["AO 0.10 review trigger API (Issue #623)"],"fullName":"AO 0.10 review trigger API (Issue #623) Invoke-AoReviewApi uses SkipHttpErrorCheck on PowerShell 7+ for allowed-status handling","status":"passed","title":"Invoke-AoReviewApi uses SkipHttpErrorCheck on PowerShell 7+ for allowed-status handling","duration":589.8634269999984,"failureMessages":[],"meta":{},"tags":[]},{"ancestorTitles":["AO 0.10 review trigger API (Issue #623)"],"fullName":"AO 0.10 review trigger API (Issue #623) Invoke-AoReviewTriggerForWorker classifies HTTP 422 fixture as review_trigger_invalid","status":"passed","title":"Invoke-AoReviewTriggerForWorker classifies HTTP 422 fixture as review_trigger_invalid","duration":1449.915137,"failureMessages":[],"meta":{},"tags":[]},{"ancestorTitles":["AO 0.10 review trigger API (Issue #623)"],"fullName":"AO 0.10 review trigger API (Issue #623) Read-AoHttpResponseBodyText reads HttpResponseMessage bodies on PowerShell 7","status":"passed","title":"Read-AoHttpResponseBodyText reads HttpResponseMessage bodies on PowerShell 7","duration":1301.3235299999997,"failureMessages":[],"meta":{},"tags":[]},{"ancestorTitles":["AO 0.10 review trigger API (Issue #623)"],"fullName":"AO 0.10 review trigger API (Issue #623) Get-AoReviewRunsFromWorkerSessions fails closed when all session review fetches fail","status":"passed","title":"Get-AoReviewRunsFromWorkerSessions fails closed when all session review fetches fail","duration":1077.7254459999986,"failureMessages":[],"meta":{},"tags":[]},{"ancestorTitles":["AO 0.10 review trigger API (Issue #623)"],"fullName":"AO 0.10 review trigger API (Issue #623) Get-AoReviewRunsFromWorkerSessions returns partial runs when some session fetches succeed","status":"passed","title":"Get-AoReviewRunsFromWorkerSessions returns partial runs when some session fetches succeed","duration":1367.6905700000007,"failureMessages":[],"meta":{},"tags":[]},{"ancestorTitles":["AO 0.10 review trigger API (Issue #623)"],"fullName":"AO 0.10 review trigger API (Issue #623) Get-AoReviewRunsFromWorkerSessions returns empty array when no worker sessions exist","status":"passed","title":"Get-AoReviewRunsFromWorkerSessions returns empty array when no worker sessions exist","duration":1303.3055550000008,"failureMessages":[],"meta":{},"tags":[]}],"startTime":1784079591587,"endTime":1784079606650.3057,"status":"passed","message":"","name":"/home/runner/work/orchestrator-pack/orchestrator-pack/scripts/ao-0-10-review-trigger.test.ts"},{"assertionResults":[{"ancestorTitles":["AO events degraded correlation sidecars (Issue #688)"],"fullName":"AO events degraded correlation sidecars (Issue #688) loads and calls the shared degraded-correlation helper from all four surviving consumers","status":"passed","title":"loads and calls the shared degraded-correlation helper from all four surviving consumers","duration":480.49844100000007,"failureMessages":[],"meta":{},"tags":[]}],"startTime":1784079716616,"endTime":1784079717096.4985,"status":"passed","message":"","name":"/home/runner/work/orchestrator-pack/orchestrator-pack/scripts/ao-events-correlation-degraded.test.ts"},{"assertionResults":[{"ancestorTitles":["Invoke-AoCliJson AO 0.10 session adapter (Issue #619)"],"fullName":"Invoke-AoCliJson AO 0.10 session adapter (Issue #619) merges worker and orchestrator rows from capture payloads","status":"passed","title":"merges worker and orchestrator rows from capture payloads","duration":1198.406387,"failureMessages":[],"meta":{},"tags":[]},{"ancestorTitles":["Invoke-AoCliJson AO 0.10 session adapter (Issue #619)"],"fullName":"Invoke-AoCliJson AO 0.10 session adapter (Issue #619) includes terminated orchestrator rows in terminated-inclusive merge","status":"passed","title":"includes terminated orchestrator rows in terminated-inclusive merge","duration":1166.6706279999999,"failureMessages":[],"meta":{},"tags":[]},{"ancestorTitles":["Invoke-AoCliJson AO 0.10 session adapter (Issue #619)"],"fullName":"Invoke-AoCliJson AO 0.10 session adapter (Issue #619) fails loud on duplicate ids across worker and orchestrator lists","status":"passed","title":"fails loud on duplicate ids across worker and orchestrator lists","duration":1219.887803,"failureMessages":[],"meta":{},"tags":[]},{"ancestorTitles":["Invoke-AoCliJson AO 0.10 session adapter (Issue #619)"],"fullName":"Invoke-AoCliJson AO 0.10 session adapter (Issue #619) fails loud on malformed rows missing id","status":"passed","title":"fails loud on malformed rows missing id","duration":1335.1950950000005,"failureMessages":[],"meta":{},"tags":[]},{"ancestorTitles":["Invoke-AoCliJson AO 0.10 session adapter (Issue #619)"],"fullName":"Invoke-AoCliJson AO 0.10 session adapter (Issue #619) removed Get-AoStatusReportsJson is not bound (Issue #717)","status":"passed","title":"removed Get-AoStatusReportsJson is not bound (Issue #717)","duration":1359.047165,"failureMessages":[],"meta":{},"tags":[]},{"ancestorTitles":["Invoke-AoCliJson AO 0.10 session adapter (Issue #619)"],"fullName":"Invoke-AoCliJson AO 0.10 session adapter (Issue #619) session-get capture forbids reports field","status":"passed","title":"session-get capture forbids reports field","duration":519.7619919999997,"failureMessages":[],"meta":{},"tags":[]},{"ancestorTitles":["Invoke-AoCliJson AO 0.10 session adapter (Issue #619)"],"fullName":"Invoke-AoCliJson AO 0.10 session adapter (Issue #619) does not resolve terminated-only orchestrator rows as active session","status":"passed","title":"does not resolve terminated-only orchestrator rows as active session","duration":1065.4842869999993,"failureMessages":[],"meta":{},"tags":[]},{"ancestorTitles":["Invoke-AoCliJson report-full readers (Issue #611)"],"fullName":"Invoke-AoCliJson report-full readers (Issue #611) Get-AoStatusSessionsWithReports decorates fixture report-full payload","status":"passed","title":"Get-AoStatusSessionsWithReports decorates fixture report-full payload","duration":1028.3657089999997,"failureMessages":[],"meta":{},"tags":[]}],"startTime":1784079656429,"endTime":1784079665323.3657,"status":"passed","message":"","name":"/home/runner/work/orchestrator-pack/orchestrator-pack/scripts/ao-session-adapter.test.ts"},{"assertionResults":[{"ancestorTitles":["validateRunnableSpawnCommand"],"fullName":"validateRunnableSpawnCommand accepts AO 0.10.x claim-pr respawn shape","status":"passed","title":"accepts AO 0.10.x claim-pr respawn shape","duration":518.852544,"failureMessages":[],"meta":{},"tags":[]},{"ancestorTitles":["validateRunnableSpawnCommand"],"fullName":"validateRunnableSpawnCommand requires --prompt on spawn-new runnable instructions (#652)","status":"passed","title":"requires --prompt on spawn-new runnable instructions (#652)","duration":515.005851,"failureMessages":[],"meta":{},"tags":[]},{"ancestorTitles":["validateRunnableSpawnCommand"],"fullName":"validateRunnableSpawnCommand fails when --project or --name is removed","status":"passed","title":"fails when --project or --name is removed","duration":458.9420640000001,"failureMessages":[],"meta":{},"tags":[]},{"ancestorTitles":["validateRunnableSpawnCommand"],"fullName":"validateRunnableSpawnCommand enforces the centralized AO 0.10.x display-name limit","status":"passed","title":"enforces the centralized AO 0.10.x display-name limit","duration":670.9710829999999,"failureMessages":[],"meta":{},"tags":[]},{"ancestorTitles":["validateRunnableSpawnCommand"],"fullName":"validateRunnableSpawnCommand parses quoted multi-word --name before enforcing length","status":"passed","title":"parses quoted multi-word --name before enforcing length","duration":515.3343030000001,"failureMessages":[],"meta":{},"tags":[]},{"ancestorTitles":["validateRunnableSpawnCommand"],"fullName":"validateRunnableSpawnCommand rejects another option flag as a missing --project or --name value","status":"passed","title":"rejects another option flag as a missing --project or --name value","duration":529.1459989999998,"failureMessages":[],"meta":{},"tags":[]},{"ancestorTitles":["tokenizeSpawnArgv"],"fullName":"tokenizeSpawnArgv preserves quoted values as single tokens","status":"passed","title":"preserves quoted values as single tokens","duration":484.2809219999999,"failureMessages":[],"meta":{},"tags":[]},{"ancestorTitles":["findRunnableSpawnCommands"],"fullName":"findRunnableSpawnCommands detects indented respawn discipline command lines","status":"passed","title":"detects indented respawn discipline command lines","duration":543.1852160000003,"failureMessages":[],"meta":{},"tags":[]},{"ancestorTitles":["findRunnableSpawnCommands"],"fullName":"findRunnableSpawnCommands ignores never-ao-spawn safety prose in the example yaml","status":"passed","title":"ignores never-ao-spawn safety prose in the example yaml","duration":527.6190470000001,"failureMessages":[],"meta":{},"tags":[]},{"ancestorTitles":["findRunnableSpawnCommands"],"fullName":"findRunnableSpawnCommands detects operator runbook claim-pr templates while skipping negated mentions","status":"passed","title":"detects operator runbook claim-pr templates while skipping negated mentions","duration":483.6607670000003,"failureMessages":[],"meta":{},"tags":[]},{"ancestorTitles":["findRunnableSpawnCommands"],"fullName":"findRunnableSpawnCommands does not skip conditional runnable backtick spawn examples","status":"passed","title":"does not skip conditional runnable backtick spawn examples","duration":545.2140169999993,"failureMessages":[],"meta":{},"tags":[]},{"ancestorTitles":["findRunnableSpawnCommands"],"fullName":"findRunnableSpawnCommands still skips never-ao-spawn safety prose with incidental \"not\" wording","status":"passed","title":"still skips never-ao-spawn safety prose with incidental \"not\" wording","duration":538.425072,"failureMessages":[],"meta":{},"tags":[]},{"ancestorTitles":["findRunnableSpawnCommands"],"fullName":"findRunnableSpawnCommands detects inline runnable spawn commands in prose","status":"passed","title":"detects inline runnable spawn commands in prose","duration":683.6387710000008,"failureMessages":[],"meta":{},"tags":[]},{"ancestorTitles":["scanSpawnShapeCorpus"],"fullName":"scanSpawnShapeCorpus passes on the repository corpus and baseline","status":"passed","title":"passes on the repository corpus and baseline","duration":643.1316340000003,"failureMessages":[],"meta":{},"tags":[]},{"ancestorTitles":["scanSpawnShapeCorpus"],"fullName":"scanSpawnShapeCorpus fails when a claim-pr respawn example drops a required flag","status":"passed","title":"fails when a claim-pr respawn example drops a required flag","duration":527.5465869999998,"failureMessages":[],"meta":{},"tags":[]},{"ancestorTitles":["scanSpawnShapeCorpus"],"fullName":"scanSpawnShapeCorpus does not globally whitelist forbidden runnable line shapes","status":"passed","title":"does not globally whitelist forbidden runnable line shapes","duration":517.0098780000008,"failureMessages":[],"meta":{},"tags":[]},{"ancestorTitles":["scanSpawnShapeCorpus"],"fullName":"scanSpawnShapeCorpus validates placeholder respawn templates in backticks","status":"passed","title":"validates placeholder respawn templates in backticks","duration":519.925663,"failureMessages":[],"meta":{},"tags":[]}],"startTime":1784079623918,"endTime":1784079633141.9258,"status":"passed","message":"","name":"/home/runner/work/orchestrator-pack/orchestrator-pack/scripts/ao-spawn-shape.test.ts"},{"assertionResults":[{"ancestorTitles":["check-supervisor-test-wait-inventory guard (Issue #693)"],"fullName":"check-supervisor-test-wait-inventory guard (Issue #693) production inventory passes","status":"passed","title":"production inventory passes","duration":587.868439,"failureMessages":[],"meta":{},"tags":[]},{"ancestorTitles":["check-supervisor-test-wait-inventory guard (Issue #693)"],"fullName":"check-supervisor-test-wait-inventory guard (Issue #693) negative regression corpus is rejected","status":"passed","title":"negative regression corpus is rejected","duration":563.1084940000001,"failureMessages":[],"meta":{},"tags":[]},{"ancestorTitles":["check-supervisor-test-wait-inventory guard (Issue #693)"],"fullName":"check-supervisor-test-wait-inventory guard (Issue #693) derives heavy-lane fingerprint from vitest.config.ts","status":"passed","title":"derives heavy-lane fingerprint from vitest.config.ts","duration":533.6696440000001,"failureMessages":[],"meta":{},"tags":[]},{"ancestorTitles":["check-supervisor-test-wait-inventory guard (Issue #693)"],"fullName":"check-supervisor-test-wait-inventory guard (Issue #693) heavy-lane RPC artifact manifest is fail-closed clean","status":"passed","title":"heavy-lane RPC artifact manifest is fail-closed clean","duration":589.9564420000002,"failureMessages":[],"meta":{},"tags":[]},{"ancestorTitles":["check-supervisor-test-wait-inventory guard (Issue #693)"],"fullName":"check-supervisor-test-wait-inventory guard (Issue #693) rejects @HEAD placeholder and stale ancestor commitSha in RPC metadata","status":"passed","title":"rejects @HEAD placeholder and stale ancestor commitSha in RPC metadata","duration":561.1784589999997,"failureMessages":[],"meta":{},"tags":[]}],"startTime":1784079702689,"endTime":1784079705525.1785,"status":"passed","message":"","name":"/home/runner/work/orchestrator-pack/orchestrator-pack/scripts/check-supervisor-test-wait-inventory.test.ts"},{"assertionResults":[{"ancestorTitles":["checkContractEvidence fixtures"],"fullName":"checkContractEvidence fixtures passes a grounded capture-backed row","status":"passed","title":"passes a grounded capture-backed row","duration":548.063203,"failureMessages":[],"meta":{},"tags":[]},{"ancestorTitles":["checkContractEvidence fixtures"],"fullName":"checkContractEvidence fixtures passes explicit contract-evidence none","status":"passed","title":"passes explicit contract-evidence none","duration":530.739982,"failureMessages":[],"meta":{},"tags":[]},{"ancestorTitles":["checkContractEvidence fixtures"],"fullName":"checkContractEvidence fixtures rejects absent contract-evidence block","status":"passed","title":"rejects absent contract-evidence block","duration":501.83278700000005,"failureMessages":[],"meta":{},"tags":[]},{"ancestorTitles":["checkContractEvidence fixtures"],"fullName":"checkContractEvidence fixtures rejects malformed rows","status":"passed","title":"rejects malformed rows","duration":517.2698690000002,"failureMessages":[],"meta":{},"tags":[]},{"ancestorTitles":["checkContractEvidence fixtures"],"fullName":"checkContractEvidence fixtures rejects missing manifest entries","status":"passed","title":"rejects missing manifest entries","duration":505.681278,"failureMessages":[],"meta":{},"tags":[]},{"ancestorTitles":["checkContractEvidence fixtures"],"fullName":"checkContractEvidence fixtures rejects producer mismatch","status":"passed","title":"rejects producer mismatch","duration":532.5738200000001,"failureMessages":[],"meta":{},"tags":[]},{"ancestorTitles":["checkContractEvidence fixtures"],"fullName":"checkContractEvidence fixtures rejects selector value mismatch with redacted diagnostics","status":"passed","title":"rejects selector value mismatch with redacted diagnostics","duration":503.81920800000034,"failureMessages":[],"meta":{},"tags":[]},{"ancestorTitles":["checkContractEvidence fixtures"],"fullName":"checkContractEvidence fixtures rejects token evidence for structured object captures","status":"passed","title":"rejects token evidence for structured object captures","duration":520.4554149999994,"failureMessages":[],"meta":{},"tags":[]},{"ancestorTitles":["checkContractEvidence fixtures"],"fullName":"checkContractEvidence fixtures rejects token evidence for scalar JSON captures","status":"passed","title":"rejects token evidence for scalar JSON captures","duration":625.8208140000006,"failureMessages":[],"meta":{},"tags":[]},{"ancestorTitles":["checkContractEvidence fixtures"],"fullName":"checkContractEvidence fixtures rejects token evidence for array JSON captures","status":"passed","title":"rejects token evidence for array JSON captures","duration":553.8017760000002,"failureMessages":[],"meta":{},"tags":[]},{"ancestorTitles":["checkContractEvidence fixtures"],"fullName":"checkContractEvidence fixtures rejects unstructured captures without token","status":"passed","title":"rejects unstructured captures without token","duration":504.53308800000013,"failureMessages":[],"meta":{},"tags":[]},{"ancestorTitles":["checkContractEvidence fixtures"],"fullName":"checkContractEvidence fixtures rejects NEW rows without a named acceptance criterion","status":"passed","title":"rejects NEW rows without a named acceptance criterion","duration":490.4302809999999,"failureMessages":[],"meta":{},"tags":[]},{"ancestorTitles":["checkContractEvidence fixtures"],"fullName":"checkContractEvidence fixtures rejects NEW rows that only name consumer assertions","status":"passed","title":"rejects NEW rows that only name consumer assertions","duration":580.5015149999999,"failureMessages":[],"meta":{},"tags":[]},{"ancestorTitles":["checkContractEvidence fixtures"],"fullName":"checkContractEvidence fixtures rejects NEW rows when producer-emission does not match the binding","status":"passed","title":"rejects NEW rows when producer-emission does not match the binding","duration":589.7058020000004,"failureMessages":[],"meta":{},"tags":[]},{"ancestorTitles":["checkContractEvidence fixtures"],"fullName":"checkContractEvidence fixtures rejects NEW rows when producer-emission lacks executable proof","status":"passed","title":"rejects NEW rows when producer-emission lacks executable proof","duration":513.441632,"failureMessages":[],"meta":{},"tags":[]},{"ancestorTitles":["checkContractEvidence fixtures"],"fullName":"checkContractEvidence fixtures rejects NEW rows for external gh producer","status":"passed","title":"rejects NEW rows for external gh producer","duration":492.2368719999995,"failureMessages":[],"meta":{},"tags":[]},{"ancestorTitles":["checkContractEvidence fixtures"],"fullName":"checkContractEvidence fixtures rejects NEW rows for external codex alias producer","status":"passed","title":"rejects NEW rows for external codex alias producer","duration":509.1460360000001,"failureMessages":[],"meta":{},"tags":[]},{"ancestorTitles":["checkContractEvidence fixtures"],"fullName":"checkContractEvidence fixtures rejects NEW rows when binding-id names an external producer but row.producer does not","status":"passed","title":"rejects NEW rows when binding-id names an external producer but row.producer does not","duration":588.1516839999986,"failureMessages":[],"meta":{},"tags":[]},{"ancestorTitles":["checkContractEvidence fixtures"],"fullName":"checkContractEvidence fixtures passes well-formed repo-owned NEW rows","status":"passed","title":"passes well-formed repo-owned NEW rows","duration":621.8129570000001,"failureMessages":[],"meta":{},"tags":[]},{"ancestorTitles":["checkContractEvidence fixtures"],"fullName":"checkContractEvidence fixtures anchors NEW AC lookup to the acceptance criteria section","status":"passed","title":"anchors NEW AC lookup to the acceptance criteria section","duration":499.8438349999997,"failureMessages":[],"meta":{},"tags":[]},{"ancestorTitles":["checkContractEvidence fixtures"],"fullName":"checkContractEvidence fixtures rejects duplicate binding-id reuse in one block","status":"passed","title":"rejects duplicate binding-id reuse in one block","duration":537.5579390000003,"failureMessages":[],"meta":{},"tags":[]},{"ancestorTitles":["checkContractEvidence fixtures"],"fullName":"checkContractEvidence fixtures rejects conflicting expected values that share one capture reference","status":"passed","title":"rejects conflicting expected values that share one capture reference","duration":507.0657050000009,"failureMessages":[],"meta":{},"tags":[]},{"ancestorTitles":["checkContractEvidence fixtures"],"fullName":"checkContractEvidence fixtures rejects conflicting NEW assertions with the same binding identity","status":"passed","title":"rejects conflicting NEW assertions with the same binding identity","duration":525.8183200000003,"failureMessages":[],"meta":{},"tags":[]},{"ancestorTitles":["checkContractEvidence fixtures"],"fullName":"checkContractEvidence fixtures rejects CLI behavior captures with failed exit status","status":"passed","title":"rejects CLI behavior captures with failed exit status","duration":445.03069700000015,"failureMessages":[],"meta":{},"tags":[]},{"ancestorTitles":["checkContractEvidence fixtures"],"fullName":"checkContractEvidence fixtures rejects CLI behavior rows that trust a nonzero manifest exit status","status":"passed","title":"rejects CLI behavior rows that trust a nonzero manifest exit status","duration":486.2822649999998,"failureMessages":[],"meta":{},"tags":[]},{"ancestorTitles":["checkContractEvidence fixtures"],"fullName":"checkContractEvidence fixtures passes CLI behavior captures with successful exit status","status":"passed","title":"passes CLI behavior captures with successful exit status","duration":476.4079039999997,"failureMessages":[],"meta":{},"tags":[]},{"ancestorTitles":["checkContractEvidence fixtures"],"fullName":"checkContractEvidence fixtures passes structured JSON CLI behavior captures","status":"passed","title":"passes structured JSON CLI behavior captures","duration":478.636344999999,"failureMessages":[],"meta":{},"tags":[]},{"ancestorTitles":["checkContractEvidence fixtures"],"fullName":"checkContractEvidence fixtures keeps CLI-behavior structured expected values literal (no predicate tokens)","status":"passed","title":"keeps CLI-behavior structured expected values literal (no predicate tokens)","duration":612.9334089999993,"failureMessages":[],"meta":{},"tags":[]},{"ancestorTitles":["checkContractEvidence fixtures"],"fullName":"checkContractEvidence fixtures rejects CLI option bindings that bypass exit checks via help-text captures","status":"passed","title":"rejects CLI option bindings that bypass exit checks via help-text captures","duration":593.9844580000008,"failureMessages":[],"meta":{},"tags":[]},{"ancestorTitles":["checkContractEvidence fixtures"],"fullName":"checkContractEvidence fixtures rejects CLI behavior rows grounded on help-only capture commands","status":"passed","title":"rejects CLI behavior rows grounded on help-only capture commands","duration":526.7310170000019,"failureMessages":[],"meta":{},"tags":[]},{"ancestorTitles":["checkContractEvidence fixtures"],"fullName":"checkContractEvidence fixtures rejects CLI behavior rows when the capture command includes a help flag","status":"passed","title":"rejects CLI behavior rows when the capture command includes a help flag","duration":502.2277389999981,"failureMessages":[],"meta":{},"tags":[]},{"ancestorTitles":["checkContractEvidence fixtures"],"fullName":"checkContractEvidence fixtures grandfathers legacy drafts without a block","status":"passed","title":"grandfathers legacy drafts without a block","duration":453.42387299999973,"failureMessages":[],"meta":{},"tags":[]},{"ancestorTitles":["checkContractEvidence fixtures"],"fullName":"checkContractEvidence fixtures ignores fenced-only contract-evidence examples","status":"passed","title":"ignores fenced-only contract-evidence examples","duration":514.8364030000012,"failureMessages":[],"meta":{},"tags":[]},{"ancestorTitles":["checkContractEvidence fixtures"],"fullName":"checkContractEvidence fixtures ignores contract-evidence fences in the full Example section","status":"passed","title":"ignores contract-evidence fences in the full Example section","duration":457.1244740000002,"failureMessages":[],"meta":{},"tags":[]},{"ancestorTitles":["checkContractEvidence fixtures"],"fullName":"checkContractEvidence fixtures resolves manifest capture paths containing spaces","status":"passed","title":"resolves manifest capture paths containing spaces","duration":417.7693099999997,"failureMessages":[],"meta":{},"tags":[]},{"ancestorTitles":["checkContractEvidence fixtures"],"fullName":"checkContractEvidence fixtures rejects coworker-found rows without real capture grounding","status":"passed","title":"rejects coworker-found rows without real capture grounding","duration":386.26468300000124,"failureMessages":[],"meta":{},"tags":[]},{"ancestorTitles":["checkContractEvidence fixtures"],"fullName":"checkContractEvidence fixtures passes shape predicate on conforming capture value","status":"passed","title":"passes shape predicate on conforming capture value","duration":404.71269299999767,"failureMessages":[],"meta":{},"tags":[]},{"ancestorTitles":["checkContractEvidence fixtures"],"fullName":"checkContractEvidence fixtures rejects shape predicate when field is empty","status":"passed","title":"rejects shape predicate when field is empty","duration":655.3323750000018,"failureMessages":[],"meta":{},"tags":[]},{"ancestorTitles":["checkContractEvidence fixtures"],"fullName":"checkContractEvidence fixtures rejects shape predicate when selector is absent","status":"passed","title":"rejects shape predicate when selector is absent","duration":522.5160570000007,"failureMessages":[],"meta":{},"tags":[]},{"ancestorTitles":["checkContractEvidence fixtures"],"fullName":"checkContractEvidence fixtures rejects integer predicate for string-encoded numbers","status":"passed","title":"rejects integer predicate for string-encoded numbers","duration":449.1395569999986,"failureMessages":[],"meta":{},"tags":[]},{"ancestorTitles":["checkContractEvidence fixtures"],"fullName":"checkContractEvidence fixtures rejects positive-integer predicate for zero","status":"passed","title":"rejects positive-integer predicate for zero","duration":508.1831289999973,"failureMessages":[],"meta":{},"tags":[]},{"ancestorTitles":["checkContractEvidence fixtures"],"fullName":"checkContractEvidence fixtures rejects boolean predicate for non-boolean values","status":"passed","title":"rejects boolean predicate for non-boolean values","duration":464.5767330000017,"failureMessages":[],"meta":{},"tags":[]},{"ancestorTitles":["checkContractEvidence fixtures"],"fullName":"checkContractEvidence fixtures allows same producer and selector across different captures","status":"passed","title":"allows same producer and selector across different captures","duration":425.784972999998,"failureMessages":[],"meta":{},"tags":[]},{"ancestorTitles":["checkContractEvidence fixtures"],"fullName":"checkContractEvidence fixtures passes mixed literal and predicate rows","status":"passed","title":"passes mixed literal and predicate rows","duration":475.5122279999996,"failureMessages":[],"meta":{},"tags":[]},{"ancestorTitles":["checkContractEvidence fixtures"],"fullName":"checkContractEvidence fixtures treats quoted expected values as literals for reserved tokens","status":"passed","title":"treats quoted expected values as literals for reserved tokens","duration":415.2219899999982,"failureMessages":[],"meta":{},"tags":[]},{"ancestorTitles":["checkContractEvidence fixtures"],"fullName":"checkContractEvidence fixtures evaluates unquoted reserved tokens as predicates","status":"passed","title":"evaluates unquoted reserved tokens as predicates","duration":512.2435650000007,"failureMessages":[],"meta":{},"tags":[]},{"ancestorTitles":["CLI help detection"],"fullName":"CLI help detection detects help flags using token boundaries","status":"passed","title":"detects help flags using token boundaries","duration":482.2257460000001,"failureMessages":[],"meta":{},"tags":[]},{"ancestorTitles":["CLI help detection"],"fullName":"CLI help detection treats mixed help and target commands as help invocations","status":"passed","title":"treats mixed help and target commands as help invocations","duration":496.1327679999995,"failureMessages":[],"meta":{},"tags":[]},{"ancestorTitles":["capture manifest integrity"],"fullName":"capture manifest integrity matches regenerated production manifest","status":"passed","title":"matches regenerated production manifest","duration":658.5388959999982,"failureMessages":[],"meta":{},"tags":[]},{"ancestorTitles":["capture manifest integrity"],"fullName":"capture manifest integrity rejects production manifests with a non-pinned corpusRoot","status":"passed","title":"rejects production manifests with a non-pinned corpusRoot","duration":468.88967799999955,"failureMessages":[],"meta":{},"tags":[]},{"ancestorTitles":["capture manifest integrity"],"fullName":"capture manifest integrity rejects hand-edited manifest entries","status":"passed","title":"rejects hand-edited manifest entries","duration":504.7737850000012,"failureMessages":[],"meta":{},"tags":[]},{"ancestorTitles":["canonical binding identity"],"fullName":"canonical binding identity collapses alias producers and selector spellings for the same capture","status":"passed","title":"collapses alias producers and selector spellings for the same capture","duration":491.1141749999988,"failureMessages":[],"meta":{},"tags":[]},{"ancestorTitles":["canonical binding identity"],"fullName":"canonical binding identity scopes identity to normalized evidence captures","status":"passed","title":"scopes identity to normalized evidence captures","duration":425.32382099999813,"failureMessages":[],"meta":{},"tags":[]},{"ancestorTitles":["authoritative block extraction"],"fullName":"authoritative block extraction returns none only from canonical fences","status":"passed","title":"returns none only from canonical fences","duration":473.06252999999924,"failureMessages":[],"meta":{},"tags":[]}],"startTime":1784079495960,"endTime":1784079523449.0625,"status":"passed","message":"","name":"/home/runner/work/orchestrator-pack/orchestrator-pack/scripts/contract-evidence.test.ts"},{"assertionResults":[{"ancestorTitles":["cursor-agent TUI shim (Issue #725)"],"fullName":"cursor-agent TUI shim (Issue #725) AC#1: shim source is tracked in the repository","status":"passed","title":"AC#1: shim source is tracked in the repository","duration":476.939065,"failureMessages":[],"meta":{},"tags":[]},{"ancestorTitles":["cursor-agent TUI shim (Issue #725)"],"fullName":"cursor-agent TUI shim (Issue #725) AC#2: install entry point is idempotent","status":"passed","title":"AC#2: install entry point is idempotent","duration":3614.79345,"failureMessages":[],"meta":{},"tags":[]},{"ancestorTitles":["cursor-agent TUI shim (Issue #725)"],"fullName":"cursor-agent TUI shim (Issue #725) AC#3 / positive-outcome: translate branch strips headless flags for worker signature","status":"passed","title":"AC#3 / positive-outcome: translate branch strips headless flags for worker signature","duration":3811.110627,"failureMessages":[],"meta":{},"tags":[]},{"ancestorTitles":["cursor-agent TUI shim (Issue #725)"],"fullName":"cursor-agent TUI shim (Issue #725) AC#4: offline translate-path verifier PASS on installed fixture","status":"passed","title":"AC#4: offline translate-path verifier PASS on installed fixture","duration":3950.3578450000005,"failureMessages":[],"meta":{},"tags":[]},{"ancestorTitles":["cursor-agent TUI shim (Issue #725)"],"fullName":"cursor-agent TUI shim (Issue #725) AC#5: passthrough path keeps stock headless behavior","status":"passed","title":"AC#5: passthrough path keeps stock headless behavior","duration":2774.0207020000016,"failureMessages":[],"meta":{},"tags":[]},{"ancestorTitles":["cursor-agent TUI shim (Issue #725)"],"fullName":"cursor-agent TUI shim (Issue #725) AC#6: stale argv semantics fail behavioral probe (fail-loud)","status":"passed","title":"AC#6: stale argv semantics fail behavioral probe (fail-loud)","duration":2527.0865830000002,"failureMessages":[],"meta":{},"tags":[]},{"ancestorTitles":["cursor-agent TUI shim (Issue #725)"],"fullName":"cursor-agent TUI shim (Issue #725) AC#7 / matrix (c): missing versions directory emits loud diagnostic","status":"passed","title":"AC#7 / matrix (c): missing versions directory emits loud diagnostic","duration":1764.7161949999972,"failureMessages":[],"meta":{},"tags":[]},{"ancestorTitles":["cursor-agent TUI shim (Issue #725)"],"fullName":"cursor-agent TUI shim (Issue #725) AC#8: trust-watcher running-state is distinct from shim topology","status":"passed","title":"AC#8: trust-watcher running-state is distinct from shim topology","duration":3387.3353830000015,"failureMessages":[],"meta":{},"tags":[]},{"ancestorTitles":["cursor-agent TUI shim (Issue #725)"],"fullName":"cursor-agent TUI shim (Issue #725) AC#9: rollback steps documented in migration_notes.md","status":"passed","title":"AC#9: rollback steps documented in migration_notes.md","duration":543.4757059999974,"failureMessages":[],"meta":{},"tags":[]},{"ancestorTitles":["cursor-agent TUI shim (Issue #725)"],"fullName":"cursor-agent TUI shim (Issue #725) AC#10: install never mutates ~/.local/bin/agent","status":"passed","title":"AC#10: install never mutates ~/.local/bin/agent","duration":1681.936189,"failureMessages":[],"meta":{},"tags":[]},{"ancestorTitles":["cursor-agent TUI shim (Issue #725)"],"fullName":"cursor-agent TUI shim (Issue #725) AC#11: review-session AO_SESSION_ID stays on passthrough","status":"passed","title":"AC#11: review-session AO_SESSION_ID stays on passthrough","duration":2582.915979999998,"failureMessages":[],"meta":{},"tags":[]},{"ancestorTitles":["cursor-agent TUI shim (Issue #725)"],"fullName":"cursor-agent TUI shim (Issue #725) AC#11: piped stdout consumer stays on passthrough","status":"passed","title":"AC#11: piped stdout consumer stays on passthrough","duration":1884.1744739999995,"failureMessages":[],"meta":{},"tags":[]},{"ancestorTitles":["cursor-agent TUI shim (Issue #725)"],"fullName":"cursor-agent TUI shim (Issue #725) matrix (a): symlink repoint drift is healed by self-heal","status":"passed","title":"matrix (a): symlink repoint drift is healed by self-heal","duration":4841.970492,"failureMessages":[],"meta":{},"tags":[]},{"ancestorTitles":["cursor-agent TUI shim (Issue #725)"],"fullName":"cursor-agent TUI shim (Issue #725) rollback: self-heal disable env leaves stock symlink in place","status":"passed","title":"rollback: self-heal disable env leaves stock symlink in place","duration":3635.929505,"failureMessages":[],"meta":{},"tags":[]},{"ancestorTitles":["cursor-agent TUI shim (Issue #725)"],"fullName":"cursor-agent TUI shim (Issue #725) matrix (b): regular-file clobber is replaced with shim symlink","status":"passed","title":"matrix (b): regular-file clobber is replaced with shim symlink","duration":4725.412191000003,"failureMessages":[],"meta":{},"tags":[]},{"ancestorTitles":["cursor-agent TUI shim (Issue #725)"],"fullName":"cursor-agent TUI shim (Issue #725) matrix (d): deleted pack shim install target is restored by reinstall","status":"passed","title":"matrix (d): deleted pack shim install target is restored by reinstall","duration":4820.2809720000005,"failureMessages":[],"meta":{},"tags":[]},{"ancestorTitles":["cursor-agent TUI shim (Issue #725)"],"fullName":"cursor-agent TUI shim (Issue #725) matrix (e): trust-watcher-down surfaces distinct verify failure","status":"passed","title":"matrix (e): trust-watcher-down surfaces distinct verify failure","duration":3779.880649999999,"failureMessages":[],"meta":{},"tags":[]},{"ancestorTitles":["cursor-agent TUI shim (Issue #725)"],"fullName":"cursor-agent TUI shim (Issue #725) worktree-trust-watcher wires self-heal without rewriting poll/trust core","status":"passed","title":"worktree-trust-watcher wires self-heal without rewriting poll/trust core","duration":572.0324190000028,"failureMessages":[],"meta":{},"tags":[]}],"startTime":1784079507673,"endTime":1784079559049.0325,"status":"passed","message":"","name":"/home/runner/work/orchestrator-pack/orchestrator-pack/scripts/cursor-agent-tui-shim.test.ts"},{"assertionResults":[{"ancestorTitles":["validateCompletionRecord"],"fullName":"validateCompletionRecord accepts a complete record with Cursor default engine","status":"passed","title":"accepts a complete record with Cursor default engine","duration":518.6788230000001,"failureMessages":[],"meta":{},"tags":[]},{"ancestorTitles":["validateCompletionRecord"],"fullName":"validateCompletionRecord rejects non-Cursor engine without explicit-request basis","status":"passed","title":"rejects non-Cursor engine without explicit-request basis","duration":485.2395479999998,"failureMessages":[],"meta":{},"tags":[]},{"ancestorTitles":["validateCompletionRecord"],"fullName":"validateCompletionRecord accepts Codex when selection basis is explicit-request","status":"passed","title":"accepts Codex when selection basis is explicit-request","duration":521.2829419999998,"failureMessages":[],"meta":{},"tags":[]},{"ancestorTitles":["validateCompletionRecord"],"fullName":"validateCompletionRecord rejects unrecognized authoring engines","status":"passed","title":"rejects unrecognized authoring engines","duration":494.64361400000007,"failureMessages":[],"meta":{},"tags":[]},{"ancestorTitles":["validateCompletionRecord"],"fullName":"validateCompletionRecord rejects draft paths outside docs/issues_drafts","status":"passed","title":"rejects draft paths outside docs/issues_drafts","duration":514.82348,"failureMessages":[],"meta":{},"tags":[]},{"ancestorTitles":["validateCompletionRecord"],"fullName":"validateCompletionRecord rejects draft paths with traversal segments escaping the draft directory","status":"passed","title":"rejects draft paths with traversal segments escaping the draft directory","duration":570.0450559999999,"failureMessages":[],"meta":{},"tags":[]},{"ancestorTitles":["validateCompletionRecord"],"fullName":"validateCompletionRecord rejects completion records missing dispositionStatus","status":"passed","title":"rejects completion records missing dispositionStatus","duration":549.2014039999999,"failureMessages":[],"meta":{},"tags":[]},{"ancestorTitles":["validateCompletionRecord"],"fullName":"validateCompletionRecord rejects invalid selectionBasis values","status":"passed","title":"rejects invalid selectionBasis values","duration":539.7204860000002,"failureMessages":[],"meta":{},"tags":[]},{"ancestorTitles":["validateDelegateResult"],"fullName":"validateDelegateResult rejects exit 0 without draft path or completion proof","status":"passed","title":"rejects exit 0 without draft path or completion proof","duration":596.7274200000002,"failureMessages":[],"meta":{},"tags":[]},{"ancestorTitles":["validateDelegateResult"],"fullName":"validateDelegateResult rejects exit 0 when draft is reported missing","status":"passed","title":"rejects exit 0 when draft is reported missing","duration":614.6145160000005,"failureMessages":[],"meta":{},"tags":[]},{"ancestorTitles":["validateDelegateResult"],"fullName":"validateDelegateResult accepts exit 0 with draft and complete completion record","status":"passed","title":"accepts exit 0 with draft and complete completion record","duration":501.7757780000002,"failureMessages":[],"meta":{},"tags":[]},{"ancestorTitles":["validateDelegateResult"],"fullName":"validateDelegateResult rejects exit 0 when delegate draftPath differs from completion record","status":"passed","title":"rejects exit 0 when delegate draftPath differs from completion record","duration":525.4435240000003,"failureMessages":[],"meta":{},"tags":[]},{"ancestorTitles":["validateDelegateResult"],"fullName":"validateDelegateResult rejects exit 0 when delegate draftPath uses traversal to escape the draft directory","status":"passed","title":"rejects exit 0 when delegate draftPath uses traversal to escape the draft directory","duration":469.44275000000016,"failureMessages":[],"meta":{},"tags":[]},{"ancestorTitles":["checkRelocationContractSurfaces"],"fullName":"checkRelocationContractSurfaces passes on the repository contract surfaces","status":"passed","title":"passes on the repository contract surfaces","duration":498.99012499999935,"failureMessages":[],"meta":{},"tags":[]}],"startTime":1784079665900,"endTime":1784079673301.9902,"status":"passed","message":"","name":"/home/runner/work/orchestrator-pack/orchestrator-pack/scripts/draft-author-relocation-contract.test.ts"},{"assertionResults":[{"ancestorTitles":["checkPositiveOutcome"],"fullName":"checkPositiveOutcome flags action-producing drafts with only negative outcomes","status":"passed","title":"flags action-producing drafts with only negative outcomes","duration":473.62285099999997,"failureMessages":[],"meta":{},"tags":[]},{"ancestorTitles":["checkPositiveOutcome"],"fullName":"checkPositiveOutcome passes when a realistic-input positive-outcome block is present","status":"passed","title":"passes when a realistic-input positive-outcome block is present","duration":451.53577499999994,"failureMessages":[],"meta":{},"tags":[]},{"ancestorTitles":["checkPositiveOutcome"],"fullName":"checkPositiveOutcome fails record-only drafts that read action-producing","status":"passed","title":"fails record-only drafts that read action-producing","duration":469.7122509999999,"failureMessages":[],"meta":{},"tags":[]},{"ancestorTitles":["checkPositiveOutcome"],"fullName":"checkPositiveOutcome flags external-tool positive outcomes without provenance","status":"passed","title":"flags external-tool positive outcomes without provenance","duration":481.3577109999999,"failureMessages":[],"meta":{},"tags":[]},{"ancestorTitles":["checkPositiveOutcome"],"fullName":"checkPositiveOutcome excludes taxonomy hits inside a machine-parsed fence label","status":"passed","title":"excludes taxonomy hits inside a machine-parsed fence label","duration":519.473399,"failureMessages":[],"meta":{},"tags":[]},{"ancestorTitles":["checkPositiveOutcome"],"fullName":"checkPositiveOutcome still counts a taxonomy hit inside an anonymous or unlabeled code fence","status":"passed","title":"still counts a taxonomy hit inside an anonymous or unlabeled code fence","duration":502.4801229999998,"failureMessages":[],"meta":{},"tags":[]},{"ancestorTitles":["checkPositiveOutcome"],"fullName":"checkPositiveOutcome excludes taxonomy hits inside a token resolving to a real repository path","status":"passed","title":"excludes taxonomy hits inside a token resolving to a real repository path","duration":532.9483460000001,"failureMessages":[],"meta":{},"tags":[]},{"ancestorTitles":["checkPositiveOutcome"],"fullName":"checkPositiveOutcome excludes taxonomy hits inside a top-level extensionless token resolving to a real repository path","status":"passed","title":"excludes taxonomy hits inside a top-level extensionless token resolving to a real repository path","duration":478.96214699999973,"failureMessages":[],"meta":{},"tags":[]},{"ancestorTitles":["checkPositiveOutcome"],"fullName":"checkPositiveOutcome still counts a taxonomy hit inside a path-looking token that does not resolve to a real repository path","status":"passed","title":"still counts a taxonomy hit inside a path-looking token that does not resolve to a real repository path","duration":495.0674339999996,"failureMessages":[],"meta":{},"tags":[]},{"ancestorTitles":["checkPositiveOutcome"],"fullName":"checkPositiveOutcome still fails record-only drafts with a bare taxonomy term in ordinary prose","status":"passed","title":"still fails record-only drafts with a bare taxonomy term in ordinary prose","duration":673.0807949999999,"failureMessages":[],"meta":{},"tags":[]},{"ancestorTitles":["checkPositiveOutcome"],"fullName":"checkPositiveOutcome still fails record-only drafts that plainly attribute action to themselves","status":"passed","title":"still fails record-only drafts that plainly attribute action to themselves","duration":442.4852030000002,"failureMessages":[],"meta":{},"tags":[]},{"ancestorTitles":["checkPositiveOutcome"],"fullName":"checkPositiveOutcome passes both guard CLIs end-to-end on a path-and-fence-only record-only fixture","status":"passed","title":"passes both guard CLIs end-to-end on a path-and-fence-only record-only fixture","duration":1683.0916969999998,"failureMessages":[],"meta":{},"tags":[]},{"ancestorTitles":["checkParkedRoot"],"fullName":"checkParkedRoot fails euphemistic deferral without a structured block","status":"passed","title":"fails euphemistic deferral without a structured block","duration":479.1090860000004,"failureMessages":[],"meta":{},"tags":[]},{"ancestorTitles":["checkParkedRoot"],"fullName":"checkParkedRoot fails vague placeholder causes","status":"passed","title":"fails vague placeholder causes","duration":448.00992700000097,"failureMessages":[],"meta":{},"tags":[]},{"ancestorTitles":["checkParkedRoot"],"fullName":"checkParkedRoot fails unrelated or closed unresolved follow-up issues","status":"passed","title":"fails unrelated or closed unresolved follow-up issues","duration":458.9778119999992,"failureMessages":[],"meta":{},"tags":[]},{"ancestorTitles":["checkParkedRoot"],"fullName":"checkParkedRoot passes a valid parked-root block with an on-topic open issue","status":"passed","title":"passes a valid parked-root block with an on-topic open issue","duration":452.494596999999,"failureMessages":[],"meta":{},"tags":[]},{"ancestorTitles":["checkParkedRoot"],"fullName":"checkParkedRoot fails when follow-up issue data is absent","status":"passed","title":"fails when follow-up issue data is absent","duration":548.3209850000003,"failureMessages":[],"meta":{},"tags":[]},{"ancestorTitles":["checkParkedRoot"],"fullName":"checkParkedRoot fails when issue body shares words but not the declared cause statement","status":"passed","title":"fails when issue body shares words but not the declared cause statement","duration":576.0509070000007,"failureMessages":[],"meta":{},"tags":[]},{"ancestorTitles":["checkParkedRoot"],"fullName":"checkParkedRoot fails when a valid parked block coexists with unstructured deferral prose","status":"passed","title":"fails when a valid parked block coexists with unstructured deferral prose","duration":524.938048,"failureMessages":[],"meta":{},"tags":[]},{"ancestorTitles":["checkParkedRoot"],"fullName":"checkParkedRoot passes a closed follow-up issue when intentionally resolved","status":"passed","title":"passes a closed follow-up issue when intentionally resolved","duration":518.4513369999986,"failureMessages":[],"meta":{},"tags":[]},{"ancestorTitles":["normalizeLiveIssue"],"fullName":"normalizeLiveIssue marks COMPLETED closed issues as intentionally resolved","status":"passed","title":"marks COMPLETED closed issues as intentionally resolved","duration":501.9081070000011,"failureMessages":[],"meta":{},"tags":[]},{"ancestorTitles":["normalizeLiveIssue"],"fullName":"normalizeLiveIssue marks PR-closed issues as intentionally resolved","status":"passed","title":"marks PR-closed issues as intentionally resolved","duration":481.02954599999975,"failureMessages":[],"meta":{},"tags":[]},{"ancestorTitles":["normalizeLiveIssue"],"fullName":"normalizeLiveIssue does not mark abandoned closed issues as intentionally resolved","status":"passed","title":"does not mark abandoned closed issues as intentionally resolved","duration":496.9014129999996,"failureMessages":[],"meta":{},"tags":[]},{"ancestorTitles":["checkRcaSpecDisciplineSurfaces"],"fullName":"checkRcaSpecDisciplineSurfaces confirms each rule reaches its loader surfaces","status":"passed","title":"confirms each rule reaches its loader surfaces","duration":574.9373239999986,"failureMessages":[],"meta":{},"tags":[]}],"startTime":1784079556041,"endTime":1784079569307.9373,"status":"passed","message":"","name":"/home/runner/work/orchestrator-pack/orchestrator-pack/scripts/draft-discipline.test.ts"},{"assertionResults":[{"ancestorTitles":["escalation state store test isolation (#664)"],"fullName":"escalation state store test isolation (#664) AC#1: test emits resolve an isolated store via harness bootstrap","status":"passed","title":"AC#1: test emits resolve an isolated store via harness bootstrap","duration":1437.118853,"failureMessages":[],"meta":{},"tags":[]},{"ancestorTitles":["escalation state store test isolation (#664)"],"fullName":"escalation state store test isolation (#664) AC#2: fail-closed on shared-default surfaces from any path source","status":"passed","title":"AC#2: fail-closed on shared-default surfaces from any path source","duration":6065.837648000001,"failureMessages":[],"meta":{},"tags":[]},{"ancestorTitles":["escalation state store test isolation (#664)"],"fullName":"escalation state store test isolation (#664) AC#3: production path unchanged without marker; isolated publish succeeds","status":"passed","title":"AC#3: production path unchanged without marker; isolated publish succeeds","duration":1767.185141,"failureMessages":[],"meta":{},"tags":[]},{"ancestorTitles":["escalation state store test isolation (#664)"],"fullName":"escalation state store test isolation (#664) AC#4: snapshot-preserving guard tolerates preexisting unchanged shared store","status":"passed","title":"AC#4: snapshot-preserving guard tolerates preexisting unchanged shared store","duration":1321.6552890000003,"failureMessages":[],"meta":{},"tags":[]},{"ancestorTitles":["escalation state store test isolation (#664)"],"fullName":"escalation state store test isolation (#664) AC#5: bypass-path child pwsh inherits marker and isolated paths from bootstrap","status":"passed","title":"AC#5: bypass-path child pwsh inherits marker and isolated paths from bootstrap","duration":1030.1530979999989,"failureMessages":[],"meta":{},"tags":[]}],"startTime":1784079569537,"endTime":1784079581159.153,"status":"passed","message":"","name":"/home/runner/work/orchestrator-pack/orchestrator-pack/scripts/escalation-state-test-isolation.test.ts"},{"assertionResults":[{"ancestorTitles":["event consumer rebind scenario matrix (Issue #688)"],"fullName":"event consumer rebind scenario matrix (Issue #688) covers all 18 liveness cells","status":"passed","title":"covers all 18 liveness cells","duration":507.367158,"failureMessages":[],"meta":{},"tags":[]}],"startTime":1784079714797,"endTime":1784079715304.3672,"status":"passed","message":"","name":"/home/runner/work/orchestrator-pack/orchestrator-pack/scripts/event-consumer-rebind-scenario-matrix.test.ts"},{"assertionResults":[{"ancestorTitles":["events-optional consumer signal recovery (Issue #700)"],"fullName":"events-optional consumer signal recovery (Issue #700) four consumers do not call Get-AoEventsSince on live paths","status":"passed","title":"four consumers do not call Get-AoEventsSince on live paths","duration":519.169783,"failureMessages":[],"meta":{},"tags":[]},{"ancestorTitles":["events-optional consumer signal recovery (Issue #700)"],"fullName":"events-optional consumer signal recovery (Issue #700) live signal-source bindings exclude dead AO 0.10.2 report surfaces","status":"passed","title":"live signal-source bindings exclude dead AO 0.10.2 report surfaces","duration":523.825241,"failureMessages":[],"meta":{},"tags":[]},{"ancestorTitles":["events-optional consumer signal recovery (Issue #700)"],"fullName":"events-optional consumer signal recovery (Issue #700) descopes worker-ack confirmation when legacy report receipt surface is absent","status":"passed","title":"descopes worker-ack confirmation when legacy report receipt surface is absent","duration":543.744891,"failureMessages":[],"meta":{},"tags":[]},{"ancestorTitles":["events-optional consumer signal recovery (Issue #700)"],"fullName":"events-optional consumer signal recovery (Issue #700) emits signal_source helper strings per consumer surface","status":"passed","title":"emits signal_source helper strings per consumer surface","duration":817.7709609999999,"failureMessages":[],"meta":{},"tags":[]},{"ancestorTitles":["events-optional consumer signal recovery (Issue #700)"],"fullName":"events-optional consumer signal recovery (Issue #700) Root C: delivery datum uses latestRun.status delivered without AO-wire deliveredAt","status":"passed","title":"Root C: delivery datum uses latestRun.status delivered without AO-wire deliveredAt","duration":522.5058750000003,"failureMessages":[],"meta":{},"tags":[]},{"ancestorTitles":["events-optional consumer signal recovery (Issue #700)"],"fullName":"events-optional consumer signal recovery (Issue #700) prefers deliveredAt over updatedAt when both are present on delivered runs","status":"passed","title":"prefers deliveredAt over updatedAt when both are present on delivered runs","duration":474.600719,"failureMessages":[],"meta":{},"tags":[]},{"ancestorTitles":["events-optional consumer signal recovery (Issue #700)"],"fullName":"events-optional consumer signal recovery (Issue #700) mergeDeliveryRecords synthesizes from journal and review runs without ao events","status":"passed","title":"mergeDeliveryRecords synthesizes from journal and review runs without ao events","duration":516.671582,"failureMessages":[],"meta":{},"tags":[]},{"ancestorTitles":["events-optional consumer signal recovery (Issue #700)"],"fullName":"events-optional consumer signal recovery (Issue #700) dedup matrix cell 1 admits first nudge when no pending journal exists","status":"passed","title":"dedup matrix cell 1 admits first nudge when no pending journal exists","duration":504.2403599999998,"failureMessages":[],"meta":{},"tags":[]},{"ancestorTitles":["events-optional consumer signal recovery (Issue #700)"],"fullName":"events-optional consumer signal recovery (Issue #700) dedup matrix cell 2 suppresses duplicate nudge when pending journal records prior send","status":"passed","title":"dedup matrix cell 2 suppresses duplicate nudge when pending journal records prior send","duration":553.0467850000005,"failureMessages":[],"meta":{},"tags":[]},{"ancestorTitles":["events-optional consumer signal recovery (Issue #700)"],"fullName":"events-optional consumer signal recovery (Issue #700) dedup matrix cell 3: ci-green next tick logs journal_write_degraded without re-nudge after post-send journal write failure","status":"passed","title":"dedup matrix cell 3: ci-green next tick logs journal_write_degraded without re-nudge after post-send journal write failure","duration":2239.1376149999996,"failureMessages":[],"meta":{},"tags":[]},{"ancestorTitles":["events-optional consumer signal recovery (Issue #700)"],"fullName":"events-optional consumer signal recovery (Issue #700) dedup matrix cell 4: worker-submit next tick logs journal_write_degraded without re-submit after post-send outcome write failure","status":"passed","title":"dedup matrix cell 4: worker-submit next tick logs journal_write_degraded without re-submit after post-send outcome write failure","duration":2220.0259700000006,"failureMessages":[],"meta":{},"tags":[]},{"ancestorTitles":["events-optional consumer signal recovery (Issue #700)"],"fullName":"events-optional consumer signal recovery (Issue #700) dedup matrix cell 5 does not synthesize delivery without journal or review-run inputs","status":"passed","title":"dedup matrix cell 5 does not synthesize delivery without journal or review-run inputs","duration":495.2177350000002,"failureMessages":[],"meta":{},"tags":[]},{"ancestorTitles":["events-optional consumer signal recovery (Issue #700)"],"fullName":"events-optional consumer signal recovery (Issue #700) dedup matrix cell 6 defers owner-scoped reaction dispatch when config unavailable","status":"passed","title":"dedup matrix cell 6 defers owner-scoped reaction dispatch when config unavailable","duration":740.1375840000001,"failureMessages":[],"meta":{},"tags":[]},{"ancestorTitles":["events-optional consumer signal recovery (Issue #700)"],"fullName":"events-optional consumer signal recovery (Issue #700) ci-failure reconcile plans from pending episode store without reaction events","status":"passed","title":"ci-failure reconcile plans from pending episode store without reaction events","duration":549.0522619999992,"failureMessages":[],"meta":{},"tags":[]},{"ancestorTitles":["events-optional consumer signal recovery (Issue #700)"],"fullName":"events-optional consumer signal recovery (Issue #700) four consumers complete -Once -DryRun without throwing (three fixture-backed; ci-failure via planner unit test)","status":"passed","title":"four consumers complete -Once -DryRun without throwing (three fixture-backed; ci-failure via planner unit test)","duration":5954.665267,"failureMessages":[],"meta":{},"tags":[]},{"ancestorTitles":["events-optional consumer signal recovery (Issue #700)"],"fullName":"events-optional consumer signal recovery (Issue #700) deliveredAt grep census: rider-table consumers avoid live AO-wire deliveredAt reads","status":"passed","title":"deliveredAt grep census: rider-table consumers avoid live AO-wire deliveredAt reads","duration":524.0125179999995,"failureMessages":[],"meta":{},"tags":[]}],"startTime":1784079473897,"endTime":1784079491596.0125,"status":"passed","message":"","name":"/home/runner/work/orchestrator-pack/orchestrator-pack/scripts/events-optional-consumer-signal-recovery.test.ts"},{"assertionResults":[{"ancestorTitles":["validateObjectShape"],"fullName":"validateObjectShape rejects phantom headRefOid on a worker report with fixture+path","status":"passed","title":"rejects phantom headRefOid on a worker report with fixture+path","duration":505.27262199999996,"failureMessages":[],"meta":{},"tags":[]},{"ancestorTitles":["validateObjectShape"],"fullName":"validateObjectShape accepts variant-valid ready_for_review fields","status":"passed","title":"accepts variant-valid ready_for_review fields","duration":531.408018,"failureMessages":[],"meta":{},"tags":[]},{"ancestorTitles":["validateObjectShape"],"fullName":"validateObjectShape rejects impossible cross-state field combination on completed variant","status":"passed","title":"rejects impossible cross-state field combination on completed variant","duration":495.6257989999999,"failureMessages":[],"meta":{},"tags":[]},{"ancestorTitles":["validateObjectShape"],"fullName":"validateObjectShape detects nested phantom fields","status":"passed","title":"detects nested phantom fields","duration":506.4921330000002,"failureMessages":[],"meta":{},"tags":[]},{"ancestorTitles":["dynamic-key maps"],"fullName":"dynamic-key maps does not treat ciChecksByPr keys as schema fields","status":"passed","title":"does not treat ciChecksByPr keys as schema fields","duration":584.4275819999998,"failureMessages":[],"meta":{},"tags":[]},{"ancestorTitles":["findInlineWorkerReports"],"fullName":"findInlineWorkerReports records identifier-valued properties so forbidden fields are validated","status":"passed","title":"records identifier-valued properties so forbidden fields are validated","duration":627.6739969999999,"failureMessages":[],"meta":{},"tags":[]},{"ancestorTitles":["runExternalOutputShapeGuard"],"fullName":"runExternalOutputShapeGuard passes on anchored trigger fixtures and inline opt-outs","status":"passed","title":"passes on anchored trigger fixtures and inline opt-outs","duration":512.1410310000001,"failureMessages":[],"meta":{},"tags":[]},{"ancestorTitles":["runExternalOutputShapeGuard"],"fullName":"runExternalOutputShapeGuard ignores missing retired trigger suites while keeping active suite validation","status":"passed","title":"ignores missing retired trigger suites while keeping active suite validation","duration":504.01745600000004,"failureMessages":[],"meta":{},"tags":[]},{"ancestorTitles":["runExternalOutputShapeGuard"],"fullName":"runExternalOutputShapeGuard fails on unclassified phantom inline report literals","status":"passed","title":"fails on unclassified phantom inline report literals","duration":573.6141100000004,"failureMessages":[],"meta":{},"tags":[]},{"ancestorTitles":["validateReferenceCaptures"],"fullName":"validateReferenceCaptures validates every catalog capture against its variant reference","status":"passed","title":"validates every catalog capture against its variant reference","duration":490.80535299999974,"failureMessages":[],"meta":{},"tags":[]},{"ancestorTitles":["validateReferenceCaptures"],"fullName":"validateReferenceCaptures fails when a capture drifts from its variant allowed fields","status":"passed","title":"fails when a capture drifts from its variant allowed fields","duration":491.0443930000001,"failureMessages":[],"meta":{},"tags":[]},{"ancestorTitles":["validateExternalObject"],"fullName":"validateExternalObject resolves gh-pr-open variant and allows headRefOid on PR rows","status":"passed","title":"resolves gh-pr-open variant and allows headRefOid on PR rows","duration":451.4761320000007,"failureMessages":[],"meta":{},"tags":[]}],"startTime":1784079637846,"endTime":1784079644122.476,"status":"passed","message":"","name":"/home/runner/work/orchestrator-pack/orchestrator-pack/scripts/external-output-shape-guard.test.ts"},{"assertionResults":[{"ancestorTitles":["finding-ledger guard fails when a protected finding is rejected or omitted and passes on a complete ledger"],"fullName":"finding-ledger guard fails when a protected finding is rejected or omitted and passes on a complete ledger fails when a security finding is rejected","status":"passed","title":"fails when a security finding is rejected","duration":556.099922,"failureMessages":[],"meta":{},"tags":[]},{"ancestorTitles":["finding-ledger guard fails when a protected finding is rejected or omitted and passes on a complete ledger"],"fullName":"finding-ledger guard fails when a protected finding is rejected or omitted and passes on a complete ledger fails when a protected finding is omitted from the ledger","status":"passed","title":"fails when a protected finding is omitted from the ledger","duration":482.71088700000007,"failureMessages":[],"meta":{},"tags":[]},{"ancestorTitles":["finding-ledger guard fails when a protected finding is rejected or omitted and passes on a complete ledger"],"fullName":"finding-ledger guard fails when a protected finding is rejected or omitted and passes on a complete ledger fails when multiple findings share a type but only one has a ledger row","status":"passed","title":"fails when multiple findings share a type but only one has a ledger row","duration":504.67969700000003,"failureMessages":[],"meta":{},"tags":[]},{"ancestorTitles":["finding-ledger guard fails when a protected finding is rejected or omitted and passes on a complete ledger"],"fullName":"finding-ledger guard fails when a protected finding is rejected or omitted and passes on a complete ledger fails when a protected finding is reclassified in the ledger","status":"passed","title":"fails when a protected finding is reclassified in the ledger","duration":532.0326870000001,"failureMessages":[],"meta":{},"tags":[]},{"ancestorTitles":["finding-ledger guard fails when a protected finding is rejected or omitted and passes on a complete ledger"],"fullName":"finding-ledger guard fails when a protected finding is rejected or omitted and passes on a complete ledger fails when an early pass finding is omitted but the final pass is NO_FINDINGS","status":"passed","title":"fails when an early pass finding is omitted but the final pass is NO_FINDINGS","duration":486.1079209999998,"failureMessages":[],"meta":{},"tags":[]},{"ancestorTitles":["finding-ledger guard fails when a protected finding is rejected or omitted and passes on a complete ledger"],"fullName":"finding-ledger guard fails when a protected finding is rejected or omitted and passes on a complete ledger validates all capture files in a directory via CLI","status":"passed","title":"validates all capture files in a directory via CLI","duration":586.1112169999997,"failureMessages":[],"meta":{},"tags":[]},{"ancestorTitles":["finding-ledger guard fails when a protected finding is rejected or omitted and passes on a complete ledger"],"fullName":"finding-ledger guard fails when a protected finding is rejected or omitted and passes on a complete ledger fails when a capture appends NO_FINDINGS but still emits a protected finding","status":"passed","title":"fails when a capture appends NO_FINDINGS but still emits a protected finding","duration":468.869283,"failureMessages":[],"meta":{},"tags":[]},{"ancestorTitles":["finding-ledger guard fails when a protected finding is rejected or omitted and passes on a complete ledger"],"fullName":"finding-ledger guard fails when a protected finding is rejected or omitted and passes on a complete ledger fails when a capture contains an untyped priority finding","status":"passed","title":"fails when a capture contains an untyped priority finding","duration":499.6174600000004,"failureMessages":[],"meta":{},"tags":[]},{"ancestorTitles":["finding-ledger guard fails when a protected finding is rejected or omitted and passes on a complete ledger"],"fullName":"finding-ledger guard fails when a protected finding is rejected or omitted and passes on a complete ledger passes when a typed capture has no id but the ledger uses a normalized id","status":"passed","title":"passes when a typed capture has no id but the ledger uses a normalized id","duration":693.723,"failureMessages":[],"meta":{},"tags":[]},{"ancestorTitles":["finding-ledger guard fails when a protected finding is rejected or omitted and passes on a complete ledger"],"fullName":"finding-ledger guard fails when a protected finding is rejected or omitted and passes on a complete ledger fails when multiple same-type captures lack ids but the ledger is incomplete","status":"passed","title":"fails when multiple same-type captures lack ids but the ledger is incomplete","duration":510.1436759999997,"failureMessages":[],"meta":{},"tags":[]},{"ancestorTitles":["finding-ledger guard fails when a protected finding is rejected or omitted and passes on a complete ledger"],"fullName":"finding-ledger guard fails when a protected finding is rejected or omitted and passes on a complete ledger passes when every captured finding is recorded and protected ones are addressed","status":"passed","title":"passes when every captured finding is recorded and protected ones are addressed","duration":505.0207050000008,"failureMessages":[],"meta":{},"tags":[]},{"ancestorTitles":["finding-ledger guard fails when a protected finding is rejected or omitted and passes on a complete ledger"],"fullName":"finding-ledger guard fails when a protected finding is rejected or omitted and passes on a complete ledger exits non-zero on CLI for protected rejection fixtures","status":"passed","title":"exits non-zero on CLI for protected rejection fixtures","duration":585.5477690000007,"failureMessages":[],"meta":{},"tags":[]},{"ancestorTitles":["finding-ledger guard fails when a protected finding is rejected or omitted and passes on a complete ledger"],"fullName":"finding-ledger guard fails when a protected finding is rejected or omitted and passes on a complete ledger exits zero on CLI for complete ledger fixtures","status":"passed","title":"exits zero on CLI for complete ledger fixtures","duration":468.5248359999996,"failureMessages":[],"meta":{},"tags":[]},{"ancestorTitles":["finding-ledger guard scenario matrix (#679)"],"fullName":"finding-ledger guard scenario matrix (#679) 1. ignores echoed contract-evidence binding-id/binding-type fences","status":"passed","title":"1. ignores echoed contract-evidence binding-id/binding-type fences","duration":527.7064930000006,"failureMessages":[],"meta":{},"tags":[]},{"ancestorTitles":["finding-ledger guard scenario matrix (#679)"],"fullName":"finding-ledger guard scenario matrix (#679) 2. ignores echoed review rubric example type tags and scope vocabulary","status":"passed","title":"2. ignores echoed review rubric example type tags and scope vocabulary","duration":503.2725449999998,"failureMessages":[],"meta":{},"tags":[]},{"ancestorTitles":["finding-ledger guard scenario matrix (#679)"],"fullName":"finding-ledger guard scenario matrix (#679) 3. still catches a genuine reviewer type: security finding absent from the ledger","status":"passed","title":"3. still catches a genuine reviewer type: security finding absent from the ledger","duration":520.7241860000004,"failureMessages":[],"meta":{},"tags":[]},{"ancestorTitles":["finding-ledger guard scenario matrix (#679)"],"fullName":"finding-ledger guard scenario matrix (#679) 3b. still catches bracketed [P1] - security finding headers after echoed artifact","status":"passed","title":"3b. still catches bracketed [P1] - security finding headers after echoed artifact","duration":522.5991429999995,"failureMessages":[],"meta":{},"tags":[]},{"ancestorTitles":["finding-ledger guard scenario matrix (#679)"],"fullName":"finding-ledger guard scenario matrix (#679) 3c. still catches typed-only security findings without P0/[P0] headers after echoed artifact","status":"passed","title":"3c. still catches typed-only security findings without P0/[P0] headers after echoed artifact","duration":520.475910000001,"failureMessages":[],"meta":{},"tags":[]},{"ancestorTitles":["finding-ledger guard scenario matrix (#679)"],"fullName":"finding-ledger guard scenario matrix (#679) 3d. still catches inline type:/id: security findings after echoed artifact","status":"passed","title":"3d. still catches inline type:/id: security findings after echoed artifact","duration":478.83941199999936,"failureMessages":[],"meta":{},"tags":[]},{"ancestorTitles":["finding-ledger guard scenario matrix (#679)"],"fullName":"finding-ledger guard scenario matrix (#679) 4. still catches a genuine reviewer type: scope-violation finding absent from the ledger","status":"passed","title":"4. still catches a genuine reviewer type: scope-violation finding absent from the ledger","duration":504.5025949999999,"failureMessages":[],"meta":{},"tags":[]},{"ancestorTitles":["finding-ledger guard scenario matrix (#679)"],"fullName":"finding-ledger guard scenario matrix (#679) 5. ignores echoed draft denylist fence and Files out of scope heading","status":"passed","title":"5. ignores echoed draft denylist fence and Files out of scope heading","duration":496.9623329999995,"failureMessages":[],"meta":{},"tags":[]},{"ancestorTitles":["finding-ledger guard scenario matrix (#679)"],"fullName":"finding-ledger guard scenario matrix (#679) 6. mirrors .mjs exit codes in the .ps1 wrapper","status":"passed","title":"6. mirrors .mjs exit codes in the .ps1 wrapper","duration":1390.177302,"failureMessages":[],"meta":{},"tags":[]},{"ancestorTitles":["finding-ledger guard scenario matrix (#679)"],"fullName":"finding-ledger guard scenario matrix (#679) passes on a header+verdict clean corpus and fails on genuine un-ledgered security","status":"passed","title":"passes on a header+verdict clean corpus and fails on genuine un-ledgered security","duration":493.2108790000002,"failureMessages":[],"meta":{},"tags":[]},{"ancestorTitles":["finding-ledger guard treats a backtick-quoted type tag as a quote but keeps other protected vocabulary"],"fullName":"finding-ledger guard treats a backtick-quoted type tag as a quote but keeps other protected vocabulary does not read a backtick-quoted `type: security` tag as an emitted protected finding","status":"passed","title":"does not read a backtick-quoted `type: security` tag as an emitted protected finding","duration":482.53543199999876,"failureMessages":[],"meta":{},"tags":[]},{"ancestorTitles":["finding-ledger guard treats a backtick-quoted type tag as a quote but keeps other protected vocabulary"],"fullName":"finding-ledger guard treats a backtick-quoted type tag as a quote but keeps other protected vocabulary still detects a genuine unquoted type: security finding","status":"passed","title":"still detects a genuine unquoted type: security finding","duration":493.71628000000055,"failureMessages":[],"meta":{},"tags":[]},{"ancestorTitles":["finding-ledger guard treats a backtick-quoted type tag as a quote but keeps other protected vocabulary"],"fullName":"finding-ledger guard treats a backtick-quoted type tag as a quote but keeps other protected vocabulary still treats unquoted protected vocabulary a real finding cites as a scope-violation signal","status":"passed","title":"still treats unquoted protected vocabulary a real finding cites as a scope-violation
[...]
ence reports converged after CI failure then fix","status":"passed","title":"reports converged after CI failure then fix","duration":515.394661,"failureMessages":[],"meta":{},"tags":[]},{"ancestorTitles":["computeConvergence"],"fullName":"computeConvergence preserves loop accounting when cost data is missing","status":"passed","title":"preserves loop accounting when cost data is missing","duration":518.7382479999999,"failureMessages":[],"meta":{},"tags":[]},{"ancestorTitles":["computeConvergence"],"fullName":"computeConvergence marks escalated when an escalation event is present","status":"passed","title":"marks escalated when an escalation event is present","duration":717.863327,"failureMessages":[],"meta":{},"tags":[]},{"ancestorTitles":["computeConvergence"],"fullName":"computeConvergence accounts for rows with null iteration_id under (no-iteration-id)","status":"passed","title":"accounts for rows with null iteration_id under (no-iteration-id)","duration":514.8720369999996,"failureMessages":[],"meta":{},"tags":[]},{"ancestorTitles":["computeConvergence"],"fullName":"computeConvergence keeps literal (none) iteration_id separate from the null bucket","status":"passed","title":"keeps literal (none) iteration_id separate from the null bucket","duration":509.47304099999974,"failureMessages":[],"meta":{},"tags":[]},{"ancestorTitles":["isIterationConverged"],"fullName":"isIterationConverged requires no blocking findings, scope violations, or CI failures","status":"passed","title":"requires no blocking findings, scope violations, or CI failures","duration":479.0166240000003,"failureMessages":[],"meta":{},"tags":[]}],"startTime":1784079633374,"endTime":1784079637645.0166,"status":"passed","message":"","name":"/home/runner/work/orchestrator-pack/orchestrator-pack/plugins/ao-token-chain-ledger/tests/convergence.test.ts"},{"assertionResults":[{"ancestorTitles":["computeFindingSignature"],"fullName":"computeFindingSignature matches architecture #3.F sha256(type, code, normalized path)","status":"passed","title":"matches architecture #3.F sha256(type, code, normalized path)","duration":465.75744999999995,"failureMessages":[],"meta":{},"tags":[]},{"ancestorTitles":["computeFindingSignature"],"fullName":"computeFindingSignature uses empty path segment when path is null","status":"passed","title":"uses empty path segment when path is null","duration":532.1846099999998,"failureMessages":[],"meta":{},"tags":[]}],"startTime":1784079715965,"endTime":1784079716963.1846,"status":"passed","message":"","name":"/home/runner/work/orchestrator-pack/orchestrator-pack/plugins/ao-token-chain-ledger/tests/finding_signature.test.ts"},{"assertionResults":[{"ancestorTitles":["session_cost"],"fullName":"session_cost returns unavailable when AO session cost is missing","status":"passed","title":"returns unavailable when AO session cost is missing","duration":528.0165010000001,"failureMessages":[],"meta":{},"tags":[]},{"ancestorTitles":["session_cost"],"fullName":"session_cost reads documented AgentSessionInfo.cost fields (snake_case)","status":"passed","title":"reads documented AgentSessionInfo.cost fields (snake_case)","duration":507.02047400000004,"failureMessages":[],"meta":{},"tags":[]},{"ancestorTitles":["session_cost"],"fullName":"session_cost reads documented AgentSessionInfo.cost fields (camelCase)","status":"passed","title":"reads documented AgentSessionInfo.cost fields (camelCase)","duration":497.9094789999999,"failureMessages":[],"meta":{},"tags":[]},{"ancestorTitles":["session_cost"],"fullName":"session_cost parses known cost lines from agent stdout","status":"passed","title":"parses known cost lines from agent stdout","duration":494.96143600000005,"failureMessages":[],"meta":{},"tags":[]},{"ancestorTitles":["session_cost"],"fullName":"session_cost parses estimated_cost_usd snake_case field from agent stdout","status":"passed","title":"parses estimated_cost_usd snake_case field from agent stdout","duration":521.7029299999999,"failureMessages":[],"meta":{},"tags":[]},{"ancestorTitles":["session_cost"],"fullName":"session_cost does not attach session cost to started events","status":"passed","title":"does not attach session cost to started events","duration":531.0059310000001,"failureMessages":[],"meta":{},"tags":[]},{"ancestorTitles":["session_cost"],"fullName":"session_cost attaches session cost to finished events","status":"passed","title":"attaches session cost to finished events","duration":510.6069950000001,"failureMessages":[],"meta":{},"tags":[]},{"ancestorTitles":["session_cost"],"fullName":"session_cost prefers ao-session-cost over agent-output-parse","status":"passed","title":"prefers ao-session-cost over agent-output-parse","duration":561.6963139999998,"failureMessages":[],"meta":{},"tags":[]}],"startTime":1784079691261,"endTime":1784079695414.6963,"status":"passed","message":"","name":"/home/runner/work/orchestrator-pack/orchestrator-pack/plugins/ao-token-chain-ledger/tests/session_cost.test.ts"},{"assertionResults":[{"ancestorTitles":["writer"],"fullName":"writer resolves chain_id from AO_CHAIN_ID first","status":"passed","title":"resolves chain_id from AO_CHAIN_ID first","duration":521.638575,"failureMessages":[],"meta":{},"tags":[]},{"ancestorTitles":["writer"],"fullName":"writer prefers session chain_id over task_id when both are present","status":"passed","title":"prefers session chain_id over task_id when both are present","duration":523.6240680000001,"failureMessages":[],"meta":{},"tags":[]},{"ancestorTitles":["writer"],"fullName":"writer resolves chain_id from AO task_id when chain_id is absent","status":"passed","title":"resolves chain_id from AO task_id when chain_id is absent","duration":708.3825750000001,"failureMessages":[],"meta":{},"tags":[]},{"ancestorTitles":["writer"],"fullName":"writer resolves chain_id from camelCase taskId in session metadata","status":"passed","title":"resolves chain_id from camelCase taskId in session metadata","duration":514.059289,"failureMessages":[],"meta":{},"tags":[]},{"ancestorTitles":["writer"],"fullName":"writer resolves chain_id from AO_TASK_ID env when session metadata lacks chain_id","status":"passed","title":"resolves chain_id from AO_TASK_ID env when session metadata lacks chain_id","duration":501.71587899999986,"failureMessages":[],"meta":{},"tags":[]},{"ancestorTitles":["writer"],"fullName":"writer falls back to issue-{n} when no higher-priority source exists","status":"passed","title":"falls back to issue-{n} when no higher-priority source exists","duration":502.1646929999997,"failureMessages":[],"meta":{},"tags":[]},{"ancestorTitles":["writer"],"fullName":"writer records unavailable parent_session_id without throwing","status":"passed","title":"records unavailable parent_session_id without throwing","duration":499.3826100000001,"failureMessages":[],"meta":{},"tags":[]},{"ancestorTitles":["writer"],"fullName":"writer marks parent_session_id_source ao when parent comes from session metadata","status":"passed","title":"marks parent_session_id_source ao when parent comes from session metadata","duration":491.18504299999995,"failureMessages":[],"meta":{},"tags":[]},{"ancestorTitles":["writer"],"fullName":"writer marks parent_session_id_source ao when parent comes from AO_PARENT_SESSION_ID","status":"passed","title":"marks parent_session_id_source ao when parent comes from AO_PARENT_SESSION_ID","duration":523.8936530000001,"failureMessages":[],"meta":{},"tags":[]},{"ancestorTitles":["writer"],"fullName":"writer prepareLedgerRow uses ao parent source from session metadata","status":"passed","title":"prepareLedgerRow uses ao parent source from session metadata","duration":504.213041,"failureMessages":[],"meta":{},"tags":[]},{"ancestorTitles":["writer"],"fullName":"writer uses agentSessionId from AO session metadata when AO_SESSION_ID is unset","status":"passed","title":"uses agentSessionId from AO session metadata when AO_SESSION_ID is unset","duration":524.3233250000003,"failureMessages":[],"meta":{},"tags":[]},{"ancestorTitles":["writer"],"fullName":"writer prefers AO_SESSION_ID over agentSessionId in session metadata","status":"passed","title":"prefers AO_SESSION_ID over agentSessionId in session metadata","duration":631.09962,"failureMessages":[],"meta":{},"tags":[]},{"ancestorTitles":["writer"],"fullName":"writer leaves cost unavailable on started events even when session info has cost","status":"passed","title":"leaves cost unavailable on started events even when session info has cost","duration":578.8762400000005,"failureMessages":[],"meta":{},"tags":[]},{"ancestorTitles":["writer"],"fullName":"writer appends rows to repo-local .ao/ledger/events.jsonl","status":"passed","title":"appends rows to repo-local .ao/ledger/events.jsonl","duration":498.16631999999936,"failureMessages":[],"meta":{},"tags":[]},{"ancestorTitles":["writer"],"fullName":"writer persists wrapper-generated chain_id for reuse","status":"passed","title":"persists wrapper-generated chain_id for reuse","duration":504.7727619999996,"failureMessages":[],"meta":{},"tags":[]}],"startTime":1784079644302,"endTime":1784079652330.7727,"status":"passed","message":"","name":"/home/runner/work/orchestrator-pack/orchestrator-pack/plugins/ao-token-chain-ledger/tests/writer.test.ts"},{"assertionResults":[{"ancestorTitles":["JSON contract kernel"],"fullName":"JSON contract kernel round-trips the real capture manifest byte-for-byte","status":"passed","title":"round-trips the real capture manifest byte-for-byte","duration":525.327337,"failureMessages":[],"meta":{},"tags":[]},{"ancestorTitles":["JSON contract kernel"],"fullName":"JSON contract kernel round-trips the real daemon-status capture byte-for-byte","status":"passed","title":"round-trips the real daemon-status capture byte-for-byte","duration":521.583199,"failureMessages":[],"meta":{},"tags":[]},{"ancestorTitles":["JSON contract kernel"],"fullName":"JSON contract kernel preserves key order and trailing-newline parity on the unchanged path","status":"passed","title":"preserves key order and trailing-newline parity on the unchanged path","duration":523.9330620000001,"failureMessages":[],"meta":{},"tags":[]},{"ancestorTitles":["JSON contract kernel"],"fullName":"JSON contract kernel reports a precise path for drifted required data","status":"passed","title":"reports a precise path for drifted required data","duration":630.7148769999999,"failureMessages":[],"meta":{},"tags":[]},{"ancestorTitles":["JSON contract kernel"],"fullName":"JSON contract kernel reports a precise path for drifted capture-manifest data","status":"passed","title":"reports a precise path for drifted capture-manifest data","duration":641.8404009999999,"failureMessages":[],"meta":{},"tags":[]},{"ancestorTitles":["JSON contract kernel"],"fullName":"JSON contract kernel rejects an unexpected nested capture-manifest key with its precise path","status":"passed","title":"rejects an unexpected nested capture-manifest key with its precise path","duration":533.5791159999999,"failureMessages":[],"meta":{},"tags":[]},{"ancestorTitles":["JSON contract kernel"],"fullName":"JSON contract kernel rejects an unexpected nested daemon-status key with its precise path","status":"passed","title":"rejects an unexpected nested daemon-status key with its precise path","duration":550.5762520000003,"failureMessages":[],"meta":{},"tags":[]},{"ancestorTitles":["JSON contract kernel"],"fullName":"JSON contract kernel keeps modified serialization explicit, deterministic, and distinct","status":"passed","title":"keeps modified serialization explicit, deterministic, and distinct","duration":558.9400529999998,"failureMessages":[],"meta":{},"tags":[]},{"ancestorTitles":["JSON contract kernel"],"fullName":"JSON contract kernel freezes validated values so mutation cannot masquerade as an unchanged round trip","status":"passed","title":"freezes validated values so mutation cannot masquerade as an unchanged round trip","duration":524.3810210000001,"failureMessages":[],"meta":{},"tags":[]}],"startTime":1784079673473,"endTime":1784079678485.381,"status":"passed","message":"","name":"/home/runner/work/orchestrator-pack/orchestrator-pack/scripts/kernel/json-contract.test.ts"},{"assertionResults":[{"ancestorTitles":["TypeScript foundation check self-tests"],"fullName":"TypeScript foundation check self-tests turns the Node-major check red on a representative mismatch","status":"passed","title":"turns the Node-major check red on a representative mismatch","duration":525.22376,"failureMessages":[],"meta":{},"tags":[]},{"ancestorTitles":["TypeScript foundation check self-tests"],"fullName":"TypeScript foundation check self-tests turns typechecking red on a representative type error","status":"passed","title":"turns typechecking red on a representative type error","duration":1871.4320939999998,"failureMessages":[],"meta":{},"tags":[]},{"ancestorTitles":["TypeScript foundation check self-tests"],"fullName":"TypeScript foundation check self-tests turns lint red for floating and misused promises","status":"passed","title":"turns lint red for floating and misused promises","duration":1131.7609779999998,"failureMessages":[],"meta":{},"tags":[]},{"ancestorTitles":["TypeScript foundation check self-tests"],"fullName":"TypeScript foundation check self-tests rejects a new raw child-process call and cannot silently grow an exception","status":"passed","title":"rejects a new raw child-process call and cannot silently grow an exception","duration":575.5035079999998,"failureMessages":[],"meta":{},"tags":[]},{"ancestorTitles":["TypeScript foundation check self-tests"],"fullName":"TypeScript foundation check self-tests rejects inline require raw child-process calls","status":"passed","title":"rejects inline require raw child-process calls","duration":516.912284,"failureMessages":[],"meta":{},"tags":[]},{"ancestorTitles":["TypeScript foundation check self-tests"],"fullName":"TypeScript foundation check self-tests rejects property alias raw child-process calls","status":"passed","title":"rejects property alias raw child-process calls","duration":534.0640720000001,"failureMessages":[],"meta":{},"tags":[]},{"ancestorTitles":["TypeScript foundation check self-tests"],"fullName":"TypeScript foundation check self-tests only exempts the sanctioned kernel subprocess surfaces","status":"passed","title":"only exempts the sanctioned kernel subprocess surfaces","duration":484.9906060000003,"failureMessages":[],"meta":{},"tags":[]},{"ancestorTitles":["TypeScript foundation check self-tests"],"fullName":"TypeScript foundation check self-tests rejects dynamic import raw child-process calls for namespace and destructured bindings","status":"passed","title":"rejects dynamic import raw child-process calls for namespace and destructured bindings","duration":537.914949,"failureMessages":[],"meta":{},"tags":[]},{"ancestorTitles":["TypeScript foundation check self-tests"],"fullName":"TypeScript foundation check self-tests rejects dynamic import raw child-process calls inside then callbacks","status":"passed","title":"rejects dynamic import raw child-process calls inside then callbacks","duration":532.7185099999997,"failureMessages":[],"meta":{},"tags":[]},{"ancestorTitles":["TypeScript foundation check self-tests"],"fullName":"TypeScript foundation check self-tests rejects default-import raw child-process calls","status":"passed","title":"rejects default-import raw child-process calls","duration":536.9840370000002,"failureMessages":[],"meta":{},"tags":[]},{"ancestorTitles":["TypeScript foundation check self-tests"],"fullName":"TypeScript foundation check self-tests rejects destructured namespace raw child-process aliases","status":"passed","title":"rejects destructured namespace raw child-process aliases","duration":588.7230759999993,"failureMessages":[],"meta":{},"tags":[]},{"ancestorTitles":["TypeScript foundation check self-tests"],"fullName":"TypeScript foundation check self-tests rejects raw child-process growth even when the PR updates the baseline in the same commit range","status":"passed","title":"rejects raw child-process growth even when the PR updates the baseline in the same commit range","duration":976.3203459999986,"failureMessages":[],"meta":{},"tags":[]},{"ancestorTitles":["TypeScript foundation check self-tests"],"fullName":"TypeScript foundation check self-tests turns the PowerShell growth guard red for direct and shared-helper additions","status":"passed","title":"turns the PowerShell growth guard red for direct and shared-helper additions","duration":552.3291850000005,"failureMessages":[],"meta":{},"tags":[]},{"ancestorTitles":["TypeScript foundation check self-tests"],"fullName":"TypeScript foundation check self-tests turns the PowerShell growth guard red for inline require additions","status":"passed","title":"turns the PowerShell growth guard red for inline require additions","duration":498.61451899999884,"failureMessages":[],"meta":{},"tags":[]},{"ancestorTitles":["TypeScript foundation check self-tests"],"fullName":"TypeScript foundation check self-tests turns the PowerShell growth guard red for property aliases in spec files","status":"passed","title":"turns the PowerShell growth guard red for property aliases in spec files","duration":486.4334429999999,"failureMessages":[],"meta":{},"tags":[]},{"ancestorTitles":["TypeScript foundation check self-tests"],"fullName":"TypeScript foundation check self-tests turns the PowerShell growth guard red for dynamic import additions","status":"passed","title":"turns the PowerShell growth guard red for dynamic import additions","duration":538.0458190000008,"failureMessages":[],"meta":{},"tags":[]},{"ancestorTitles":["TypeScript foundation check self-tests"],"fullName":"TypeScript foundation check self-tests turns the PowerShell growth guard red for dynamic import then callbacks","status":"passed","title":"turns the PowerShell growth guard red for dynamic import then callbacks","duration":598.2179080000005,"failureMessages":[],"meta":{},"tags":[]},{"ancestorTitles":["TypeScript foundation check self-tests"],"fullName":"TypeScript foundation check self-tests turns the PowerShell growth guard red for default imports","status":"passed","title":"turns the PowerShell growth guard red for default imports","duration":482.98291100000097,"failureMessages":[],"meta":{},"tags":[]},{"ancestorTitles":["TypeScript foundation check self-tests"],"fullName":"TypeScript foundation check self-tests turns the PowerShell growth guard red for destructured namespace aliases","status":"passed","title":"turns the PowerShell growth guard red for destructured namespace aliases","duration":489.84528500000124,"failureMessages":[],"meta":{},"tags":[]},{"ancestorTitles":["TypeScript foundation check self-tests"],"fullName":"TypeScript foundation check self-tests rejects PowerShell child-test growth even when the PR updates the baseline in the same commit range","status":"passed","title":"rejects PowerShell child-test growth even when the PR updates the baseline in the same commit range","duration":790.3509700000013,"failureMessages":[],"meta":{},"tags":[]},{"ancestorTitles":["TypeScript foundation check self-tests"],"fullName":"TypeScript foundation check self-tests requires stale PowerShell baseline entries to be removed instead of becoming free slots","status":"passed","title":"requires stale PowerShell baseline entries to be removed instead of becoming free slots","duration":583.6528010000002,"failureMessages":[],"meta":{},"tags":[]},{"ancestorTitles":["TypeScript foundation check self-tests"],"fullName":"TypeScript foundation check self-tests keeps the committed baselines machine-readable and justified","status":"passed","title":"keeps the committed baselines machine-readable and justified","duration":444.475144,"failureMessages":[],"meta":{},"tags":[]}],"startTime":1784079467872,"endTime":1784079482150.475,"status":"passed","message":"","name":"/home/runner/work/orchestrator-pack/orchestrator-pack/scripts/toolchain/toolchain-self-test.test.ts"}]}