{"numTotalTestSuites":60,"numPassedTestSuites":60,"numFailedTestSuites":0,"numPendingTestSuites":0,"numTotalTests":221,"numPassedTests":221,"numFailedTests":0,"numPendingTests":0,"numTodoTests":0,"snapshot":{"added":0,"failure":false,"filesAdded":0,"filesRemoved":0,"filesRemovedList":[],"filesUnmatched":0,"filesUpdated":0,"matched":0,"total":0,"unchecked":0,"uncheckedKeysByFile":[],"unmatched":0,"updated":0,"didUpdate":false},"startTime":1783240218242,"success":true,"testResults":[{"assertionResults":[{"ancestorTitles":["autonomous-worker-nudge-boundary (#430)"],"fullName":"autonomous-worker-nudge-boundary (#430) still denies raw ao send on autonomous surface","status":"passed","title":"still denies raw ao send on autonomous surface","duration":1.2944330000027549,"failureMessages":[],"meta":{}},{"ancestorTitles":["autonomous-worker-nudge-boundary (#430)"],"fullName":"autonomous-worker-nudge-boundary (#430) allows gated task-continuation invoke path","status":"passed","title":"allows gated task-continuation invoke path","duration":0.13109799999801908,"failureMessages":[],"meta":{}}],"startTime":1783240251768,"endTime":1783240251770.131,"status":"passed","message":"","name":"/home/che/.agent-orchestrator/projects/orchestrator-pack/worktrees/opk-145/scripts/autonomous-worker-nudge-boundary.test.ts"},{"assertionResults":[{"ancestorTitles":["same-head timeout retry escalation (AC#4)"],"fullName":"same-head timeout retry escalation (AC#4) re-exports reviewer-failure-evidence marker symbols for backward compatibility","status":"passed","title":"re-exports reviewer-failure-evidence marker symbols for backward compatibility","duration":0.954860000001645,"failureMessages":[],"meta":{}},{"ancestorTitles":["same-head timeout retry escalation (AC#4)"],"fullName":"same-head timeout retry escalation (AC#4) extracts timeout_no_verdict from reviewer-evidence marker","status":"passed","title":"extracts timeout_no_verdict from reviewer-evidence marker","duration":0.32210699999995995,"failureMessages":[],"meta":{}},{"ancestorTitles":["same-head timeout retry escalation (AC#4)"],"fullName":"same-head timeout retry escalation (AC#4) honors zero as a valid timeout retry limit","status":"passed","title":"honors zero as a valid timeout retry limit","duration":0.4225299999998242,"failureMessages":[],"meta":{}},{"ancestorTitles":["same-head timeout retry escalation (AC#4)"],"fullName":"same-head timeout retry escalation (AC#4) allows one retry after first timeout_no_verdict failure","status":"passed","title":"allows one retry after first timeout_no_verdict failure","duration":0.2424780000001192,"failureMessages":[],"meta":{}},{"ancestorTitles":["same-head timeout retry escalation (AC#4)"],"fullName":"same-head timeout retry escalation (AC#4) escalates repeated timeout_no_verdict failures at review-start layer","status":"passed","title":"escalates repeated timeout_no_verdict failures at review-start layer","duration":1.4058509999995294,"failureMessages":[],"meta":{}},{"ancestorTitles":["same-head timeout retry escalation (AC#4)"],"fullName":"same-head timeout retry escalation (AC#4) does not label non-timeout retry exhaustion as repeated_timeout_no_verdict","status":"passed","title":"does not label non-timeout retry exhaustion as repeated_timeout_no_verdict","duration":0.8617790000025707,"failureMessages":[],"meta":{}},{"ancestorTitles":["same-head timeout retry escalation (AC#4)"],"fullName":"same-head timeout retry escalation (AC#4) allows wake start after first timeout_no_verdict failure","status":"passed","title":"allows wake start after first timeout_no_verdict failure","duration":1.3871450000006007,"failureMessages":[],"meta":{}},{"ancestorTitles":["same-head timeout retry escalation (AC#4)"],"fullName":"same-head timeout retry escalation (AC#4) escalates repeated timeout_no_verdict at wake start","status":"passed","title":"escalates repeated timeout_no_verdict at wake start","duration":0.36160600000221166,"failureMessages":[],"meta":{}},{"ancestorTitles":["same-head timeout retry escalation (AC#4)"],"fullName":"same-head timeout retry escalation (AC#4) does not allow wake retry for non-timeout failures without explicit retryEligible","status":"passed","title":"does not allow wake retry for non-timeout failures without explicit retryEligible","duration":0.8895150000025751,"failureMessages":[],"meta":{}},{"ancestorTitles":["same-head timeout retry escalation (AC#4)"],"fullName":"same-head timeout retry escalation (AC#4) counts only matching failure class on same head","status":"passed","title":"counts only matching failure class on same head","duration":0.1247350000012375,"failureMessages":[],"meta":{}}],"startTime":1783240238600,"endTime":1783240238607.1248,"status":"passed","message":"","name":"/home/che/.agent-orchestrator/projects/orchestrator-pack/worktrees/opk-145/scripts/codex-reviewer-timeout-retry.test.ts"},{"assertionResults":[{"ancestorTitles":["github-fleet-cache coalesce (Issue #453 AC#1)"],"fullName":"github-fleet-cache coalesce (Issue #453 AC#1) cold single reader performs one upstream gh pr list populate","status":"passed","title":"cold single reader performs one upstream gh pr list populate","duration":1017.2730640000009,"failureMessages":[],"meta":{}},{"ancestorTitles":["github-fleet-cache coalesce (Issue #453 AC#1)"],"fullName":"github-fleet-cache coalesce (Issue #453 AC#1) warm snapshot serves concurrent readers with zero additional gh pr list calls","status":"passed","title":"warm snapshot serves concurrent readers with zero additional gh pr list calls","duration":1561.2220390000002,"failureMessages":[],"meta":{}},{"ancestorTitles":["github-fleet-cache coalesce (Issue #453 AC#1)"],"fullName":"github-fleet-cache coalesce (Issue #453 AC#1) cold concurrent readers coalesce populate to at most two gh pr list calls","status":"passed","title":"cold concurrent readers coalesce populate to at most two gh pr list calls","duration":1187.2274069999985,"failureMessages":[],"meta":{}},{"ancestorTitles":["github-fleet-cache coalesce (Issue #453 AC#1)"],"fullName":"github-fleet-cache coalesce (Issue #453 AC#1) propagates populate errors to waiters without silent per-child fallback","status":"passed","title":"propagates populate errors to waiters without silent per-child fallback","duration":877.8258460000034,"failureMessages":[],"meta":{}}],"startTime":1783240245559,"endTime":1783240250202.826,"status":"passed","message":"","name":"/home/che/.agent-orchestrator/projects/orchestrator-pack/worktrees/opk-145/scripts/github-fleet-cache-coalesce.test.ts"},{"assertionResults":[{"ancestorTitles":["github-fleet-governor (Issue #585)"],"fullName":"github-fleet-governor (Issue #585) AC#1 shared admission enforces token budget and in-flight cap across processes","status":"passed","title":"AC#1 shared admission enforces token budget and in-flight cap across processes","duration":1536.8165819999995,"failureMessages":[],"meta":{}},{"ancestorTitles":["github-fleet-governor (Issue #585)"],"fullName":"github-fleet-governor (Issue #585) AC#3 reserved-lane preflight admits while background is denied under contention","status":"passed","title":"AC#3 reserved-lane preflight admits while background is denied under contention","duration":1.278137000001152,"failureMessages":[],"meta":{}},{"ancestorTitles":["github-fleet-governor (Issue #585)"],"fullName":"github-fleet-governor (Issue #585) AC#4 observed-limit cooldown publishes shared cooldown with Retry-After","status":"passed","title":"AC#4 observed-limit cooldown publishes shared cooldown with Retry-After","duration":1.0530690000014147,"failureMessages":[],"meta":{}},{"ancestorTitles":["github-fleet-governor (Issue #585)"],"fullName":"github-fleet-governor (Issue #585) AC#4 without headers uses conservative fixed backoff classification","status":"passed","title":"AC#4 without headers uses conservative fixed backoff classification","duration":1.085266000001866,"failureMessages":[],"meta":{}},{"ancestorTitles":["github-fleet-governor (Issue #585)"],"fullName":"github-fleet-governor (Issue #585) AC#5 background lane fails closed on corrupt governor state","status":"passed","title":"AC#5 background lane fails closed on corrupt governor state","duration":0.7530330000008689,"failureMessages":[],"meta":{}},{"ancestorTitles":["github-fleet-governor (Issue #585)"],"fullName":"github-fleet-governor (Issue #585) AC#5 interactive lane may use audited emergency budget when state is unavailable","status":"passed","title":"AC#5 interactive lane may use audited emergency budget when state is unavailable","duration":2.1552430000010645,"failureMessages":[],"meta":{}},{"ancestorTitles":["github-fleet-governor (Issue #585)"],"fullName":"github-fleet-governor (Issue #585) AC#6 terminal classes are not converted into cooldown transients","status":"passed","title":"AC#6 terminal classes are not converted into cooldown transients","duration":0.9874320000017178,"failureMessages":[],"meta":{}},{"ancestorTitles":["github-fleet-governor (Issue #585)"],"fullName":"github-fleet-governor (Issue #585) AC#7 cold restart does not grant full budget to simultaneous callers","status":"passed","title":"AC#7 cold restart does not grant full budget to simultaneous callers","duration":160.30155999999988,"failureMessages":[],"meta":{}},{"ancestorTitles":["github-fleet-governor (Issue #585)"],"fullName":"github-fleet-governor (Issue #585) AC#8 governor integration does not re-enter scripts/gh wrapper","status":"passed","title":"AC#8 governor integration does not re-enter scripts/gh wrapper","duration":0.4592049999992014,"failureMessages":[],"meta":{}},{"ancestorTitles":["github-fleet-governor (Issue #585)"],"fullName":"github-fleet-governor (Issue #585) AC#9 scenario matrix covers representative caller and governor states","status":"passed","title":"AC#9 scenario matrix covers representative caller and governor states","duration":130.76848999999856,"failureMessages":[],"meta":{}},{"ancestorTitles":["github-fleet-governor (Issue #585)"],"fullName":"github-fleet-governor (Issue #585) AC#2 chokepoint inventory lists wrapper-covered fleet surfaces","status":"passed","title":"AC#2 chokepoint inventory lists wrapper-covered fleet surfaces","duration":0.44300899999871035,"failureMessages":[],"meta":{}},{"ancestorTitles":["github-fleet-governor (Issue #585)"],"fullName":"github-fleet-governor (Issue #585) AC#10 placeholder budget telemetry is recorded in governor state","status":"passed","title":"AC#10 placeholder budget telemetry is recorded in governor state","duration":1.695847999999387,"failureMessages":[],"meta":{}},{"ancestorTitles":["github-fleet-governor (Issue #585)"],"fullName":"github-fleet-governor (Issue #585) wrapper denies with stable exit code when governor rejects background lane","status":"passed","title":"wrapper denies with stable exit code when governor rejects background lane","duration":60.16285000000062,"failureMessages":[],"meta":{}},{"ancestorTitles":["github-fleet-governor (Issue #585)"],"fullName":"github-fleet-governor (Issue #585) fleet consumers remain compatible with governor lane context helper","status":"passed","title":"fleet consumers remain compatible with governor lane context helper","duration":1.0606349999980011,"failureMessages":[],"meta":{}}],"startTime":1783240236399,"endTime":1783240238298.0605,"status":"passed","message":"","name":"/home/che/.agent-orchestrator/projects/orchestrator-pack/worktrees/opk-145/scripts/github-fleet-governor.test.ts"},{"assertionResults":[{"ancestorTitles":["publish issue-body sync (#542)"],"fullName":"publish issue-body sync (#542) extracts expected issue body as draft minus H1 and following blank line","status":"passed","title":"extracts expected issue body as draft minus H1 and following blank line","duration":0.9278610000001208,"failureMessages":[],"meta":{}},{"ancestorTitles":["publish issue-body sync (#542)"],"fullName":"publish issue-body sync (#542) sanctioned mutation path only: rejects low-level gh api issue-body mutation","status":"passed","title":"sanctioned mutation path only: rejects low-level gh api issue-body mutation","duration":0.7509769999996934,"failureMessages":[],"meta":{}},{"ancestorTitles":["publish issue-body sync (#542)"],"fullName":"publish issue-body sync (#542) sanctioned mutation path only: rejects inline --body mutations","status":"passed","title":"sanctioned mutation path only: rejects inline --body mutations","duration":0.241598000000522,"failureMessages":[],"meta":{}},{"ancestorTitles":["publish issue-body sync (#542)"],"fullName":"publish issue-body sync (#542) sanctioned mutation path only: requires gh issue create/edit with --body-file","status":"passed","title":"sanctioned mutation path only: requires gh issue create/edit with --body-file","duration":1.0591270000004442,"failureMessages":[],"meta":{}},{"ancestorTitles":["publish issue-body sync (#542)"],"fullName":"publish issue-body sync (#542) REST parity gate: fails closed when mutation succeeds but live REST body mismatches","status":"passed","title":"REST parity gate: fails closed when mutation succeeds but live REST body mismatches","duration":0.8125250000011874,"failureMessages":[],"meta":{}},{"ancestorTitles":["publish issue-body sync (#542)"],"fullName":"publish issue-body sync (#542) literal-temp-path regression: detects @/tmp/... live bodies","status":"passed","title":"literal-temp-path regression: detects @/tmp/... live bodies","duration":0.28263999999762746,"failureMessages":[],"meta":{}},{"ancestorTitles":["publish issue-body sync (#542)"],"fullName":"publish issue-body sync (#542) positive outcome: reports success only after live REST body parity holds","status":"passed","title":"positive outcome: reports success only after live REST body parity holds","duration":0.34941299999991315,"failureMessages":[],"meta":{}},{"ancestorTitles":["publish issue-body sync (#542)"],"fullName":"publish issue-body sync (#542) mutation audit trail records subcommand/argv class without logging full body","status":"passed","title":"mutation audit trail records subcommand/argv class without logging full body","duration":0.19170499999745516,"failureMessages":[],"meta":{}},{"ancestorTitles":["publish issue-body sync (#542)"],"fullName":"publish issue-body sync (#542) sync-only verify mode uses the same REST parity gate without mutation","status":"passed","title":"sync-only verify mode uses the same REST parity gate without mutation","duration":0.3631470000000263,"failureMessages":[],"meta":{}},{"ancestorTitles":["publish issue-body sync (#542)"],"fullName":"publish issue-body sync (#542) delegated create path uses sanctioned mutation then parity gate","status":"passed","title":"delegated create path uses sanctioned mutation then parity gate","duration":1.052535999999236,"failureMessages":[],"meta":{}},{"ancestorTitles":["publish issue-body sync (#542)"],"fullName":"publish issue-body sync (#542) no newline-only false failure at the permitted normalization boundary","status":"passed","title":"no newline-only false failure at the permitted normalization boundary","duration":0.15261200000168174,"failureMessages":[],"meta":{}},{"ancestorTitles":["publish issue-body sync (#542)"],"fullName":"publish issue-body sync (#542) worktree-isolation composition preserved: opencode publish helper still isolates scratch checkout","status":"passed","title":"worktree-isolation composition preserved: opencode publish helper still isolates scratch checkout","duration":0.15653500000189524,"failureMessages":[],"meta":{}},{"ancestorTitles":["publish issue-body sync (#542)"],"fullName":"publish issue-body sync (#542) publish skill surfaces route issue-body sync through the mechanical helper","status":"passed","title":"publish skill surfaces route issue-body sync through the mechanical helper","duration":0.49014200000237906,"failureMessages":[],"meta":{}},{"ancestorTitles":["publish issue-body sync (#542)"],"fullName":"publish issue-body sync (#542) issue-body sync refuses when the tier-gate guard receipt is missing or failing and proceeds when it passes","status":"passed","title":"issue-body sync refuses when the tier-gate guard receipt is missing or failing and proceeds when it passes","duration":7.138114000001224,"failureMessages":[],"meta":{}}],"startTime":1783240238886,"endTime":1783240238900.1382,"status":"passed","message":"","name":"/home/che/.agent-orchestrator/projects/orchestrator-pack/worktrees/opk-145/scripts/publish-issue-body-sync.test.ts"},{"assertionResults":[{"ancestorTitles":["threshold constants"],"fullName":"threshold constants exports canonical T1 floor of 400 lines","status":"passed","title":"exports canonical T1 floor of 400 lines","duration":0.7064870000000383,"failureMessages":[],"meta":{}},{"ancestorTitles":["equivalence-class fixtures"],"fullName":"equivalence-class fixtures below-floor.json matches tabled audit verdict","status":"passed","title":"below-floor.json matches tabled audit verdict","duration":57.785797,"failureMessages":[],"meta":{}},{"ancestorTitles":["equivalence-class fixtures"],"fullName":"equivalence-class fixtures code-class-excluded.json matches tabled audit verdict","status":"passed","title":"code-class-excluded.json matches tabled audit verdict","duration":18.269319999999993,"failureMessages":[],"meta":{}},{"ancestorTitles":["equivalence-class fixtures"],"fullName":"equivalence-class fixtures reviewer-path-excluded.json matches tabled audit verdict","status":"passed","title":"reviewer-path-excluded.json matches tabled audit verdict","duration":17.46137299999998,"failureMessages":[],"meta":{}},{"ancestorTitles":["equivalence-class fixtures"],"fullName":"equivalence-class fixtures diff-log-below-t1.json matches tabled audit verdict","status":"passed","title":"diff-log-below-t1.json matches tabled audit verdict","duration":57.81538699999999,"failureMessages":[],"meta":{}},{"ancestorTitles":["detection parity (Claude vs Cursor)"],"fullName":"detection parity (Claude vs Cursor) below-floor.json yields identical flag verdict on both surfaces","status":"passed","title":"below-floor.json yields identical flag verdict on both surfaces","duration":119.47311299999978,"failureMessages":[],"meta":{}},{"ancestorTitles":["detection parity (Claude vs Cursor)"],"fullName":"detection parity (Claude vs Cursor) code-class-excluded.json yields identical flag verdict on both surfaces","status":"passed","title":"code-class-excluded.json yields identical flag verdict on both surfaces","duration":39.795958000000155,"failureMessages":[],"meta":{}},{"ancestorTitles":["detection parity (Claude vs Cursor)"],"fullName":"detection parity (Claude vs Cursor) reviewer-path-excluded.json yields identical flag verdict on both surfaces","status":"passed","title":"reviewer-path-excluded.json yields identical flag verdict on both surfaces","duration":40.87915699999985,"failureMessages":[],"meta":{}},{"ancestorTitles":["detection parity (Claude vs Cursor)"],"fullName":"detection parity (Claude vs Cursor) diff-log-below-t1.json yields identical flag verdict on both surfaces","status":"passed","title":"diff-log-below-t1.json yields identical flag verdict on both surfaces","duration":140.5820510000001,"failureMessages":[],"meta":{}},{"ancestorTitles":["work-unit boundary"],"fullName":"work-unit boundary partitions one inbound request across many reads into one unit","status":"passed","title":"partitions one inbound request across many reads into one unit","duration":51.219323999999915,"failureMessages":[],"meta":{}},{"ancestorTitles":["work-unit boundary"],"fullName":"work-unit boundary keeps two inbound requests as separate units (fixture-pinned)","status":"passed","title":"keeps two inbound requests as separate units (fixture-pinned)","duration":112.18375399999991,"failureMessages":[],"meta":{}},{"ancestorTitles":["metric emission"],"fullName":"metric emission counts delegated, edit-exempt, and excepted units in denominator","status":"passed","title":"counts delegated, edit-exempt, and excepted units in denominator","duration":204.62451600000009,"failureMessages":[],"meta":{}},{"ancestorTitles":["metric emission"],"fullName":"metric emission distinguishes all-excluded from no-trigger windows by structured cause","status":"passed","title":"distinguishes all-excluded from no-trigger windows by structured cause","duration":48.88717100000008,"failureMessages":[],"meta":{}},{"ancestorTitles":["metric emission"],"fullName":"metric emission loads the persisted review-hook capability on ordinary live summaries","status":"passed","title":"loads the persisted review-hook capability on ordinary live summaries","duration":39.92711099999997,"failureMessages":[],"meta":{}},{"ancestorTitles":["metric emission"],"fullName":"metric emission fails loud for malformed, stale, and live-mismatched capability provenance","status":"passed","title":"fails loud for malformed, stale, and live-mismatched capability provenance","duration":41.78410699999995,"failureMessages":[],"meta":{}},{"ancestorTitles":["metric emission"],"fullName":"metric emission quarantines pre-fix schema rows in mixed JSONL artifacts","status":"passed","title":"quarantines pre-fix schema rows in mixed JSONL artifacts","duration":39.113068999999996,"failureMessages":[],"meta":{}},{"ancestorTitles":["metric emission"],"fullName":"metric emission emits machine-readable window summary from artifact","status":"passed","title":"emits machine-readable window summary from artifact","duration":160.4585400000003,"failureMessages":[],"meta":{}},{"ancestorTitles":["line counting and missing-window handling"],"fullName":"line counting and missing-window handling does not count a trailing newline as an extra line at thresholds","status":"passed","title":"does not count a trailing newline as an extra line at thresholds","duration":45.13381800000025,"failureMessages":[],"meta":{}},{"ancestorTitles":["line counting and missing-window handling"],"fullName":"line counting and missing-window handling returns fail-open when transcript_path exists but cannot be read","status":"passed","title":"returns fail-open when transcript_path exists but cannot be read","duration":83.2665179999999,"failureMessages":[],"meta":{}},{"ancestorTitles":["line counting and missing-window handling"],"fullName":"line counting and missing-window handling records missing_window when transcript_path yields no tool events","status":"passed","title":"records missing_window when transcript_path yields no tool events","duration":1.71459300000015,"failureMessages":[],"meta":{}},{"ancestorTitles":["fail-open and fail-loud"],"fullName":"fail-open and fail-loud returns fail-open when metric append and health persistence both fail","status":"passed","title":"returns fail-open when metric append and health persistence both fail","duration":39.57662900000014,"failureMessages":[],"meta":{}},{"ancestorTitles":["fail-open and fail-loud"],"fullName":"fail-open and fail-loud records health error and marks window degraded without blocking","status":"passed","title":"records health error and marks window degraded without blocking","duration":0.7580090000001292,"failureMessages":[],"meta":{}},{"ancestorTitles":["Claude and shell transcript compatibility"],"fullName":"Claude and shell transcript compatibility resolves Cursor read_file target_file inputs for line measurement","status":"passed","title":"resolves Cursor read_file target_file inputs for line measurement","duration":0.6350879999999961,"failureMessages":[],"meta":{}},{"ancestorTitles":["Claude and shell transcript compatibility"],"fullName":"Claude and shell transcript compatibility flags Cursor read_file transcript reads the same as Read reads","status":"passed","title":"flags Cursor read_file transcript reads the same as Read reads","duration":84.27075299999979,"failureMessages":[],"meta":{}},{"ancestorTitles":["Claude and shell transcript compatibility"],"fullName":"Claude and shell transcript compatibility resolves Claude Read file_path inputs for line measurement","status":"passed","title":"resolves Claude Read file_path inputs for line measurement","duration":0.47721899999987727,"failureMessages":[],"meta":{}},{"ancestorTitles":["Claude and shell transcript compatibility"],"fullName":"Claude and shell transcript compatibility treats Read limits as caps when the file is shorter than the limit","status":"passed","title":"treats Read limits as caps when the file is shorter than the limit","duration":41.129864,"failureMessages":[],"meta":{}},{"ancestorTitles":["Claude and shell transcript compatibility"],"fullName":"Claude and shell transcript compatibility flags Claude transcript reads the same as Cursor reads","status":"passed","title":"flags Claude transcript reads the same as Cursor reads","duration":79.3216379999999,"failureMessages":[],"meta":{}},{"ancestorTitles":["Claude and shell transcript compatibility"],"fullName":"Claude and shell transcript compatibility counts file lines from disk without loading the entire file for limited reads","status":"passed","title":"counts file lines from disk without loading the entire file for limited reads","duration":1.276810999999725,"failureMessages":[],"meta":{}},{"ancestorTitles":["Claude and shell transcript compatibility"],"fullName":"Claude and shell transcript compatibility does not false-fire T1 when work unit reads supply string line counts","status":"passed","title":"does not false-fire T1 when work unit reads supply string line counts","duration":37.26901600000019,"failureMessages":[],"meta":{}},{"ancestorTitles":["Claude and shell transcript compatibility"],"fullName":"Claude and shell transcript compatibility excludes codeClassGated units from the denominator without per-read isCodeClass","status":"passed","title":"excludes codeClassGated units from the denominator without per-read isCodeClass","duration":0.19720600000027844,"failureMessages":[],"meta":{}},{"ancestorTitles":["Claude and shell transcript compatibility"],"fullName":"Claude and shell transcript compatibility recognizes multiline coworker ask commands as machine-observed delegation","status":"passed","title":"recognizes multiline coworker ask commands as machine-observed delegation","duration":39.826698999999735,"failureMessages":[],"meta":{}},{"ancestorTitles":["Claude and shell transcript compatibility"],"fullName":"Claude and shell transcript compatibility recognizes coworker ask --profile=code as machine-observed delegation","status":"passed","title":"recognizes coworker ask --profile=code as machine-observed delegation","duration":39.67894000000024,"failureMessages":[],"meta":{}},{"ancestorTitles":["Claude and shell transcript compatibility"],"fullName":"Claude and shell transcript compatibility recognizes Claude Edit and MultiEdit tools for edit-exempt units","status":"passed","title":"recognizes Claude Edit and MultiEdit tools for edit-exempt units","duration":79.23226900000009,"failureMessages":[],"meta":{}},{"ancestorTitles":["Claude and shell transcript compatibility"],"fullName":"Claude and shell transcript compatibility does not re-execute shell commands without captured transcript output","status":"passed","title":"does not re-execute shell commands without captured transcript output","duration":0.5152109999999084,"failureMessages":[],"meta":{}},{"ancestorTitles":["Claude and shell transcript compatibility"],"fullName":"Claude and shell transcript compatibility measures diff/log volume only from captured shell output","status":"passed","title":"measures diff/log volume only from captured shell output","duration":0.1837550000000192,"failureMessages":[],"meta":{}},{"ancestorTitles":["Claude and shell transcript compatibility"],"fullName":"Claude and shell transcript compatibility classifies tail log shell reads as advisory on Cursor","status":"passed","title":"classifies tail log shell reads as advisory on Cursor","duration":41.44911699999966,"failureMessages":[],"meta":{}},{"ancestorTitles":["Claude and shell transcript compatibility"],"fullName":"Claude and shell transcript compatibility keeps tool_result user messages inside the same work unit","status":"passed","title":"keeps tool_result user messages inside the same work unit","duration":39.608562999999776,"failureMessages":[],"meta":{}},{"ancestorTitles":["work unit resolution"],"fullName":"work unit resolution partitions events when workUnits is an empty array","status":"passed","title":"partitions events when workUnits is an empty array","duration":40.14256299999988,"failureMessages":[],"meta":{}},{"ancestorTitles":["work unit resolution"],"fullName":"work unit resolution preserves capture metadata when partitioning read events","status":"passed","title":"preserves capture metadata when partitioning read events","duration":73.3413230000001,"failureMessages":[],"meta":{}},{"ancestorTitles":["stop hook transcript population"],"fullName":"stop hook transcript population extracts read events from Cursor transcript records","status":"passed","title":"extracts read events from Cursor transcript records","duration":37.7459859999999,"failureMessages":[],"meta":{}},{"ancestorTitles":["stop hook transcript population"],"fullName":"stop hook transcript population populates work units from transcript_path when hook payload is sparse","status":"passed","title":"populates work units from transcript_path when hook payload is sparse","duration":39.33582299999989,"failureMessages":[],"meta":{}},{"ancestorTitles":["stop hook transcript population"],"fullName":"stop hook transcript population captures shell read-arounds from shell-only Cursor transcripts","status":"passed","title":"captures shell read-arounds from shell-only Cursor transcripts","duration":40.28650599999992,"failureMessages":[],"meta":{}},{"ancestorTitles":["stop hook transcript population"],"fullName":"stop hook transcript population preserves every path in multi-file shell cat reads","status":"passed","title":"preserves every path in multi-file shell cat reads","duration":1.171661999999742,"failureMessages":[],"meta":{}},{"ancestorTitles":["stop hook transcript population"],"fullName":"stop hook transcript population defaults head without -n to ten lines when output is missing","status":"passed","title":"defaults head without -n to ten lines when output is missing","duration":0.3190629999999146,"failureMessages":[],"meta":{}},{"ancestorTitles":["stop hook transcript population"],"fullName":"stop hook transcript population declines grep reads when captured output is missing","status":"passed","title":"declines grep reads when captured output is missing","duration":0.3079469999997855,"failureMessages":[],"meta":{}},{"ancestorTitles":["stop hook transcript population"],"fullName":"stop hook transcript population extracts nested python open() paths for shell read-around","status":"passed","title":"extracts nested python open() paths for shell read-around","duration":0.21850099999983286,"failureMessages":[],"meta":{}},{"ancestorTitles":["stop hook transcript population"],"fullName":"stop hook transcript population uses bounded head -n counts instead of full-file fallback","status":"passed","title":"uses bounded head -n counts instead of full-file fallback","duration":0.21354900000005728,"failureMessages":[],"meta":{}},{"ancestorTitles":["stop hook transcript population"],"fullName":"stop hook transcript population does not treat ordinary python script execution as a synthetic read","status":"passed","title":"does not treat ordinary python script execution as a synthetic read","duration":0.08810200000016266,"failureMessages":[],"meta":{}},{"ancestorTitles":["stop hook transcript population"],"fullName":"stop hook transcript population infers shell read-around reads from head -n without captured output when path exists","status":"passed","title":"infers shell read-around reads from head -n without captured output when path exists","duration":0.26300499999979365,"failureMessages":[],"meta":{}},{"ancestorTitles":["stop hook transcript population"],"fullName":"stop hook transcript population reads transcript_path from disk via extractEventsFromTranscript","status":"passed","title":"reads transcript_path from disk via extractEventsFromTranscript","duration":0.33539699999982986,"failureMessages":[],"meta":{}},{"ancestorTitles":["stop hook transcript population"],"fullName":"stop hook transcript population prefers captured Read tool_result length over the requested limit","status":"passed","title":"prefers captured Read tool_result length over the requested limit","duration":38.5062869999997,"failureMessages":[],"meta":{}},{"ancestorTitles":["concurrency and idempotency"],"fullName":"concurrency and idempotency does not double-count duplicate event ids","status":"passed","title":"does not double-count duplicate event ids","duration":42.29113299999972,"failureMessages":[],"meta":{}},{"ancestorTitles":["concurrency and idempotency"],"fullName":"concurrency and idempotency appends concurrent unique events without loss","status":"passed","title":"appends concurrent unique events without loss","duration":78.56831599999987,"failureMessages":[],"meta":{}},{"ancestorTitles":["concurrency and idempotency"],"fullName":"concurrency and idempotency does not double-count concurrent duplicate appends","status":"passed","title":"does not double-count concurrent duplicate appends","duration":142.6271740000002,"failureMessages":[],"meta":{}},{"ancestorTitles":["index-served carve-out (Issue #309)"],"fullName":"index-served carve-out (Issue #309) index-served-excluded.json matches index-served audit table","status":"passed","title":"index-served-excluded.json matches index-served audit table","duration":74.32512899999983,"failureMessages":[],"meta":{}},{"ancestorTitles":["index-served carve-out (Issue #309)"],"fullName":"index-served carve-out (Issue #309) out-of-index-log-flagged.json matches index-served audit table","status":"passed","title":"out-of-index-log-flagged.json matches index-served audit table","duration":81.74967900000001,"failureMessages":[],"meta":{}},{"ancestorTitles":["index-served carve-out (Issue #309)"],"fullName":"index-served carve-out (Issue #309) out-of-index-diff-flagged.json matches index-served audit table","status":"passed","title":"out-of-index-diff-flagged.json matches index-served audit table","duration":79.02797099999998,"failureMessages":[],"meta":{}},{"ancestorTitles":["index-served carve-out (Issue #309)"],"fullName":"index-served carve-out (Issue #309) out-of-index-external-flagged.json matches index-served audit table","status":"passed","title":"out-of-index-external-flagged.json matches index-served audit table","duration":75.66206000000011,"failureMessages":[],"meta":{}},{"ancestorTitles":["index-served carve-out (Issue #309)"],"fullName":"index-served carve-out (Issue #309) mixed-below-floor.json matches index-served audit table","status":"passed","title":"mixed-below-floor.json matches index-served audit table","duration":96.57041000000027,"failureMessages":[],"meta":{}},{"ancestorTitles":["index-served carve-out (Issue #309)"],"fullName":"index-served carve-out (Issue #309) mixed-above-floor.json matches index-served audit table","status":"passed","title":"mixed-above-floor.json matches index-served audit table","duration":106.01483000000007,"failureMessages":[],"meta":{}},{"ancestorTitles":["index-served carve-out (Issue #309)"],"fullName":"index-served carve-out (Issue #309) code-class-per-read-mixed.json matches index-served audit table","status":"passed","title":"code-class-per-read-mixed.json matches index-served audit table","duration":84.26989700000013,"failureMessages":[],"meta":{}},{"ancestorTitles":["index-served carve-out (Issue #309)"],"fullName":"index-served carve-out (Issue #309) index-served exclusion record carries full predicate matrix","status":"passed","title":"index-served exclusion record carries full predicate matrix","duration":81.04884699999957,"failureMessages":[],"meta":{}},{"ancestorTitles":["index-served carve-out (Issue #309)"],"fullName":"index-served carve-out (Issue #309) mixed session residual metric is non-zero and not 0/0","status":"passed","title":"mixed session residual metric is non-zero and not 0/0","duration":119.29931600000009,"failureMessages":[],"meta":{}},{"ancestorTitles":["index-served carve-out (Issue #309)"],"fullName":"index-served carve-out (Issue #309) Cursor advisory vs Claude mandatory on same out-of-index log read","status":"passed","title":"Cursor advisory vs Claude mandatory on same out-of-index log read","duration":168.12672399999974,"failureMessages":[],"meta":{}},{"ancestorTitles":["index-served carve-out (Issue #309)"],"fullName":"index-served carve-out (Issue #309) preflight: reviewer-path fixtures remain green (#264 precondition)","status":"passed","title":"preflight: reviewer-path fixtures remain green (#264 precondition)","duration":28.955677999999352,"failureMessages":[],"meta":{}},{"ancestorTitles":["index-served carve-out (Issue #309)"],"fullName":"index-served carve-out (Issue #309) blocking status on captured-head mismatch","status":"passed","title":"blocking status on captured-head mismatch","duration":118.29767600000014,"failureMessages":[],"meta":{}},{"ancestorTitles":["index-served carve-out (Issue #309)"],"fullName":"index-served carve-out (Issue #309) blocking status on partial capture metadata","status":"passed","title":"blocking status on partial capture metadata","duration":41.464811000000736,"failureMessages":[],"meta":{}},{"ancestorTitles":["index-served carve-out (Issue #309)"],"fullName":"index-served carve-out (Issue #309) accepts short capturedCommit SHAs equivalent to checkout HEAD","status":"passed","title":"accepts short capturedCommit SHAs equivalent to checkout HEAD","duration":95.50932399999965,"failureMessages":[],"meta":{}},{"ancestorTitles":["index-served carve-out (Issue #309)"],"fullName":"index-served carve-out (Issue #309) blocking status on malformed captured read with missing lines","status":"passed","title":"blocking status on malformed captured read with missing lines","duration":42.15250500000002,"failureMessages":[],"meta":{}},{"ancestorTitles":["index-served carve-out (Issue #309)"],"fullName":"index-served carve-out (Issue #309) keeps non-index source reads delegable despite isCodeClass transcript tags","status":"passed","title":"keeps non-index source reads delegable despite isCodeClass transcript tags","duration":42.58448099999987,"failureMessages":[],"meta":{}},{"ancestorTitles":["index-served carve-out (Issue #309)"],"fullName":"index-served carve-out (Issue #309) classifies isCodeClass-tagged tracked source reads as index-served on the events path","status":"passed","title":"classifies isCodeClass-tagged tracked source reads as index-served on the events path","duration":40.894248000000516,"failureMessages":[],"meta":{}},{"ancestorTitles":["invoke-read-delegation-audit-stop.ps1"],"fullName":"invoke-read-delegation-audit-stop.ps1 parses hook stdin with PS 5.1-compatible code","status":"passed","title":"parses hook stdin with PS 5.1-compatible code","duration":583.7246299999997,"failureMessages":[],"meta":{}},{"ancestorTitles":["invoke-read-delegation-audit-stop.ps1"],"fullName":"invoke-read-delegation-audit-stop.ps1 creates the metric directory before writing wrapper errors","status":"passed","title":"creates the metric directory before writing wrapper errors","duration":585.8143220000002,"failureMessages":[],"meta":{}},{"ancestorTitles":["stop hook CLI"],"fullName":"stop hook CLI runs stop subcommand from stdin JSON","status":"passed","title":"runs stop subcommand from stdin JSON","duration":129.15276699999959,"failureMessages":[],"meta":{}},{"ancestorTitles":["beforeReadFile deny probe artifact"],"fullName":"beforeReadFile deny probe artifact is checked in for Phase-2 feasibility","status":"passed","title":"is checked in for Phase-2 feasibility","duration":0.17539099999976315,"failureMessages":[],"meta":{}},{"ancestorTitles":["surface enumeration"],"fullName":"surface enumeration covers both Claude and Cursor audit paths","status":"passed","title":"covers both Claude and Cursor audit paths","duration":80.90865799999938,"failureMessages":[],"meta":{}},{"ancestorTitles":["Cursor-seat advisory carve-out (Issue #359)"],"fullName":"Cursor-seat advisory carve-out (Issue #359) cursor-advisory-markdown-capture.json records advisory classification without non-compliance","status":"passed","title":"cursor-advisory-markdown-capture.json records advisory classification without non-compliance","duration":60.21298300000035,"failureMessages":[],"meta":{}},{"ancestorTitles":["Cursor-seat advisory carve-out (Issue #359)"],"fullName":"Cursor-seat advisory carve-out (Issue #359) cursor-advisory-log.json records advisory classification without non-compliance","status":"passed","title":"cursor-advisory-log.json records advisory classification without non-compliance","duration":56.52909400000044,"failureMessages":[],"meta":{}},{"ancestorTitles":["Cursor-seat advisory carve-out (Issue #359)"],"fullName":"Cursor-seat advisory carve-out (Issue #359) cursor-advisory-external.json records advisory classification without non-compliance","status":"passed","title":"cursor-advisory-external.json records advisory classification without non-compliance","duration":56.40458099999978,"failureMessages":[],"meta":{}},{"ancestorTitles":["Cursor-seat advisory carve-out (Issue #359)"],"fullName":"Cursor-seat advisory carve-out (Issue #359) cursor-advisory-delegated-satisfied.json records advisory-satisfied outcome","status":"passed","title":"cursor-advisory-delegated-satisfied.json records advisory-satisfied outcome","duration":58.5117680000003,"failureMessages":[],"meta":{}},{"ancestorTitles":["Cursor-seat advisory carve-out (Issue #359)"],"fullName":"Cursor-seat advisory carve-out (Issue #359) cursor-advisory-delegated-then-shell.json preserves satisfaction when delegation observed","status":"passed","title":"cursor-advisory-delegated-then-shell.json preserves satisfaction when delegation observed","duration":62.592524000000594,"failureMessages":[],"meta":{}},{"ancestorTitles":["Cursor-seat advisory carve-out (Issue #359)"],"fullName":"Cursor-seat advisory carve-out (Issue #359) cursor-advisory-partial-targeted-read.json keeps untargeted bulk advisory unsatisfied","status":"passed","title":"cursor-advisory-partial-targeted-read.json keeps untargeted bulk advisory unsatisfied","duration":64.36046000000078,"failureMessages":[],"meta":{}},{"ancestorTitles":["Cursor-seat advisory carve-out (Issue #359)"],"fullName":"Cursor-seat advisory carve-out (Issue #359) cursor-advisory-targeted-read.json records advisory-satisfied for offset/limit read","status":"passed","title":"cursor-advisory-targeted-read.json records advisory-satisfied for offset/limit read","duration":69.5923759999996,"failureMessages":[],"meta":{}},{"ancestorTitles":["Cursor-seat advisory carve-out (Issue #359)"],"fullName":"Cursor-seat advisory carve-out (Issue #359) cursor-advisory-shell-read-around.json records shell-read-around, not satisfied","status":"passed","title":"cursor-advisory-shell-read-around.json records shell-read-around, not satisfied","duration":66.1418760000006,"failureMessages":[],"meta":{}},{"ancestorTitles":["Cursor-seat advisory carve-out (Issue #359)"],"fullName":"Cursor-seat advisory carve-out (Issue #359) cursor-advisory-unrelated-shell.json ignores unrelated shell commands","status":"passed","title":"cursor-advisory-unrelated-shell.json ignores unrelated shell commands","duration":65.68273399999998,"failureMessages":[],"meta":{}},{"ancestorTitles":["Cursor-seat advisory carve-out (Issue #359)"],"fullName":"Cursor-seat advisory carve-out (Issue #359) cursor-advisory-mixed-mandatory-diff.json counts advisory reads in mandatory units","status":"passed","title":"cursor-advisory-mixed-mandatory-diff.json counts advisory reads in mandatory units","duration":64.04570999999942,"failureMessages":[],"meta":{}},{"ancestorTitles":["Cursor-seat advisory carve-out (Issue #359)"],"fullName":"Cursor-seat advisory carve-out (Issue #359) out-of-index-diff-flagged.json stays mandatory on Cursor (not advisory)","status":"passed","title":"out-of-index-diff-flagged.json stays mandatory on Cursor (not advisory)","duration":64.61671800000022,"failureMessages":[],"meta":{}}],"startTime":1783240218869,"endTime":1783240224701.6167,"status":"passed","message":"","name":"/home/che/.agent-orchestrator/projects/orchestrator-pack/worktrees/opk-145/scripts/read-delegation-audit.test.ts"},{"assertionResults":[{"ancestorTitles":["review-pipeline spawn budget (Issue #480)"],"fullName":"review-pipeline spawn budget (Issue #480) loads manifest with required source classes","status":"passed","title":"loads manifest with required source classes","duration":0.8553370000008726,"failureMessages":[],"meta":{}},{"ancestorTitles":["review-pipeline spawn budget (Issue #480)"],"fullName":"review-pipeline spawn budget (Issue #480) attributes supervisor, review-start, guard, and worker paths","status":"passed","title":"attributes supervisor, review-start, guard, and worker paths","duration":1.3408870000021125,"failureMessages":[],"meta":{}},{"ancestorTitles":["review-pipeline spawn budget (Issue #480)"],"fullName":"review-pipeline spawn budget (Issue #480) method fixture: point-in-time ps snapshot can miss burst","status":"passed","title":"method fixture: point-in-time ps snapshot can miss burst","duration":0.6074789999984205,"failureMessages":[],"meta":{}},{"ancestorTitles":["review-pipeline spawn budget (Issue #480)"],"fullName":"review-pipeline spawn budget (Issue #480) derives reduced per-minute threshold below storm baseline","status":"passed","title":"derives reduced per-minute threshold below storm baseline","duration":1.2240180000007967,"failureMessages":[],"meta":{}},{"ancestorTitles":["review-pipeline spawn budget (Issue #480)"],"fullName":"review-pipeline spawn budget (Issue #480) replay: storm baseline fails and reduced post-change passes","status":"passed","title":"replay: storm baseline fails and reduced post-change passes","duration":2.2484889999977895,"failureMessages":[],"meta":{}},{"ancestorTitles":["review-pipeline spawn budget (Issue #480)"],"fullName":"review-pipeline spawn budget (Issue #480) replayCaptureBudgetCheck rejects storm acceptance and reduced rejection","status":"passed","title":"replayCaptureBudgetCheck rejects storm acceptance and reduced rejection","duration":1.2023069999995641,"failureMessages":[],"meta":{}},{"ancestorTitles":["review-pipeline spawn budget (Issue #480)"],"fullName":"review-pipeline spawn budget (Issue #480) fails when derived per-minute budget is not below storm rate","status":"passed","title":"fails when derived per-minute budget is not below storm rate","duration":0.7890169999991485,"failureMessages":[],"meta":{}},{"ancestorTitles":["review-pipeline spawn budget (Issue #480)"],"fullName":"review-pipeline spawn budget (Issue #480) extrapolates per-minute rate from short capture windows without flooring elapsedMs","status":"passed","title":"extrapolates per-minute rate from short capture windows without flooring elapsedMs","duration":0.30834999999933643,"failureMessages":[],"meta":{}},{"ancestorTitles":["review-pipeline spawn budget (Issue #480)"],"fullName":"review-pipeline spawn budget (Issue #480) validateJournalRateAttribution rejects machine-specific command paths","status":"passed","title":"validateJournalRateAttribution rejects machine-specific command paths","duration":1.2900950000002922,"failureMessages":[],"meta":{}},{"ancestorTitles":["review-pipeline spawn budget (Issue #480)"],"fullName":"review-pipeline spawn budget (Issue #480) validateJournalRateAttribution accepts committed repo-relative captures","status":"passed","title":"validateJournalRateAttribution accepts committed repo-relative captures","duration":1.4760889999997744,"failureMessages":[],"meta":{}}],"startTime":1783240239132,"endTime":1783240239143.476,"status":"passed","message":"","name":"/home/che/.agent-orchestrator/projects/orchestrator-pack/worktrees/opk-145/scripts/review-pipeline-spawn-budget.test.ts"},{"assertionResults":[{"ancestorTitles":["review-start-supervised-gh-pid"],"fullName":"review-start-supervised-gh-pid stop-helper-binds-without-pid-collision","status":"passed","title":"stop-helper-binds-without-pid-collision","duration":348.8650650000018,"failureMessages":[],"meta":{}},{"ancestorTitles":["review-start-supervised-gh-pid"],"fullName":"review-start-supervised-gh-pid all Stop-ReviewStartSupervisedGhChild callsites use -ProcessId","status":"passed","title":"all Stop-ReviewStartSupervisedGhChild callsites use -ProcessId","duration":7.709487000000081,"failureMessages":[],"meta":{}},{"ancestorTitles":["review-start-supervised-gh-pid"],"fullName":"review-start-supervised-gh-pid reconcile-ownership-loss-cleanup-no-pid-bind-error","status":"passed","title":"reconcile-ownership-loss-cleanup-no-pid-bind-error","duration":921.7030400000003,"failureMessages":[],"meta":{}},{"ancestorTitles":["review-start-supervised-gh-pid"],"fullName":"review-start-supervised-gh-pid static guard passes on scripts tree","status":"passed","title":"static guard passes on scripts tree","duration":3222.680857000003,"failureMessages":[],"meta":{}},{"ancestorTitles":["review-start-supervised-gh-pid"],"fullName":"review-start-supervised-gh-pid static guard fails on reintroduced $Pid parameter declaration","status":"passed","title":"static guard fails on reintroduced $Pid parameter declaration","duration":360.3418239999992,"failureMessages":[],"meta":{}},{"ancestorTitles":["review-start-supervised-gh-pid"],"fullName":"review-start-supervised-gh-pid static guard fails on $Pid parameter with Parameter attribute","status":"passed","title":"static guard fails on $Pid parameter with Parameter attribute","duration":381.7037510000009,"failureMessages":[],"meta":{}},{"ancestorTitles":["review-start-supervised-gh-pid"],"fullName":"review-start-supervised-gh-pid static guard fails on $Pid parameter preceded by line comment","status":"passed","title":"static guard fails on $Pid parameter preceded by line comment","duration":401.15452500000174,"failureMessages":[],"meta":{}},{"ancestorTitles":["review-start-supervised-gh-pid"],"fullName":"review-start-supervised-gh-pid static guard ignores commented documentation param examples","status":"passed","title":"static guard ignores commented documentation param examples","duration":367.4165979999998,"failureMessages":[],"meta":{}}],"startTime":1783240239388,"endTime":1783240245400.4165,"status":"passed","message":"","name":"/home/che/.agent-orchestrator/projects/orchestrator-pack/worktrees/opk-145/scripts/review-start-supervised-gh-pid.test.ts"},{"assertionResults":[{"ancestorTitles":["submit adapter gate (AC9)"],"fullName":"submit adapter gate (AC9) fail-closed on wrong session — no Enter","status":"passed","title":"fail-closed on wrong session — no Enter","duration":0.697996000002604,"failureMessages":[],"meta":{}},{"ancestorTitles":["submit adapter gate (AC9)"],"fullName":"submit adapter gate (AC9) fail-closed when tmux unavailable","status":"passed","title":"fail-closed when tmux unavailable","duration":0.16002199999638833,"failureMessages":[],"meta":{}},{"ancestorTitles":["submit adapter gate (AC9)"],"fullName":"submit adapter gate (AC9) fail-closed when tmux session missing","status":"passed","title":"fail-closed when tmux session missing","duration":0.11830400000326335,"failureMessages":[],"meta":{}},{"ancestorTitles":["submit adapter gate (AC9)"],"fullName":"submit adapter gate (AC9) PowerShell adapter returns fail-closed for wrong session","status":"passed","title":"PowerShell adapter returns fail-closed for wrong session","duration":385.80597699999635,"failureMessages":[],"meta":{}},{"ancestorTitles":["submit adapter gate (AC9)"],"fullName":"submit adapter gate (AC9) PowerShell adapter dry-run succeeds for live tmux session opk-19","status":"passed","title":"PowerShell adapter dry-run succeeds for live tmux session opk-19","duration":4.14579099999537,"failureMessages":[],"meta":{}},{"ancestorTitles":["submit behavior evidence (AC10)"],"fullName":"submit behavior evidence (AC10) documents Enter-only tmux dispatch (observed AO send.js retry pattern)","status":"passed","title":"documents Enter-only tmux dispatch (observed AO send.js retry pattern)","duration":0.3239229999962845,"failureMessages":[],"meta":{}},{"ancestorTitles":["degrade not crash (AC11)"],"fullName":"degrade not crash (AC11) adapter returns structured failure without throwing","status":"passed","title":"adapter returns structured failure without throwing","duration":444.9443919999976,"failureMessages":[],"meta":{}}],"startTime":1783240250359,"endTime":1783240251194.9443,"status":"passed","message":"","name":"/home/che/.agent-orchestrator/projects/orchestrator-pack/worktrees/opk-145/scripts/submit-worker-input-draft.test.ts"},{"assertionResults":[{"ancestorTitles":["worker recovery liveness discrimination"],"fullName":"worker recovery liveness discrimination worker recovery liveness discrimination: dangling gitdir with ownership cleans up only","status":"passed","title":"worker recovery liveness discrimination: dangling gitdir with ownership cleans up only","duration":1.7194849999996222,"failureMessages":[],"meta":{}},{"ancestorTitles":["worker recovery liveness discrimination"],"fullName":"worker recovery liveness discrimination worker recovery liveness discrimination: missing ownership skips destructive action","status":"passed","title":"worker recovery liveness discrimination: missing ownership skips destructive action","duration":0.264948999999433,"failureMessages":[],"meta":{}},{"ancestorTitles":["worker recovery liveness discrimination"],"fullName":"worker recovery liveness discrimination worker recovery liveness discrimination: dangling gitdir cleanup runs worktree remove when absent","status":"passed","title":"worker recovery liveness discrimination: dangling gitdir cleanup runs worktree remove when absent","duration":0.23492999999962194,"failureMessages":[],"meta":{}},{"ancestorTitles":["worker recovery liveness discrimination"],"fullName":"worker recovery liveness discrimination worker recovery liveness discrimination: path-only session id is insufficient ownership","status":"passed","title":"worker recovery liveness discrimination: path-only session id is insufficient ownership","duration":0.3112470000005487,"failureMessages":[],"meta":{}},{"ancestorTitles":["worker recovery liveness discrimination"],"fullName":"worker recovery liveness discrimination worker recovery liveness discrimination: probes worktree presence before eligibility when switch omitted","status":"passed","title":"worker recovery liveness discrimination: probes worktree presence before eligibility when switch omitted","duration":0.45562299999983225,"failureMessages":[],"meta":{}},{"ancestorTitles":["worker recovery liveness discrimination"],"fullName":"worker recovery liveness discrimination worker recovery liveness discrimination: terminated runtime with ownership is eligible","status":"passed","title":"worker recovery liveness discrimination: terminated runtime with ownership is eligible","duration":0.27914700000019366,"failureMessages":[],"meta":{}},{"ancestorTitles":["worker recovery liveness discrimination"],"fullName":"worker recovery liveness discrimination worker recovery liveness discrimination: live session blocks force remove","status":"passed","title":"worker recovery liveness discrimination: live session blocks force remove","duration":0.12572300000010728,"failureMessages":[],"meta":{}},{"ancestorTitles":["worker recovery liveness discrimination"],"fullName":"worker recovery liveness discrimination worker recovery liveness discrimination: present non-live runtime fails closed","status":"passed","title":"worker recovery liveness discrimination: present non-live runtime fails closed","duration":0.11975399999937508,"failureMessages":[],"meta":{}},{"ancestorTitles":["worker recovery claim lifecycle"],"fullName":"worker recovery claim lifecycle worker recovery claim lifecycle: concurrent recovery is single-winner","status":"passed","title":"worker recovery claim lifecycle: concurrent recovery is single-winner","duration":610.937277,"failureMessages":[],"meta":{}},{"ancestorTitles":["worker recovery claim lifecycle"],"fullName":"worker recovery claim lifecycle worker recovery claim lifecycle: re-run after partial failure observes shared audit namespace","status":"passed","title":"worker recovery claim lifecycle: re-run after partial failure observes shared audit namespace","duration":405.5686879999994,"failureMessages":[],"meta":{}},{"ancestorTitles":["worker recovery claim lifecycle"],"fullName":"worker recovery claim lifecycle worker recovery claim lifecycle: claim phase update overwrites active claim under Stop","status":"passed","title":"worker recovery claim lifecycle: claim phase update overwrites active claim under Stop","duration":406.10188799999924,"failureMessages":[],"meta":{}},{"ancestorTitles":["worker recovery claim lifecycle"],"fullName":"worker recovery claim lifecycle worker recovery claim lifecycle: uses PS 5.1-compatible claim overwrite without File.Move(source, dest, overwrite)","status":"passed","title":"worker recovery claim lifecycle: uses PS 5.1-compatible claim overwrite without File.Move(source, dest, overwrite)","duration":0.25239200000032724,"failureMessages":[],"meta":{}},{"ancestorTitles":["worker recovery claim lifecycle"],"fullName":"worker recovery claim lifecycle worker recovery claim lifecycle: mutex acquisition is exclusive mkdir without -Force","status":"passed","title":"worker recovery claim lifecycle: mutex acquisition is exclusive mkdir without -Force","duration":0.2293119999994815,"failureMessages":[],"meta":{}},{"ancestorTitles":["worker recovery claim lifecycle"],"fullName":"worker recovery claim lifecycle worker recovery claim lifecycle: recovers abandoned mutex directory before claim_held","status":"passed","title":"worker recovery claim lifecycle: recovers abandoned mutex directory before claim_held","duration":553.1603419999992,"failureMessages":[],"meta":{}},{"ancestorTitles":["worker recovery claim lifecycle"],"fullName":"worker recovery claim lifecycle worker recovery claim lifecycle: recovers stale active claim before claim_exists","status":"passed","title":"worker recovery claim lifecycle: recovers stale active claim before claim_exists","duration":465.45784599999934,"failureMessages":[],"meta":{}},{"ancestorTitles":["worker recovery post-claim revalidation"],"fullName":"worker recovery post-claim revalidation worker recovery post-claim revalidation: blocks when liveness changes to live","status":"passed","title":"worker recovery post-claim revalidation: blocks when liveness changes to live","duration":0.29487500000141154,"failureMessages":[],"meta":{}},{"ancestorTitles":["worker recovery post-claim revalidation"],"fullName":"worker recovery post-claim revalidation worker recovery post-claim revalidation: blocks when worktree ownership marker changes","status":"passed","title":"worker recovery post-claim revalidation: blocks when worktree ownership marker changes","duration":0.08091300000160118,"failureMessages":[],"meta":{}},{"ancestorTitles":["worker recovery post-claim revalidation"],"fullName":"worker recovery post-claim revalidation worker recovery post-claim revalidation: Invoke-WorkerRecovery reads fresh AO snapshot","status":"passed","title":"worker recovery post-claim revalidation: Invoke-WorkerRecovery reads fresh AO snapshot","duration":0.18792500000017753,"failureMessages":[],"meta":{}},{"ancestorTitles":["worker recovery post-claim revalidation"],"fullName":"worker recovery post-claim revalidation worker recovery destructive audit: persists decision before worktree remove","status":"passed","title":"worker recovery destructive audit: persists decision before worktree remove","duration":0.09742000000005646,"failureMessages":[],"meta":{}},{"ancestorTitles":["worker recovery cleanup failure"],"fullName":"worker recovery cleanup failure worker recovery cleanup failure: non-zero git remove yields partial_failure and ok=false","status":"passed","title":"worker recovery cleanup failure: non-zero git remove yields partial_failure and ok=false","duration":1377.715118,"failureMessages":[],"meta":{}},{"ancestorTitles":["worker recovery cleanup failure"],"fullName":"worker recovery cleanup failure worker recovery cleanup failure: does not spawn when worktree removal fails","status":"passed","title":"worker recovery cleanup failure: does not spawn when worktree removal fails","duration":1370.409877,"failureMessages":[],"meta":{}},{"ancestorTitles":["worker recovery cleanup failure"],"fullName":"worker recovery cleanup failure worker recovery cleanup failure: spawn block skips when cleanup failed","status":"passed","title":"worker recovery cleanup failure: spawn block skips when cleanup failed","duration":0.17455700000027718,"failureMessages":[],"meta":{}},{"ancestorTitles":["worker recovery artifact preservation"],"fullName":"worker recovery artifact preservation worker recovery ownership: namespace membership uses platform separators","status":"passed","title":"worker recovery ownership: namespace membership uses platform separators","duration":0.20586399999956484,"failureMessages":[],"meta":{}},{"ancestorTitles":["worker recovery artifact preservation"],"fullName":"worker recovery artifact preservation worker recovery artifact preservation: dirty tree blocks blind removal","status":"passed","title":"worker recovery artifact preservation: dirty tree blocks blind removal","duration":0.23006100000020524,"failureMessages":[],"meta":{}},{"ancestorTitles":["worker recovery artifact preservation"],"fullName":"worker recovery artifact preservation worker recovery artifact preservation: relevant ignored artifacts block blind removal","status":"passed","title":"worker recovery artifact preservation: relevant ignored artifacts block blind removal","duration":0.6420820000003005,"failureMessages":[],"meta":{}},{"ancestorTitles":["worker recovery artifact preservation"],"fullName":"worker recovery artifact preservation worker recovery artifact preservation: branch without upstream marks unpushed without throwing","status":"passed","title":"worker recovery artifact preservation: branch without upstream marks unpushed without throwing","duration":653.3130829999991,"failureMessages":[],"meta":{}},{"ancestorTitles":["worker recovery artifact preservation"],"fullName":"worker recovery artifact preservation worker recovery artifact preservation: detached HEAD with orphan commit marks unpushed","status":"passed","title":"worker recovery artifact preservation: detached HEAD with orphan commit marks unpushed","duration":655.1027869999998,"failureMessages":[],"meta":{}},{"ancestorTitles":["worker recovery artifact preservation"],"fullName":"worker recovery artifact preservation worker recovery artifact preservation: dirty state handles missing upstream safely","status":"passed","title":"worker recovery artifact preservation: dirty state handles missing upstream safely","duration":0.20284100000026228,"failureMessages":[],"meta":{}},{"ancestorTitles":["worker recovery spawn freshness"],"fullName":"worker recovery spawn freshness worker recovery spawn freshness: local terminated owner allowed when REST unavailable","status":"passed","title":"worker recovery spawn freshness: local terminated owner allowed when REST unavailable","duration":0.13346699999965494,"failureMessages":[],"meta":{}},{"ancestorTitles":["worker recovery spawn freshness"],"fullName":"worker recovery spawn freshness worker recovery spawn freshness: REST closed conflicts with local live mapping","status":"passed","title":"worker recovery spawn freshness: REST closed conflicts with local live mapping","duration":0.05645600000025297,"failureMessages":[],"meta":{}},{"ancestorTitles":["worker recovery spawn freshness"],"fullName":"worker recovery spawn freshness worker recovery spawn freshness: blocks when another live owner occupies worktree","status":"passed","title":"worker recovery spawn freshness: blocks when another live owner occupies worktree","duration":0.17488500000035856,"failureMessages":[],"meta":{}},{"ancestorTitles":["worker recovery spawn freshness"],"fullName":"worker recovery spawn freshness worker recovery spawn freshness: re-reads local AO snapshot before spawn gate","status":"passed","title":"worker recovery spawn freshness: re-reads local AO snapshot before spawn gate","duration":0.15943700000025274,"failureMessages":[],"meta":{}},{"ancestorTitles":["worker recovery bounded retries"],"fullName":"worker recovery bounded retries worker recovery bounded retries: exhausts budget then escalates","status":"passed","title":"worker recovery bounded retries: exhausts budget then escalates","duration":0.10550899999907415,"failureMessages":[],"meta":{}},{"ancestorTitles":["worker recovery bounded retries"],"fullName":"worker recovery bounded retries worker recovery bounded retries: deduplicates terminal and audit records by attemptId","status":"passed","title":"worker recovery bounded retries: deduplicates terminal and audit records by attemptId","duration":525.5575470000003,"failureMessages":[],"meta":{}},{"ancestorTitles":["worker recovery bounded retries"],"fullName":"worker recovery bounded retries worker recovery bounded retries: Invoke-WorkerRecovery applies evaluateRetry before cleanup","status":"passed","title":"worker recovery bounded retries: Invoke-WorkerRecovery applies evaluateRetry before cleanup","duration":0.28515599999991537,"failureMessages":[],"meta":{}},{"ancestorTitles":["worker recovery trigger admission"],"fullName":"worker recovery trigger admission worker recovery trigger admission: plain stuck is not enough","status":"passed","title":"worker recovery trigger admission: plain stuck is not enough","duration":0.15259700000024168,"failureMessages":[],"meta":{}},{"ancestorTitles":["worker recovery git allow binding"],"fullName":"worker recovery git allow binding sanctioned worker recovery parent: candidate path must match claim set","status":"passed","title":"sanctioned worker recovery parent: candidate path must match claim set","duration":0.5255319999996573,"failureMessages":[],"meta":{}},{"ancestorTitles":["worker recovery git allow binding"],"fullName":"worker recovery git allow binding sanctioned worker recovery parent: exact script leaf match denies substring spoof","status":"passed","title":"sanctioned worker recovery parent: exact script leaf match denies substring spoof","duration":1472.9666829999987,"failureMessages":[],"meta":{}},{"ancestorTitles":["worker recovery git allow binding"],"fullName":"worker recovery git allow binding sanctioned worker recovery parent: gate uses exact script leaf not substring match","status":"passed","title":"sanctioned worker recovery parent: gate uses exact script leaf not substring match","duration":0.24017300000014075,"failureMessages":[],"meta":{}},{"ancestorTitles":["worker recovery repository identity / pack-root spawn path (#522 AC#12)"],"fullName":"worker recovery repository identity / pack-root spawn path (#522 AC#12) worker recovery spawn routes from pack root without repository_root_mismatch","status":"passed","title":"worker recovery spawn routes from pack root without repository_root_mismatch","duration":2484.0083240000004,"failureMessages":[],"meta":{}},{"ancestorTitles":["worker recovery repository identity / pack-root spawn path (#522 AC#12)"],"fullName":"worker recovery repository identity / pack-root spawn path (#522 AC#12) worker recovery spawn invokes ao through Invoke-WorkerRecoverySpawn","status":"passed","title":"worker recovery spawn invokes ao through Invoke-WorkerRecoverySpawn","duration":0.36018999999942025,"failureMessages":[],"meta":{}},{"ancestorTitles":["worker recovery positive outcome (#522)"],"fullName":"worker recovery positive outcome (#522) policy-allowed recovery of terminated worker removes only proved-dead worktree in dry-run","status":"passed","title":"policy-allowed recovery of terminated worker removes only proved-dead worktree in dry-run","duration":0.25513299999875017,"failureMessages":[],"meta":{}},{"ancestorTitles":["worker recovery path canonicalization"],"fullName":"worker recovery path canonicalization worker recovery path canonicalization: resolves symlink variants","status":"passed","title":"worker recovery path canonicalization: resolves symlink variants","duration":4.454905999999028,"failureMessages":[],"meta":{}},{"ancestorTitles":["worker recovery shared entrypoint namespace (#522 AC#19)"],"fullName":"worker recovery shared entrypoint namespace (#522 AC#19) two entrypoints share machine-local namespace outside denylisted dirs","status":"passed","title":"two entrypoints share machine-local namespace outside denylisted dirs","duration":342.60971000000063,"failureMessages":[],"meta":{}},{"ancestorTitles":["worker recovery worktree list parsing"],"fullName":"worker recovery worktree list parsing parses porcelain worktree list records","status":"passed","title":"parses porcelain worktree list records","duration":0.7616710000002058,"failureMessages":[],"meta":{}},{"ancestorTitles":["invoke-worker-recovery entrypoint"],"fullName":"invoke-worker-recovery entrypoint invoke-worker-recovery loads AO session snapshot when SessionId is provided","status":"passed","title":"invoke-worker-recovery loads AO session snapshot when SessionId is provided","duration":0.14078900000095018,"failureMessages":[],"meta":{}},{"ancestorTitles":["invoke-worker-recovery entrypoint"],"fullName":"invoke-worker-recovery entrypoint invoke-worker-recovery forwards WorktreePresent only when caller bound the switch","status":"passed","title":"invoke-worker-recovery forwards WorktreePresent only when caller bound the switch","duration":0.15184299999964423,"failureMessages":[],"meta":{}}],"startTime":1783240224902,"endTime":1783240235691.0083,"status":"passed","message":"","name":"/home/che/.agent-orchestrator/projects/orchestrator-pack/worktrees/opk-145/scripts/worker-recovery.test.ts"},{"assertionResults":[{"ancestorTitles":["reviewer effective budget (AC#1)"],"fullName":"reviewer effective budget (AC#1) records effectiveBudgetMs and derived soft/test budgets","status":"passed","title":"records effectiveBudgetMs and derived soft/test budgets","duration":1.0231189999976777,"failureMessages":[],"meta":{}},{"ancestorTitles":["reviewer effective budget (AC#1)"],"fullName":"reviewer effective budget (AC#1) executeReview timeout fixture emits reviewer evidence with effectiveBudgetMs","status":"passed","title":"executeReview timeout fixture emits reviewer evidence with effectiveBudgetMs","duration":1.9888040000005276,"failureMessages":[],"meta":{}},{"ancestorTitles":["command-guard platform shims"],"fullName":"command-guard platform shims ships Windows cmd/ps1 shims beside POSIX wrappers","status":"passed","title":"ships Windows cmd/ps1 shims beside POSIX wrappers","duration":0.39471899999989546,"failureMessages":[],"meta":{}},{"ancestorTitles":["reviewer test budget guard (AC#2)"],"fullName":"reviewer test budget guard (AC#2) classifies PR #457-class supervisor tests as slow_test","status":"passed","title":"classifies PR #457-class supervisor tests as slow_test","duration":1.0711219999975583,"failureMessages":[],"meta":{}},{"ancestorTitles":["reviewer test budget guard (AC#2)"],"fullName":"reviewer test budget guard (AC#2) denies slow/full-suite commands via command_budget evaluation","status":"passed","title":"denies slow/full-suite commands via command_budget evaluation","duration":0.2589459999981045,"failureMessages":[],"meta":{}},{"ancestorTitles":["reviewer test budget guard (AC#2)"],"fullName":"reviewer test budget guard (AC#2) exec-level PATH guard blocks slow supervisor test invocation","status":"passed","title":"exec-level PATH guard blocks slow supervisor test invocation","duration":22.595190000000002,"failureMessages":[],"meta":{}},{"ancestorTitles":["reviewer test budget guard (AC#2)"],"fullName":"reviewer test budget guard (AC#2) exec-level PATH guard blocks bare npm test as full_suite","status":"passed","title":"exec-level PATH guard blocks bare npm test as full_suite","duration":23.93162999999913,"failureMessages":[],"meta":{}},{"ancestorTitles":["reviewer test budget guard (AC#2)"],"fullName":"reviewer test budget guard (AC#2) exec-level PATH guard classifies bare npm test as full_suite","status":"passed","title":"exec-level PATH guard classifies bare npm test as full_suite","duration":174.5536170000014,"failureMessages":[],"meta":{}},{"ancestorTitles":["reviewer test budget guard (AC#2)"],"fullName":"reviewer test budget guard (AC#2) exec-level PATH guard blocks yarn test via wrapper","status":"passed","title":"exec-level PATH guard blocks yarn test via wrapper","duration":23.51371399999698,"failureMessages":[],"meta":{}},{"ancestorTitles":["reviewer test budget guard (AC#2)"],"fullName":"reviewer test budget guard (AC#2) exec-level PATH guard uses millisecond clock under budget","status":"passed","title":"exec-level PATH guard uses millisecond clock under budget","duration":12.559554999999818,"failureMessages":[],"meta":{}},{"ancestorTitles":["reviewer test budget guard (AC#2)"],"fullName":"reviewer test budget guard (AC#2) prompt-only skip guidance is insufficient without guard enforcement","status":"passed","title":"prompt-only skip guidance is insufficient without guard enforcement","duration":0.13093599999774597,"failureMessages":[],"meta":{}},{"ancestorTitles":["timeout/no-verdict classification (AC#3)"],"fullName":"timeout/no-verdict classification (AC#3) distinguishes timeout_no_verdict from empty_output and parse_error","status":"passed","title":"distinguishes timeout_no_verdict from empty_output and parse_error","duration":0.14102400000047055,"failureMessages":[],"meta":{}},{"ancestorTitles":["timeout/no-verdict classification (AC#3)"],"fullName":"timeout/no-verdict classification (AC#3) emits structured timeout evidence marker","status":"passed","title":"emits structured timeout evidence marker","duration":0.12828500000250642,"failureMessages":[],"meta":{}},{"ancestorTitles":["timeout/no-verdict classification (AC#3)"],"fullName":"timeout/no-verdict classification (AC#3) executeReview empty output remains empty_output not timeout","status":"passed","title":"executeReview empty output remains empty_output not timeout","duration":0.8386510000018461,"failureMessages":[],"meta":{}},{"ancestorTitles":["scenario matrix rows (AC#6 subset)"],"fullName":"scenario matrix rows (AC#6 subset) verdict ready under budget stays clean when fixture is NO_FINDINGS","status":"passed","title":"verdict ready under budget stays clean when fixture is NO_FINDINGS","duration":0.7908629999983532,"failureMessages":[],"meta":{}},{"ancestorTitles":["scenario matrix rows (AC#6 subset)"],"fullName":"scenario matrix rows (AC#6 subset) full suite requested is denied before reviewer hard kill","status":"passed","title":"full suite requested is denied before reviewer hard kill","duration":0.09331100000053993,"failureMessages":[],"meta":{}}],"startTime":1783240235932,"endTime":1783240236196.7908,"status":"passed","message":"","name":"/home/che/.agent-orchestrator/projects/orchestrator-pack/worktrees/opk-145/plugins/ao-codex-pr-reviewer/tests/reviewer-budget.test.ts"},{"assertionResults":[{"ancestorTitles":["declare CLI entrypoint"],"fullName":"declare CLI entrypoint handles direct invocation without crashing on argv path comparison","status":"passed","title":"handles direct invocation without crashing on argv path comparison","duration":109.81474900000467,"failureMessages":[],"meta":{}},{"ancestorTitles":["declare CLI entrypoint"],"fullName":"declare CLI entrypoint runs when invoked through the workspace package bin link","status":"passed","title":"runs when invoked through the workspace package bin link","duration":109.24901200000022,"failureMessages":[],"meta":{}}],"startTime":1783240251337,"endTime":1783240251556.249,"status":"passed","message":"","name":"/home/che/.agent-orchestrator/projects/orchestrator-pack/worktrees/opk-145/plugins/ao-task-declaration/tests/declare.test.ts"}]}